Console output is being logged to: /home/gyf/HC/Multimodal-Sentiment-Analysis/Pytorch/record/M_fusion_05月17日_05时56分01秒.log
Config(version='For Mosi 7992', log_dir='../record', dropout_rate=0.7, batch_size=4, shuffle=True, learning_rate=0.0001, epochs=10000, random_seed=42, L1=1e-07, L2=1e-09)
Data loaded and processed.
设计了一个融合广播机制
Epoch 1, Train Loss: 71523538842658264.0000, Test Loss: 21734034.2159, Test Accuracy: 49.20%, Best Test Accuracy: 49.20%
Epoch 2, Train Loss: 29803676350072152.0000, Test Loss: 22375713.9773, Test Accuracy: 49.67%, Best Test Accuracy: 49.67%
Epoch 3, Train Loss: 196011722819113664.0000, Test Loss: 28029386.2726, Test Accuracy: 49.53%, Best Test Accuracy: 49.67%
Epoch 4, Train Loss: 47880538354066920.0000, Test Loss: 26126947.3312, Test Accuracy: 49.07%, Best Test Accuracy: 49.67%
Epoch 5, Train Loss: 7820908360002940.0000, Test Loss: 27048391.9717, Test Accuracy: 49.47%, Best Test Accuracy: 49.67%
Epoch 6, Train Loss: 36771256244229576.0000, Test Loss: 25496324.8792, Test Accuracy: 49.07%, Best Test Accuracy: 49.67%
Epoch 7, Train Loss: 56376375760354024.0000, Test Loss: 25285577.3255, Test Accuracy: 49.20%, Best Test Accuracy: 49.67%
Epoch 8, Train Loss: 10194216461837378.0000, Test Loss: 25258301.0320, Test Accuracy: 49.47%, Best Test Accuracy: 49.67%
Epoch 9, Train Loss: 18370875228908848.0000, Test Loss: 24827178.9605, Test Accuracy: 49.27%, Best Test Accuracy: 49.67%
Epoch 10, Train Loss: 46191287846119848.0000, Test Loss: 22483415.7561, Test Accuracy: 49.53%, Best Test Accuracy: 49.67%
Epoch 11, Train Loss: 9384869077712504.0000, Test Loss: 22139817.6586, Test Accuracy: 49.47%, Best Test Accuracy: 49.67%
Epoch 12, Train Loss: 9083438684300062.0000, Test Loss: 21615890.5065, Test Accuracy: 49.80%, Best Test Accuracy: 49.80%
Epoch 13, Train Loss: 15916686705092774.0000, Test Loss: 21470208.9755, Test Accuracy: 49.53%, Best Test Accuracy: 49.80%
Epoch 14, Train Loss: 157015693830524256.0000, Test Loss: 22281490.4965, Test Accuracy: 49.34%, Best Test Accuracy: 49.80%
Epoch 15, Train Loss: 56996313186334440.0000, Test Loss: 23739614.2032, Test Accuracy: 49.60%, Best Test Accuracy: 49.80%
Epoch 16, Train Loss: 29793075538573512.0000, Test Loss: 22528716.6947, Test Accuracy: 49.27%, Best Test Accuracy: 49.80%
Epoch 17, Train Loss: 62163011788216080.0000, Test Loss: 20463239.8513, Test Accuracy: 49.67%, Best Test Accuracy: 49.80%
Epoch 18, Train Loss: 308240959684591232.0000, Test Loss: 17280743.8818, Test Accuracy: 49.53%, Best Test Accuracy: 49.80%
Epoch 19, Train Loss: 6066825296262621.0000, Test Loss: 16919263.2638, Test Accuracy: 49.40%, Best Test Accuracy: 49.80%
Epoch 20, Train Loss: 16519505589608708.0000, Test Loss: 17051854.2352, Test Accuracy: 49.60%, Best Test Accuracy: 49.80%
Epoch 21, Train Loss: 17509404874760504.0000, Test Loss: 17148475.4146, Test Accuracy: 49.67%, Best Test Accuracy: 49.80%
Epoch 22, Train Loss: 13885869729825956.0000, Test Loss: 17279165.2961, Test Accuracy: 49.80%, Best Test Accuracy: 49.80%
Epoch 23, Train Loss: 20936687645590704.0000, Test Loss: 18094628.5721, Test Accuracy: 49.20%, Best Test Accuracy: 49.80%
Epoch 24, Train Loss: 312511702093852160.0000, Test Loss: 20953723.4042, Test Accuracy: 49.40%, Best Test Accuracy: 49.80%
Epoch 25, Train Loss: 19596682764847356.0000, Test Loss: 20968581.6779, Test Accuracy: 49.47%, Best Test Accuracy: 49.80%
Epoch 26, Train Loss: 22125134844398260.0000, Test Loss: 20891349.1568, Test Accuracy: 49.34%, Best Test Accuracy: 49.80%
Epoch 27, Train Loss: 4442644125830406.5000, Test Loss: 20827197.2154, Test Accuracy: 49.20%, Best Test Accuracy: 49.80%
Epoch 28, Train Loss: 15318434234192134.0000, Test Loss: 20837101.1627, Test Accuracy: 49.20%, Best Test Accuracy: 49.80%
Epoch 29, Train Loss: 6737630557375005.0000, Test Loss: 20861112.0933, Test Accuracy: 49.20%, Best Test Accuracy: 49.80%
Epoch 30, Train Loss: 9167963410987478.0000, Test Loss: 20829612.1387, Test Accuracy: 49.20%, Best Test Accuracy: 49.80%
Epoch 31, Train Loss: 45596255030152016.0000, Test Loss: 18918979.6611, Test Accuracy: 49.60%, Best Test Accuracy: 49.80%
Epoch 32, Train Loss: 9956844024616832.0000, Test Loss: 18948765.8190, Test Accuracy: 49.67%, Best Test Accuracy: 49.80%
Epoch 33, Train Loss: 10164017602083412.0000, Test Loss: 18909860.3535, Test Accuracy: 49.80%, Best Test Accuracy: 49.80%
Epoch 34, Train Loss: 7613126047792178.0000, Test Loss: 18828768.4624, Test Accuracy: 49.67%, Best Test Accuracy: 49.80%
Epoch 35, Train Loss: 33458553934353980.0000, Test Loss: 18797185.0096, Test Accuracy: 49.80%, Best Test Accuracy: 49.80%
Epoch 36, Train Loss: 6756712698441635.0000, Test Loss: 18755360.5545, Test Accuracy: 49.73%, Best Test Accuracy: 49.80%
Epoch 37, Train Loss: 92216323098498304.0000, Test Loss: 23983551.6707, Test Accuracy: 49.47%, Best Test Accuracy: 49.80%
Epoch 38, Train Loss: 4092791508427973.0000, Test Loss: 23954350.2688, Test Accuracy: 49.47%, Best Test Accuracy: 49.80%
Epoch 39, Train Loss: 4477921083395011.5000, Test Loss: 23894794.5060, Test Accuracy: 49.53%, Best Test Accuracy: 49.80%
Epoch 40, Train Loss: 12095950565334238.0000, Test Loss: 23972043.1513, Test Accuracy: 49.47%, Best Test Accuracy: 49.80%
Epoch 41, Train Loss: 59755322463847912.0000, Test Loss: 20081350.4332, Test Accuracy: 49.80%, Best Test Accuracy: 49.80%
Epoch 42, Train Loss: 23889123935811220.0000, Test Loss: 20021695.5193, Test Accuracy: 49.73%, Best Test Accuracy: 49.80%
Epoch 43, Train Loss: 14442456927846578.0000, Test Loss: 19643689.1665, Test Accuracy: 49.93%, Best Test Accuracy: 49.93%
Epoch 44, Train Loss: 4933240576153873.0000, Test Loss: 19744079.3326, Test Accuracy: 49.60%, Best Test Accuracy: 49.93%
Epoch 45, Train Loss: 75754544733391760.0000, Test Loss: 19436289.8843, Test Accuracy: 49.27%, Best Test Accuracy: 49.93%
Epoch 46, Train Loss: 14627039963548302.0000, Test Loss: 19403942.5488, Test Accuracy: 49.34%, Best Test Accuracy: 49.93%
Epoch 47, Train Loss: 16413682644945256.0000, Test Loss: 19617845.2154, Test Accuracy: 49.34%, Best Test Accuracy: 49.93%
Epoch 48, Train Loss: 29411050371201160.0000, Test Loss: 18967233.4367, Test Accuracy: 49.27%, Best Test Accuracy: 49.93%
Epoch 49, Train Loss: 134295984636011536.0000, Test Loss: 19794619.3707, Test Accuracy: 49.14%, Best Test Accuracy: 49.93%
Epoch 50, Train Loss: 69842977512103112.0000, Test Loss: 19433837.4718, Test Accuracy: 49.14%, Best Test Accuracy: 49.93%
Epoch 51, Train Loss: 70907329536453296.0000, Test Loss: 21673833.4213, Test Accuracy: 48.87%, Best Test Accuracy: 49.93%
Epoch 52, Train Loss: 313300957138357952.0000, Test Loss: 17218061.3175, Test Accuracy: 48.87%, Best Test Accuracy: 49.93%
Epoch 53, Train Loss: 26295817412314588.0000, Test Loss: 17223546.7578, Test Accuracy: 49.00%, Best Test Accuracy: 49.93%
Epoch 54, Train Loss: 6731452085753470.0000, Test Loss: 17203570.1903, Test Accuracy: 49.00%, Best Test Accuracy: 49.93%
Epoch 55, Train Loss: 119060950459955888.0000, Test Loss: 16469668.8339, Test Accuracy: 48.67%, Best Test Accuracy: 49.93%
Epoch 56, Train Loss: 91005568357235792.0000, Test Loss: 16730032.9873, Test Accuracy: 48.60%, Best Test Accuracy: 49.93%
Epoch 57, Train Loss: 42976942456960088.0000, Test Loss: 16886703.0671, Test Accuracy: 48.67%, Best Test Accuracy: 49.93%
Epoch 58, Train Loss: 8683880820816783.0000, Test Loss: 16902833.2315, Test Accuracy: 48.67%, Best Test Accuracy: 49.93%
Epoch 59, Train Loss: 9383254288420128.0000, Test Loss: 16936542.1151, Test Accuracy: 48.67%, Best Test Accuracy: 49.93%
Epoch 60, Train Loss: 4320894224044251.0000, Test Loss: 16954972.8041, Test Accuracy: 48.60%, Best Test Accuracy: 49.93%
Epoch 61, Train Loss: 82868775477366304.0000, Test Loss: 17093585.8389, Test Accuracy: 48.67%, Best Test Accuracy: 49.93%
Epoch 62, Train Loss: 16725342796838906.0000, Test Loss: 17216711.3231, Test Accuracy: 48.74%, Best Test Accuracy: 49.93%
Epoch 63, Train Loss: 7352358092923786.0000, Test Loss: 17207365.5351, Test Accuracy: 48.67%, Best Test Accuracy: 49.93%
Epoch 64, Train Loss: 6412323884047803.0000, Test Loss: 17226669.9872, Test Accuracy: 48.74%, Best Test Accuracy: 49.93%
Epoch 65, Train Loss: 14400364667050332.0000, Test Loss: 17182447.2993, Test Accuracy: 48.67%, Best Test Accuracy: 49.93%
Epoch 66, Train Loss: 98115758283269024.0000, Test Loss: 16691727.3410, Test Accuracy: 48.67%, Best Test Accuracy: 49.93%
Epoch 67, Train Loss: 7785964098231590.0000, Test Loss: 16702220.0720, Test Accuracy: 48.60%, Best Test Accuracy: 49.93%
Epoch 68, Train Loss: 11389652262780238.0000, Test Loss: 16759099.5501, Test Accuracy: 48.60%, Best Test Accuracy: 49.93%
Epoch 69, Train Loss: 3726303214171842.5000, Test Loss: 16783219.8122, Test Accuracy: 48.67%, Best Test Accuracy: 49.93%
Epoch 70, Train Loss: 10069265701286308.0000, Test Loss: 16837442.0003, Test Accuracy: 48.67%, Best Test Accuracy: 49.93%
Epoch 71, Train Loss: 14054775711703924.0000, Test Loss: 16859463.0337, Test Accuracy: 48.67%, Best Test Accuracy: 49.93%
Epoch 72, Train Loss: 7214920102856003.0000, Test Loss: 16850267.4901, Test Accuracy: 48.74%, Best Test Accuracy: 49.93%
Epoch 73, Train Loss: 47516173240155696.0000, Test Loss: 16757133.9375, Test Accuracy: 48.80%, Best Test Accuracy: 49.93%
Epoch 74, Train Loss: 6691843746768041.0000, Test Loss: 16767263.5472, Test Accuracy: 49.07%, Best Test Accuracy: 49.93%
Epoch 75, Train Loss: 26374537153899168.0000, Test Loss: 16868728.0543, Test Accuracy: 49.00%, Best Test Accuracy: 49.93%
Epoch 76, Train Loss: 40636027587033248.0000, Test Loss: 17258874.0521, Test Accuracy: 49.00%, Best Test Accuracy: 49.93%
Epoch 77, Train Loss: 4754016156025101.0000, Test Loss: 17254536.1822, Test Accuracy: 49.00%, Best Test Accuracy: 49.93%
Epoch 78, Train Loss: 336775055260453824.0000, Test Loss: 18074250.9088, Test Accuracy: 48.67%, Best Test Accuracy: 49.93%
Epoch 79, Train Loss: 322515141602417600.0000, Test Loss: 18304489.6859, Test Accuracy: 48.74%, Best Test Accuracy: 49.93%
Epoch 80, Train Loss: 53127743362729480.0000, Test Loss: 19127978.0326, Test Accuracy: 48.74%, Best Test Accuracy: 49.93%
Epoch 81, Train Loss: 12510757153483620.0000, Test Loss: 19194599.6538, Test Accuracy: 48.67%, Best Test Accuracy: 49.93%
Epoch 82, Train Loss: 16402965227085168.0000, Test Loss: 19200443.6732, Test Accuracy: 48.74%, Best Test Accuracy: 49.93%
Epoch 83, Train Loss: 12051811304283430.0000, Test Loss: 19162410.4722, Test Accuracy: 48.74%, Best Test Accuracy: 49.93%
Epoch 84, Train Loss: 18782350080759252.0000, Test Loss: 18907041.9202, Test Accuracy: 48.67%, Best Test Accuracy: 49.93%
Epoch 85, Train Loss: 16074660492332890.0000, Test Loss: 18932131.3709, Test Accuracy: 48.74%, Best Test Accuracy: 49.93%
Epoch 86, Train Loss: 12475308312965328.0000, Test Loss: 18830318.6144, Test Accuracy: 48.67%, Best Test Accuracy: 49.93%
Epoch 87, Train Loss: 7457399147255931.0000, Test Loss: 18908405.9159, Test Accuracy: 48.67%, Best Test Accuracy: 49.93%
Epoch 88, Train Loss: 17491093856995212.0000, Test Loss: 18859803.9586, Test Accuracy: 48.67%, Best Test Accuracy: 49.93%
Epoch 89, Train Loss: 397358384289918144.0000, Test Loss: 14627927.1439, Test Accuracy: 48.47%, Best Test Accuracy: 49.93%
Epoch 90, Train Loss: 37627806168386520.0000, Test Loss: 14701971.2660, Test Accuracy: 48.47%, Best Test Accuracy: 49.93%
Epoch 91, Train Loss: 11608489198309548.0000, Test Loss: 13668306.9682, Test Accuracy: 48.80%, Best Test Accuracy: 49.93%
Epoch 92, Train Loss: 36501465134783560.0000, Test Loss: 13649864.4820, Test Accuracy: 48.87%, Best Test Accuracy: 49.93%
Epoch 93, Train Loss: 7985961548518764.0000, Test Loss: 13653719.7610, Test Accuracy: 48.80%, Best Test Accuracy: 49.93%
Epoch 94, Train Loss: 96415163844690720.0000, Test Loss: 13723966.6106, Test Accuracy: 48.67%, Best Test Accuracy: 49.93%
Epoch 95, Train Loss: 10744556323051098.0000, Test Loss: 13724308.3434, Test Accuracy: 48.80%, Best Test Accuracy: 49.93%
Epoch 96, Train Loss: 18065634402887912.0000, Test Loss: 13716851.7134, Test Accuracy: 48.80%, Best Test Accuracy: 49.93%
Epoch 97, Train Loss: 20717341193378920.0000, Test Loss: 13716589.6966, Test Accuracy: 48.80%, Best Test Accuracy: 49.93%
Epoch 98, Train Loss: 53053718344430728.0000, Test Loss: 13742360.6610, Test Accuracy: 48.80%, Best Test Accuracy: 49.93%
Epoch 99, Train Loss: 56046609136033904.0000, Test Loss: 13755820.5501, Test Accuracy: 48.80%, Best Test Accuracy: 49.93%
Epoch 100, Train Loss: 73513132397469280.0000, Test Loss: 13830123.6677, Test Accuracy: 49.00%, Best Test Accuracy: 49.93%
Epoch 101, Train Loss: 51911024919654080.0000, Test Loss: 13845076.5351, Test Accuracy: 48.94%, Best Test Accuracy: 49.93%
Epoch 102, Train Loss: 45123129649857368.0000, Test Loss: 13875661.3615, Test Accuracy: 48.60%, Best Test Accuracy: 49.93%
Epoch 103, Train Loss: 35686675113102648.0000, Test Loss: 13898038.3754, Test Accuracy: 48.54%, Best Test Accuracy: 49.93%
Epoch 104, Train Loss: 18524343356004032.0000, Test Loss: 13894833.7592, Test Accuracy: 48.47%, Best Test Accuracy: 49.93%
Epoch 105, Train Loss: 11030298816833776.0000, Test Loss: 13918660.3586, Test Accuracy: 48.54%, Best Test Accuracy: 49.93%
Epoch 106, Train Loss: 92028628010416784.0000, Test Loss: 13969781.7664, Test Accuracy: 48.34%, Best Test Accuracy: 49.93%
Epoch 107, Train Loss: 6968255786203046.0000, Test Loss: 13972425.1351, Test Accuracy: 48.27%, Best Test Accuracy: 49.93%
Epoch 108, Train Loss: 141447043072745728.0000, Test Loss: 14113570.6281, Test Accuracy: 48.27%, Best Test Accuracy: 49.93%
Epoch 109, Train Loss: 7702769494638657.0000, Test Loss: 14119220.7468, Test Accuracy: 48.27%, Best Test Accuracy: 49.93%
Epoch 110, Train Loss: 8680423596082311.0000, Test Loss: 14124528.7426, Test Accuracy: 48.27%, Best Test Accuracy: 49.93%
Epoch 111, Train Loss: 10191767517749560.0000, Test Loss: 14122752.8559, Test Accuracy: 48.27%, Best Test Accuracy: 49.93%
Epoch 112, Train Loss: 8238602067253272.0000, Test Loss: 14124856.6821, Test Accuracy: 48.14%, Best Test Accuracy: 49.93%
Epoch 113, Train Loss: 46655715645099952.0000, Test Loss: 14170087.8802, Test Accuracy: 48.27%, Best Test Accuracy: 49.93%
Epoch 114, Train Loss: 30190022354373160.0000, Test Loss: 14174869.2808, Test Accuracy: 48.34%, Best Test Accuracy: 49.93%
Epoch 115, Train Loss: 102123104383626752.0000, Test Loss: 14232880.9590, Test Accuracy: 48.34%, Best Test Accuracy: 49.93%
Epoch 116, Train Loss: 10817008469000100.0000, Test Loss: 14232814.6120, Test Accuracy: 48.40%, Best Test Accuracy: 49.93%
Epoch 117, Train Loss: 9067490249466674.0000, Test Loss: 14240209.2086, Test Accuracy: 48.40%, Best Test Accuracy: 49.93%
Epoch 118, Train Loss: 116115237677194080.0000, Test Loss: 14186207.2166, Test Accuracy: 48.01%, Best Test Accuracy: 49.93%
Epoch 119, Train Loss: 10281779732474884.0000, Test Loss: 14189119.0355, Test Accuracy: 48.01%, Best Test Accuracy: 49.93%
Epoch 120, Train Loss: 11891242104800896.0000, Test Loss: 14194993.6825, Test Accuracy: 48.01%, Best Test Accuracy: 49.93%
Epoch 121, Train Loss: 6365824107818754.0000, Test Loss: 14198450.7610, Test Accuracy: 48.01%, Best Test Accuracy: 49.93%
Epoch 122, Train Loss: 333867974735896640.0000, Test Loss: 14225948.3679, Test Accuracy: 48.40%, Best Test Accuracy: 49.93%
Epoch 123, Train Loss: 69833782751296272.0000, Test Loss: 14323315.0743, Test Accuracy: 48.34%, Best Test Accuracy: 49.93%
Epoch 124, Train Loss: 18622249924459924.0000, Test Loss: 14332522.3652, Test Accuracy: 48.34%, Best Test Accuracy: 49.93%
Epoch 125, Train Loss: 516198775110673920.0000, Test Loss: 14521617.8965, Test Accuracy: 48.01%, Best Test Accuracy: 49.93%
Epoch 126, Train Loss: 3044914925709546.5000, Test Loss: 14526616.2201, Test Accuracy: 48.01%, Best Test Accuracy: 49.93%
Epoch 127, Train Loss: 20707964304867340.0000, Test Loss: 14534328.9315, Test Accuracy: 48.01%, Best Test Accuracy: 49.93%
Epoch 128, Train Loss: 94150470444938032.0000, Test Loss: 14558729.1743, Test Accuracy: 47.81%, Best Test Accuracy: 49.93%
Epoch 129, Train Loss: 19503771540296712.0000, Test Loss: 14573509.9069, Test Accuracy: 47.81%, Best Test Accuracy: 49.93%
Epoch 130, Train Loss: 17709233769104692.0000, Test Loss: 14586119.8449, Test Accuracy: 47.81%, Best Test Accuracy: 49.93%
Epoch 131, Train Loss: 3485066552339609.5000, Test Loss: 14586933.8345, Test Accuracy: 47.81%, Best Test Accuracy: 49.93%
Epoch 132, Train Loss: 47297399592260968.0000, Test Loss: 14618874.9265, Test Accuracy: 47.81%, Best Test Accuracy: 49.93%
Epoch 133, Train Loss: 24994839733660292.0000, Test Loss: 14647870.3363, Test Accuracy: 47.67%, Best Test Accuracy: 49.93%
Epoch 134, Train Loss: 13855701784337806.0000, Test Loss: 14652036.3105, Test Accuracy: 47.61%, Best Test Accuracy: 49.93%
Epoch 135, Train Loss: 5006962981926475.0000, Test Loss: 14656425.2525, Test Accuracy: 47.61%, Best Test Accuracy: 49.93%
Epoch 136, Train Loss: 19831227208698396.0000, Test Loss: 14676976.5150, Test Accuracy: 47.67%, Best Test Accuracy: 49.93%
Epoch 137, Train Loss: 66035936749636496.0000, Test Loss: 14664893.0451, Test Accuracy: 47.67%, Best Test Accuracy: 49.93%
Epoch 138, Train Loss: 86832112713568528.0000, Test Loss: 14884027.0413, Test Accuracy: 47.41%, Best Test Accuracy: 49.93%
Epoch 139, Train Loss: 32115900362419464.0000, Test Loss: 14917057.1287, Test Accuracy: 47.34%, Best Test Accuracy: 49.93%
Epoch 140, Train Loss: 40054405711117536.0000, Test Loss: 14982224.0997, Test Accuracy: 47.34%, Best Test Accuracy: 49.93%
Epoch 141, Train Loss: 3731127824239772.5000, Test Loss: 14984917.2671, Test Accuracy: 47.34%, Best Test Accuracy: 49.93%
Epoch 142, Train Loss: 6002973356596566.0000, Test Loss: 14986016.4226, Test Accuracy: 47.34%, Best Test Accuracy: 49.93%
Epoch 143, Train Loss: 26331306967562164.0000, Test Loss: 14994014.0783, Test Accuracy: 47.27%, Best Test Accuracy: 49.93%
Epoch 144, Train Loss: 5331342258694116.0000, Test Loss: 14999077.8802, Test Accuracy: 47.27%, Best Test Accuracy: 49.93%
Epoch 145, Train Loss: 22781018945332604.0000, Test Loss: 15019187.9573, Test Accuracy: 47.21%, Best Test Accuracy: 49.93%
Epoch 146, Train Loss: 23908914879114708.0000, Test Loss: 15041539.1059, Test Accuracy: 47.21%, Best Test Accuracy: 49.93%
Epoch 147, Train Loss: 35946770476381396.0000, Test Loss: 15109289.6986, Test Accuracy: 47.14%, Best Test Accuracy: 49.93%
Epoch 148, Train Loss: 12281246265395280.0000, Test Loss: 15107020.0358, Test Accuracy: 47.14%, Best Test Accuracy: 49.93%
Epoch 149, Train Loss: 8485410087537953.0000, Test Loss: 15109854.3402, Test Accuracy: 47.07%, Best Test Accuracy: 49.93%
Epoch 150, Train Loss: 7426933653884473.0000, Test Loss: 15112281.2043, Test Accuracy: 47.07%, Best Test Accuracy: 49.93%
Epoch 151, Train Loss: 42966801425919880.0000, Test Loss: 15157904.5593, Test Accuracy: 47.21%, Best Test Accuracy: 49.93%
Epoch 152, Train Loss: 8945337928481050.0000, Test Loss: 15168200.2965, Test Accuracy: 47.14%, Best Test Accuracy: 49.93%
Epoch 153, Train Loss: 8445043622966804.0000, Test Loss: 15177492.1306, Test Accuracy: 47.21%, Best Test Accuracy: 49.93%
Epoch 154, Train Loss: 46955874311267168.0000, Test Loss: 15258903.7908, Test Accuracy: 47.41%, Best Test Accuracy: 49.93%
Epoch 155, Train Loss: 21599897805783624.0000, Test Loss: 15278923.0371, Test Accuracy: 47.47%, Best Test Accuracy: 49.93%
Epoch 156, Train Loss: 256233429183595808.0000, Test Loss: 14975486.6163, Test Accuracy: 48.14%, Best Test Accuracy: 49.93%
Epoch 157, Train Loss: 119764764529802288.0000, Test Loss: 14897374.4680, Test Accuracy: 48.34%, Best Test Accuracy: 49.93%
Epoch 158, Train Loss: 38359532654408072.0000, Test Loss: 14939242.8074, Test Accuracy: 48.27%, Best Test Accuracy: 49.93%
Epoch 159, Train Loss: 125496738510448512.0000, Test Loss: 14928361.7070, Test Accuracy: 48.27%, Best Test Accuracy: 49.93%
Epoch 160, Train Loss: 40520178919273504.0000, Test Loss: 14966262.4952, Test Accuracy: 48.01%, Best Test Accuracy: 49.93%
Epoch 161, Train Loss: 11099533851573076.0000, Test Loss: 14976919.6814, Test Accuracy: 48.01%, Best Test Accuracy: 49.93%
Epoch 162, Train Loss: 22621556408701868.0000, Test Loss: 14987908.2603, Test Accuracy: 48.01%, Best Test Accuracy: 49.93%
Epoch 163, Train Loss: 16908373340017212.0000, Test Loss: 14995887.2657, Test Accuracy: 48.01%, Best Test Accuracy: 49.93%
Epoch 164, Train Loss: 15444581836445654.0000, Test Loss: 15003518.3561, Test Accuracy: 48.01%, Best Test Accuracy: 49.93%
Epoch 165, Train Loss: 7279239430627694.0000, Test Loss: 15008047.3727, Test Accuracy: 48.01%, Best Test Accuracy: 49.93%
Epoch 166, Train Loss: 18723296812432580.0000, Test Loss: 15009817.9480, Test Accuracy: 48.07%, Best Test Accuracy: 49.93%
Epoch 167, Train Loss: 75590419002523040.0000, Test Loss: 15193982.4558, Test Accuracy: 48.01%, Best Test Accuracy: 49.93%
Epoch 168, Train Loss: 9586692093404734.0000, Test Loss: 15197234.6100, Test Accuracy: 47.94%, Best Test Accuracy: 49.93%
Epoch 169, Train Loss: 13935564978582224.0000, Test Loss: 15214389.1792, Test Accuracy: 47.94%, Best Test Accuracy: 49.93%
Epoch 170, Train Loss: 26715134774344396.0000, Test Loss: 15232744.4557, Test Accuracy: 47.81%, Best Test Accuracy: 49.93%
Epoch 171, Train Loss: 13504626824541466.0000, Test Loss: 15246621.0308, Test Accuracy: 47.74%, Best Test Accuracy: 49.93%
Epoch 172, Train Loss: 89188089563898720.0000, Test Loss: 15331597.2650, Test Accuracy: 47.74%, Best Test Accuracy: 49.93%
Epoch 173, Train Loss: 8376278078412281.0000, Test Loss: 15340508.2804, Test Accuracy: 47.74%, Best Test Accuracy: 49.93%
Epoch 174, Train Loss: 15995268603291842.0000, Test Loss: 15341037.0207, Test Accuracy: 47.74%, Best Test Accuracy: 49.93%
Epoch 175, Train Loss: 6311727532649067.0000, Test Loss: 15346739.4525, Test Accuracy: 47.74%, Best Test Accuracy: 49.93%
Epoch 176, Train Loss: 26755664008754792.0000, Test Loss: 15371041.6865, Test Accuracy: 47.74%, Best Test Accuracy: 49.93%
Epoch 177, Train Loss: 10264057549078568.0000, Test Loss: 15378652.4540, Test Accuracy: 47.74%, Best Test Accuracy: 49.93%
Epoch 178, Train Loss: 3178924089224985.5000, Test Loss: 15380415.1088, Test Accuracy: 47.74%, Best Test Accuracy: 49.93%
Epoch 179, Train Loss: 72676832484898464.0000, Test Loss: 15402006.4522, Test Accuracy: 47.81%, Best Test Accuracy: 49.93%
Epoch 180, Train Loss: 56264357141563968.0000, Test Loss: 15265824.5053, Test Accuracy: 47.74%, Best Test Accuracy: 49.93%
Epoch 181, Train Loss: 22983706837185488.0000, Test Loss: 15279202.2797, Test Accuracy: 47.74%, Best Test Accuracy: 49.93%
Epoch 182, Train Loss: 126289260829867392.0000, Test Loss: 15376128.8098, Test Accuracy: 47.74%, Best Test Accuracy: 49.93%
Epoch 183, Train Loss: 12663904539438614.0000, Test Loss: 15379537.0440, Test Accuracy: 47.74%, Best Test Accuracy: 49.93%
Epoch 184, Train Loss: 14991168231815154.0000, Test Loss: 15384774.8193, Test Accuracy: 47.74%, Best Test Accuracy: 49.93%
Epoch 185, Train Loss: 4861662605400766.0000, Test Loss: 15387301.2893, Test Accuracy: 47.74%, Best Test Accuracy: 49.93%
Epoch 186, Train Loss: 8431813878032895.0000, Test Loss: 15397677.0955, Test Accuracy: 47.67%, Best Test Accuracy: 49.93%
Epoch 187, Train Loss: 62527408448209120.0000, Test Loss: 15428530.5755, Test Accuracy: 47.61%, Best Test Accuracy: 49.93%
Epoch 188, Train Loss: 4668195146967032.0000, Test Loss: 15433911.0963, Test Accuracy: 47.61%, Best Test Accuracy: 49.93%
Epoch 189, Train Loss: 45965167556796800.0000, Test Loss: 15447230.6392, Test Accuracy: 47.54%, Best Test Accuracy: 49.93%
Epoch 190, Train Loss: 57163882658488336.0000, Test Loss: 15473894.8214, Test Accuracy: 47.47%, Best Test Accuracy: 49.93%
Epoch 191, Train Loss: 11271202904192320.0000, Test Loss: 15403893.4319, Test Accuracy: 47.47%, Best Test Accuracy: 49.93%
Epoch 192, Train Loss: 20440177504652004.0000, Test Loss: 15401601.3906, Test Accuracy: 47.47%, Best Test Accuracy: 49.93%
Epoch 193, Train Loss: 42246481536179800.0000, Test Loss: 15621671.3959, Test Accuracy: 47.47%, Best Test Accuracy: 49.93%
Epoch 194, Train Loss: 38494841570156920.0000, Test Loss: 15622255.8998, Test Accuracy: 47.47%, Best Test Accuracy: 49.93%
Epoch 195, Train Loss: 25751212250441348.0000, Test Loss: 15620589.7006, Test Accuracy: 47.47%, Best Test Accuracy: 49.93%
Epoch 196, Train Loss: 15260320418267336.0000, Test Loss: 15632765.6003, Test Accuracy: 47.41%, Best Test Accuracy: 49.93%
Epoch 197, Train Loss: 114480446373096736.0000, Test Loss: 15613150.5886, Test Accuracy: 47.34%, Best Test Accuracy: 49.93%
Epoch 198, Train Loss: 24070066669411632.0000, Test Loss: 15624905.9905, Test Accuracy: 47.34%, Best Test Accuracy: 49.93%
Epoch 199, Train Loss: 6499541748993479.0000, Test Loss: 15633435.3942, Test Accuracy: 47.34%, Best Test Accuracy: 49.93%
Epoch 200, Train Loss: 8919360189995033.0000, Test Loss: 15641698.5108, Test Accuracy: 47.34%, Best Test Accuracy: 49.93%
Epoch 201, Train Loss: 19534974449452048.0000, Test Loss: 15655062.7324, Test Accuracy: 47.34%, Best Test Accuracy: 49.93%
Epoch 202, Train Loss: 61027573190471744.0000, Test Loss: 15716692.2442, Test Accuracy: 47.34%, Best Test Accuracy: 49.93%
Epoch 203, Train Loss: 30774437190524160.0000, Test Loss: 15717321.0529, Test Accuracy: 47.34%, Best Test Accuracy: 49.93%
Epoch 204, Train Loss: 18500383142724652.0000, Test Loss: 15728385.7332, Test Accuracy: 47.34%, Best Test Accuracy: 49.93%
Epoch 205, Train Loss: 7898770259648829.0000, Test Loss: 15732258.9673, Test Accuracy: 47.34%, Best Test Accuracy: 49.93%
Epoch 206, Train Loss: 31124153299256292.0000, Test Loss: 15769917.1855, Test Accuracy: 47.14%, Best Test Accuracy: 49.93%
Epoch 207, Train Loss: 40004225134228192.0000, Test Loss: 15758236.2521, Test Accuracy: 47.21%, Best Test Accuracy: 49.93%
Epoch 208, Train Loss: 118702082442012960.0000, Test Loss: 15785163.6624, Test Accuracy: 47.21%, Best Test Accuracy: 49.93%
Epoch 209, Train Loss: 9705067868042516.0000, Test Loss: 15789308.0677, Test Accuracy: 47.21%, Best Test Accuracy: 49.93%
Epoch 210, Train Loss: 226571572729602912.0000, Test Loss: 15778380.7509, Test Accuracy: 47.27%, Best Test Accuracy: 49.93%
Epoch 211, Train Loss: 118679323036242272.0000, Test Loss: 15585808.4375, Test Accuracy: 47.41%, Best Test Accuracy: 49.93%
Epoch 212, Train Loss: 40664041847396016.0000, Test Loss: 15573968.2543, Test Accuracy: 47.41%, Best Test Accuracy: 49.93%
Epoch 213, Train Loss: 17120144578374208.0000, Test Loss: 15568684.5658, Test Accuracy: 47.41%, Best Test Accuracy: 49.93%
Epoch 214, Train Loss: 23203277921734816.0000, Test Loss: 15577239.2914, Test Accuracy: 47.41%, Best Test Accuracy: 49.93%
Epoch 215, Train Loss: 19087316273364892.0000, Test Loss: 15583513.2989, Test Accuracy: 47.41%, Best Test Accuracy: 49.93%
Epoch 216, Train Loss: 14062291908410804.0000, Test Loss: 15590602.4909, Test Accuracy: 47.41%, Best Test Accuracy: 49.93%
Epoch 217, Train Loss: 60376727417396824.0000, Test Loss: 15641127.5234, Test Accuracy: 47.61%, Best Test Accuracy: 49.93%
Epoch 218, Train Loss: 35364334950624280.0000, Test Loss: 15670298.8280, Test Accuracy: 47.74%, Best Test Accuracy: 49.93%
Epoch 219, Train Loss: 43174051441322896.0000, Test Loss: 15652637.2043, Test Accuracy: 47.74%, Best Test Accuracy: 49.93%
Epoch 220, Train Loss: 33886850254197184.0000, Test Loss: 15681452.6664, Test Accuracy: 47.67%, Best Test Accuracy: 49.93%
Epoch 221, Train Loss: 24192896923989120.0000, Test Loss: 15699662.6885, Test Accuracy: 47.67%, Best Test Accuracy: 49.93%
Epoch 222, Train Loss: 51079449171782304.0000, Test Loss: 15761958.4900, Test Accuracy: 47.61%, Best Test Accuracy: 49.93%
Epoch 223, Train Loss: 6909204945818406.0000, Test Loss: 15767603.0788, Test Accuracy: 47.61%, Best Test Accuracy: 49.93%
Epoch 224, Train Loss: 15678201905698490.0000, Test Loss: 15770452.4033, Test Accuracy: 47.61%, Best Test Accuracy: 49.93%
Epoch 225, Train Loss: 13677854539224496.0000, Test Loss: 15811354.9547, Test Accuracy: 47.27%, Best Test Accuracy: 49.93%
Epoch 226, Train Loss: 29392424357805360.0000, Test Loss: 15823315.0775, Test Accuracy: 47.41%, Best Test Accuracy: 49.93%
Epoch 227, Train Loss: 21554081015252472.0000, Test Loss: 15832017.5002, Test Accuracy: 47.34%, Best Test Accuracy: 49.93%
Epoch 228, Train Loss: 24680449195069472.0000, Test Loss: 15852186.3347, Test Accuracy: 47.34%, Best Test Accuracy: 49.93%
Epoch 229, Train Loss: 10830699885718318.0000, Test Loss: 15862681.9082, Test Accuracy: 47.34%, Best Test Accuracy: 49.93%
Epoch 230, Train Loss: 24159122519660532.0000, Test Loss: 15883905.7647, Test Accuracy: 47.34%, Best Test Accuracy: 49.93%
Epoch 231, Train Loss: 18361381129297212.0000, Test Loss: 15900015.3585, Test Accuracy: 47.27%, Best Test Accuracy: 49.93%
Epoch 232, Train Loss: 47631449184822296.0000, Test Loss: 15900641.9937, Test Accuracy: 47.27%, Best Test Accuracy: 49.93%
Epoch 233, Train Loss: 84358593052028208.0000, Test Loss: 15934007.4726, Test Accuracy: 47.34%, Best Test Accuracy: 49.93%
Epoch 234, Train Loss: 3980147561045546.5000, Test Loss: 15937351.0856, Test Accuracy: 47.34%, Best Test Accuracy: 49.93%
Epoch 235, Train Loss: 766844262756096384.0000, Test Loss: 16159581.2497, Test Accuracy: 47.34%, Best Test Accuracy: 49.93%
Epoch 236, Train Loss: 722634978392190976.0000, Test Loss: 16390112.7702, Test Accuracy: 47.27%, Best Test Accuracy: 49.93%
Epoch 237, Train Loss: 487224689189911168.0000, Test Loss: 16840527.6219, Test Accuracy: 46.74%, Best Test Accuracy: 49.93%
Epoch 238, Train Loss: 44774739561102608.0000, Test Loss: 16841476.2395, Test Accuracy: 46.81%, Best Test Accuracy: 49.93%
Epoch 239, Train Loss: 11177017456454596.0000, Test Loss: 16857172.0587, Test Accuracy: 46.81%, Best Test Accuracy: 49.93%
Epoch 240, Train Loss: 23668415669342128.0000, Test Loss: 16860698.2692, Test Accuracy: 46.81%, Best Test Accuracy: 49.93%
Epoch 241, Train Loss: 31827926653875692.0000, Test Loss: 16876897.1698, Test Accuracy: 46.88%, Best Test Accuracy: 49.93%
Epoch 242, Train Loss: 9901114608628122.0000, Test Loss: 16879357.1443, Test Accuracy: 46.88%, Best Test Accuracy: 49.93%
Epoch 243, Train Loss: 4562663312888695.0000, Test Loss: 16880870.1935, Test Accuracy: 46.88%, Best Test Accuracy: 49.93%
Epoch 244, Train Loss: 7624170031382632.0000, Test Loss: 16820355.7184, Test Accuracy: 46.88%, Best Test Accuracy: 49.93%
Epoch 245, Train Loss: 480269144715454016.0000, Test Loss: 18221694.2556, Test Accuracy: 46.74%, Best Test Accuracy: 49.93%
Epoch 246, Train Loss: 224317521919937152.0000, Test Loss: 18245624.1312, Test Accuracy: 46.68%, Best Test Accuracy: 49.93%
Epoch 247, Train Loss: 37334746086063600.0000, Test Loss: 18250461.7288, Test Accuracy: 46.68%, Best Test Accuracy: 49.93%
Epoch 248, Train Loss: 12527714793358178.0000, Test Loss: 18253781.8154, Test Accuracy: 46.68%, Best Test Accuracy: 49.93%
Epoch 249, Train Loss: 27798559333824908.0000, Test Loss: 18660383.8043, Test Accuracy: 46.61%, Best Test Accuracy: 49.93%
Epoch 250, Train Loss: 25976608735900444.0000, Test Loss: 18683581.1242, Test Accuracy: 46.68%, Best Test Accuracy: 49.93%
Epoch 251, Train Loss: 28127790463635096.0000, Test Loss: 18301968.7896, Test Accuracy: 46.68%, Best Test Accuracy: 49.93%
Epoch 252, Train Loss: 22576282864115152.0000, Test Loss: 18292894.8471, Test Accuracy: 46.68%, Best Test Accuracy: 49.93%
Epoch 253, Train Loss: 12348965145307396.0000, Test Loss: 18676633.6134, Test Accuracy: 46.68%, Best Test Accuracy: 49.93%
Epoch 254, Train Loss: 12348722236002180.0000, Test Loss: 18281204.0678, Test Accuracy: 46.68%, Best Test Accuracy: 49.93%
Epoch 255, Train Loss: 53972057200720384.0000, Test Loss: 18321706.3054, Test Accuracy: 46.68%, Best Test Accuracy: 49.93%
Epoch 256, Train Loss: 7519719075728476.0000, Test Loss: 18326026.0625, Test Accuracy: 46.68%, Best Test Accuracy: 49.93%
Epoch 257, Train Loss: 57177602268741208.0000, Test Loss: 18288510.0174, Test Accuracy: 46.54%, Best Test Accuracy: 49.93%
Epoch 258, Train Loss: 3814619578666784.5000, Test Loss: 18291663.8151, Test Accuracy: 46.54%, Best Test Accuracy: 49.93%
Epoch 259, Train Loss: 1389832110792408832.0000, Test Loss: 19311986.5719, Test Accuracy: 46.54%, Best Test Accuracy: 49.93%
Epoch 260, Train Loss: 94960898432529472.0000, Test Loss: 19319686.5373, Test Accuracy: 46.54%, Best Test Accuracy: 49.93%
Epoch 261, Train Loss: 16906068447444746.0000, Test Loss: 19338141.3532, Test Accuracy: 46.54%, Best Test Accuracy: 49.93%
Epoch 262, Train Loss: 7990551645911863.0000, Test Loss: 19337790.9168, Test Accuracy: 46.54%, Best Test Accuracy: 49.93%
Epoch 263, Train Loss: 8898080831130213.0000, Test Loss: 19339809.2185, Test Accuracy: 46.48%, Best Test Accuracy: 49.93%
Epoch 264, Train Loss: 40471351801341712.0000, Test Loss: 19303756.1478, Test Accuracy: 46.54%, Best Test Accuracy: 49.93%
Epoch 265, Train Loss: 41350045934470128.0000, Test Loss: 19315149.5283, Test Accuracy: 46.48%, Best Test Accuracy: 49.93%
Epoch 266, Train Loss: 28908940772304456.0000, Test Loss: 19316630.5272, Test Accuracy: 46.48%, Best Test Accuracy: 49.93%
Epoch 267, Train Loss: 14656504082257342.0000, Test Loss: 19316321.4598, Test Accuracy: 46.48%, Best Test Accuracy: 49.93%
Epoch 268, Train Loss: 23617103954472480.0000, Test Loss: 19322675.7613, Test Accuracy: 46.48%, Best Test Accuracy: 49.93%
Epoch 269, Train Loss: 5273402516145418.0000, Test Loss: 19316877.3862, Test Accuracy: 46.48%, Best Test Accuracy: 49.93%
Epoch 270, Train Loss: 17652734632887726.0000, Test Loss: 19334584.0166, Test Accuracy: 46.48%, Best Test Accuracy: 49.93%
Epoch 271, Train Loss: 15149628849314344.0000, Test Loss: 19339062.0210, Test Accuracy: 46.48%, Best Test Accuracy: 49.93%
Epoch 272, Train Loss: 43332582731189680.0000, Test Loss: 19359148.3959, Test Accuracy: 46.48%, Best Test Accuracy: 49.93%
Epoch 273, Train Loss: 14379219115881744.0000, Test Loss: 19370244.9231, Test Accuracy: 46.54%, Best Test Accuracy: 49.93%
Epoch 274, Train Loss: 3353831289986606.5000, Test Loss: 19368536.0598, Test Accuracy: 46.54%, Best Test Accuracy: 49.93%
Epoch 275, Train Loss: 4386806120861516.0000, Test Loss: 19566912.9958, Test Accuracy: 46.41%, Best Test Accuracy: 49.93%
Epoch 276, Train Loss: 2558877843440588.5000, Test Loss: 19567306.2435, Test Accuracy: 46.41%, Best Test Accuracy: 49.93%
Epoch 277, Train Loss: 2060994340067737.7500, Test Loss: 19566907.6510, Test Accuracy: 46.41%, Best Test Accuracy: 49.93%
Epoch 278, Train Loss: 100158737662047248.0000, Test Loss: 19623406.3137, Test Accuracy: 46.48%, Best Test Accuracy: 49.93%
Epoch 279, Train Loss: 10757338776062286.0000, Test Loss: 19623849.7304, Test Accuracy: 46.48%, Best Test Accuracy: 49.93%
Epoch 280, Train Loss: 7050894700433689.0000, Test Loss: 19624616.3677, Test Accuracy: 46.48%, Best Test Accuracy: 49.93%
Epoch 281, Train Loss: 98876791148991264.0000, Test Loss: 19459088.9687, Test Accuracy: 46.34%, Best Test Accuracy: 49.93%
Epoch 282, Train Loss: 5064399362883168.0000, Test Loss: 19457768.1574, Test Accuracy: 46.28%, Best Test Accuracy: 49.93%
Epoch 283, Train Loss: 7535134952334055.0000, Test Loss: 19461507.1565, Test Accuracy: 46.28%, Best Test Accuracy: 49.93%
Epoch 284, Train Loss: 2185722238404006.0000, Test Loss: 19462024.3110, Test Accuracy: 46.28%, Best Test Accuracy: 49.93%
Epoch 285, Train Loss: 6201904592873854.0000, Test Loss: 19463491.7194, Test Accuracy: 46.28%, Best Test Accuracy: 49.93%
Epoch 286, Train Loss: 10418416591869742.0000, Test Loss: 19501030.8350, Test Accuracy: 46.14%, Best Test Accuracy: 49.93%
Epoch 287, Train Loss: 2939322930734961.0000, Test Loss: 19526755.8796, Test Accuracy: 46.08%, Best Test Accuracy: 49.93%
Epoch 288, Train Loss: 9217436653020394.0000, Test Loss: 19528205.4561, Test Accuracy: 46.08%, Best Test Accuracy: 49.93%
Epoch 289, Train Loss: 9872954423149932.0000, Test Loss: 19532936.5241, Test Accuracy: 46.01%, Best Test Accuracy: 49.93%
Epoch 290, Train Loss: 17440163632254204.0000, Test Loss: 19545456.0394, Test Accuracy: 45.94%, Best Test Accuracy: 49.93%
Epoch 291, Train Loss: 3740309160463288.0000, Test Loss: 19546062.7915, Test Accuracy: 45.94%, Best Test Accuracy: 49.93%
Epoch 292, Train Loss: 6591222385409777.0000, Test Loss: 19542836.1850, Test Accuracy: 46.21%, Best Test Accuracy: 49.93%
Epoch 293, Train Loss: 4273222372749429.5000, Test Loss: 19540751.0622, Test Accuracy: 46.21%, Best Test Accuracy: 49.93%
Epoch 294, Train Loss: 8974894088436001.0000, Test Loss: 19546182.6467, Test Accuracy: 46.21%, Best Test Accuracy: 49.93%
Epoch 295, Train Loss: 4093611536161635.5000, Test Loss: 19546973.0265, Test Accuracy: 46.21%, Best Test Accuracy: 49.93%
Epoch 296, Train Loss: 86487582263983376.0000, Test Loss: 19514263.2278, Test Accuracy: 46.14%, Best Test Accuracy: 49.93%
Epoch 297, Train Loss: 53579628995916736.0000, Test Loss: 19549888.0738, Test Accuracy: 46.01%, Best Test Accuracy: 49.93%
Epoch 298, Train Loss: 3307800766400364.5000, Test Loss: 19549737.9217, Test Accuracy: 45.94%, Best Test Accuracy: 49.93%
Epoch 299, Train Loss: 24400358654433692.0000, Test Loss: 19557985.1131, Test Accuracy: 46.01%, Best Test Accuracy: 49.93%
Epoch 300, Train Loss: 16135207169711098.0000, Test Loss: 19566567.9714, Test Accuracy: 46.01%, Best Test Accuracy: 49.93%
Epoch 301, Train Loss: 3570590291134826.5000, Test Loss: 19566836.0093, Test Accuracy: 46.01%, Best Test Accuracy: 49.93%
Epoch 302, Train Loss: 7018494419808233.0000, Test Loss: 19566203.4225, Test Accuracy: 46.01%, Best Test Accuracy: 49.93%
Epoch 303, Train Loss: 8224929083686018.0000, Test Loss: 19571235.4624, Test Accuracy: 46.01%, Best Test Accuracy: 49.93%
Epoch 304, Train Loss: 6333893384956617.0000, Test Loss: 19572487.6827, Test Accuracy: 45.81%, Best Test Accuracy: 49.93%
Epoch 305, Train Loss: 8886094454212393.0000, Test Loss: 19576711.0007, Test Accuracy: 45.81%, Best Test Accuracy: 49.93%
Epoch 306, Train Loss: 14492709842939978.0000, Test Loss: 19570509.1878, Test Accuracy: 45.74%, Best Test Accuracy: 49.93%
Epoch 307, Train Loss: 79951097775364640.0000, Test Loss: 19564533.6161, Test Accuracy: 45.74%, Best Test Accuracy: 49.93%
Epoch 308, Train Loss: 8379992173215035.0000, Test Loss: 19564658.5428, Test Accuracy: 45.74%, Best Test Accuracy: 49.93%
Epoch 309, Train Loss: 17486452374989728.0000, Test Loss: 19583324.3788, Test Accuracy: 45.74%, Best Test Accuracy: 49.93%
Epoch 310, Train Loss: 3256190220679882.0000, Test Loss: 19582360.4884, Test Accuracy: 45.74%, Best Test Accuracy: 49.93%
Epoch 311, Train Loss: 19817578972759360.0000, Test Loss: 19587101.0169, Test Accuracy: 45.74%, Best Test Accuracy: 49.93%
Epoch 312, Train Loss: 35086409307876340.0000, Test Loss: 19605535.5348, Test Accuracy: 45.74%, Best Test Accuracy: 49.93%
Epoch 313, Train Loss: 72158250397944560.0000, Test Loss: 19587594.6862, Test Accuracy: 45.74%, Best Test Accuracy: 49.93%
Epoch 314, Train Loss: 27783594296420196.0000, Test Loss: 19575458.6676, Test Accuracy: 45.74%, Best Test Accuracy: 49.93%
Epoch 315, Train Loss: 26369356269393008.0000, Test Loss: 19589426.4244, Test Accuracy: 45.74%, Best Test Accuracy: 49.93%
Epoch 316, Train Loss: 19906482844675312.0000, Test Loss: 19593696.9381, Test Accuracy: 45.74%, Best Test Accuracy: 49.93%
Epoch 317, Train Loss: 13059189629378720.0000, Test Loss: 19598249.3159, Test Accuracy: 45.68%, Best Test Accuracy: 49.93%
Epoch 318, Train Loss: 3386294675945137.0000, Test Loss: 19596568.7037, Test Accuracy: 45.68%, Best Test Accuracy: 49.93%
Epoch 319, Train Loss: 29469904026954444.0000, Test Loss: 19603127.9397, Test Accuracy: 45.74%, Best Test Accuracy: 49.93%
Epoch 320, Train Loss: 88468207016189232.0000, Test Loss: 19560093.1061, Test Accuracy: 45.74%, Best Test Accuracy: 49.93%
Epoch 321, Train Loss: 37630095545944696.0000, Test Loss: 19548266.6161, Test Accuracy: 45.88%, Best Test Accuracy: 49.93%
Epoch 322, Train Loss: 37940397504216864.0000, Test Loss: 19533351.7434, Test Accuracy: 45.81%, Best Test Accuracy: 49.93%
Epoch 323, Train Loss: 12046354210122242.0000, Test Loss: 19540075.2202, Test Accuracy: 45.74%, Best Test Accuracy: 49.93%
Epoch 324, Train Loss: 4246099164822040.5000, Test Loss: 19542044.6699, Test Accuracy: 45.74%, Best Test Accuracy: 49.93%
Epoch 325, Train Loss: 15360805236626914.0000, Test Loss: 19542516.0873, Test Accuracy: 45.61%, Best Test Accuracy: 49.93%
Epoch 326, Train Loss: 6089457995039998.0000, Test Loss: 19543484.5543, Test Accuracy: 45.61%, Best Test Accuracy: 49.93%
Epoch 327, Train Loss: 32375418859779992.0000, Test Loss: 19578444.0491, Test Accuracy: 45.55%, Best Test Accuracy: 49.93%
Epoch 328, Train Loss: 22896977717370352.0000, Test Loss: 19585412.7329, Test Accuracy: 45.55%, Best Test Accuracy: 49.93%
Epoch 329, Train Loss: 17949254041442062.0000, Test Loss: 19592098.5132, Test Accuracy: 45.55%, Best Test Accuracy: 49.93%
Epoch 330, Train Loss: 19797401847673776.0000, Test Loss: 19602534.0898, Test Accuracy: 45.55%, Best Test Accuracy: 49.93%
Epoch 331, Train Loss: 832758826337724288.0000, Test Loss: 19817803.8005, Test Accuracy: 46.08%, Best Test Accuracy: 49.93%
Epoch 332, Train Loss: 8790128572105658.0000, Test Loss: 19821194.6504, Test Accuracy: 46.01%, Best Test Accuracy: 49.93%
Epoch 333, Train Loss: 9692671745878260.0000, Test Loss: 19823733.5229, Test Accuracy: 46.01%, Best Test Accuracy: 49.93%
Epoch 334, Train Loss: 6385376438511976.0000, Test Loss: 19825752.4392, Test Accuracy: 46.01%, Best Test Accuracy: 49.93%
Epoch 335, Train Loss: 4270416894112046.5000, Test Loss: 19827774.0398, Test Accuracy: 46.01%, Best Test Accuracy: 49.93%
Epoch 336, Train Loss: 314711884531430720.0000, Test Loss: 19662408.1809, Test Accuracy: 46.68%, Best Test Accuracy: 49.93%
Epoch 337, Train Loss: 7248850843752778.0000, Test Loss: 19667139.1196, Test Accuracy: 46.61%, Best Test Accuracy: 49.93%
Epoch 338, Train Loss: 189289584546767744.0000, Test Loss: 19639782.6863, Test Accuracy: 46.88%, Best Test Accuracy: 49.93%
Epoch 339, Train Loss: 4258080704332405.5000, Test Loss: 19639403.2925, Test Accuracy: 46.88%, Best Test Accuracy: 49.93%
Epoch 340, Train Loss: 33488906551006424.0000, Test Loss: 19633704.1798, Test Accuracy: 46.81%, Best Test Accuracy: 49.93%
Epoch 341, Train Loss: 34074230379084736.0000, Test Loss: 19634250.2837, Test Accuracy: 46.81%, Best Test Accuracy: 49.93%
Epoch 342, Train Loss: 59529148443699224.0000, Test Loss: 19636606.0386, Test Accuracy: 46.81%, Best Test Accuracy: 49.93%
Epoch 343, Train Loss: 19682205380270464.0000, Test Loss: 19650546.3655, Test Accuracy: 46.88%, Best Test Accuracy: 49.93%
Epoch 344, Train Loss: 35949595443326288.0000, Test Loss: 19629322.0695, Test Accuracy: 46.81%, Best Test Accuracy: 49.93%
Epoch 345, Train Loss: 12158596241878146.0000, Test Loss: 19622391.4019, Test Accuracy: 46.81%, Best Test Accuracy: 49.93%
Epoch 346, Train Loss: 5698993324332750.0000, Test Loss: 19626821.5909, Test Accuracy: 46.81%, Best Test Accuracy: 49.93%
Epoch 347, Train Loss: 27805066036910108.0000, Test Loss: 19644508.0579, Test Accuracy: 46.68%, Best Test Accuracy: 49.93%
Epoch 348, Train Loss: 13236521494573636.0000, Test Loss: 19643026.5222, Test Accuracy: 46.74%, Best Test Accuracy: 49.93%
Epoch 349, Train Loss: 7675346785588878.0000, Test Loss: 19645025.7142, Test Accuracy: 46.68%, Best Test Accuracy: 49.93%
Epoch 350, Train Loss: 22670854734098760.0000, Test Loss: 19646345.2274, Test Accuracy: 46.61%, Best Test Accuracy: 49.93%
Epoch 351, Train Loss: 82543789362710368.0000, Test Loss: 19701333.6023, Test Accuracy: 46.61%, Best Test Accuracy: 49.93%
Epoch 352, Train Loss: 45879877059172144.0000, Test Loss: 19764614.8093, Test Accuracy: 46.48%, Best Test Accuracy: 49.93%
Epoch 353, Train Loss: 3481547395707055.5000, Test Loss: 19765561.9478, Test Accuracy: 46.48%, Best Test Accuracy: 49.93%
Epoch 354, Train Loss: 70686753758335240.0000, Test Loss: 19791788.7752, Test Accuracy: 46.41%, Best Test Accuracy: 49.93%
Epoch 355, Train Loss: 26620326475170664.0000, Test Loss: 19794833.1196, Test Accuracy: 46.41%, Best Test Accuracy: 49.93%
Epoch 356, Train Loss: 16796213353755972.0000, Test Loss: 19798998.1036, Test Accuracy: 46.41%, Best Test Accuracy: 49.93%
Epoch 357, Train Loss: 11352567137184390.0000, Test Loss: 19792309.0279, Test Accuracy: 46.41%, Best Test Accuracy: 49.93%
Epoch 358, Train Loss: 5981889667570466.0000, Test Loss: 19788225.4151, Test Accuracy: 46.41%, Best Test Accuracy: 49.93%
Epoch 359, Train Loss: 14584200155605780.0000, Test Loss: 19773642.2902, Test Accuracy: 46.41%, Best Test Accuracy: 49.93%
Epoch 360, Train Loss: 2133203969721180.7500, Test Loss: 19774209.4385, Test Accuracy: 46.41%, Best Test Accuracy: 49.93%
Epoch 361, Train Loss: 12630265971725834.0000, Test Loss: 19782220.0294, Test Accuracy: 46.41%, Best Test Accuracy: 49.93%
Traceback (most recent call last):
  File "/home/gyf/HC/Multimodal-Sentiment-Analysis/Pytorch/7992_mosi_Mamba.py", line 299, in <module>
    train_loss, train_accuracy = train(model, train_loader, criterion, optimizer, device, lambda_L2=config.L2, lambda_L1=config.L1, epoch = epoch)
  File "/home/gyf/HC/Multimodal-Sentiment-Analysis/Pytorch/7992_mosi_Mamba.py", line 157, in train
    loss.backward()
  File "/home/gyf/miniconda3/envs/SignLan/lib/python3.9/site-packages/torch/_tensor.py", line 522, in backward
    torch.autograd.backward(
  File "/home/gyf/miniconda3/envs/SignLan/lib/python3.9/site-packages/torch/autograd/__init__.py", line 266, in backward
    Variable._execution_engine.run_backward(  # Calls into the C++ engine to run the backward pass
KeyboardInterrupt
