Console output is being logged to: /home/gyf/HC/Multimodal-Sentiment-Analysis/Pytorch/record/M_s_R_7992_05月17日_05时28分15秒.log
Config(version='For Mosi 7992', log_dir='../record', dropout_rate=0.7, batch_size=4, shuffle=True, learning_rate=0.0001, epochs=10000, random_seed=42, L1=1e-07, L2=1e-09)
Data loaded and processed.
Epoch 1, Train Loss: 1.7375, Test Loss: 0.7324, Test Accuracy: 49.47%, Best Test Accuracy: 49.47%
Epoch 2, Train Loss: 1.2057, Test Loss: 0.7185, Test Accuracy: 51.60%, Best Test Accuracy: 51.60%
Epoch 3, Train Loss: 1.1521, Test Loss: 0.7179, Test Accuracy: 49.80%, Best Test Accuracy: 51.60%
Epoch 4, Train Loss: 0.9529, Test Loss: 0.7179, Test Accuracy: 51.46%, Best Test Accuracy: 51.60%
Epoch 5, Train Loss: 0.8479, Test Loss: 0.7203, Test Accuracy: 49.67%, Best Test Accuracy: 51.60%
Epoch 6, Train Loss: 0.8335, Test Loss: 0.7190, Test Accuracy: 50.13%, Best Test Accuracy: 51.60%
Epoch 7, Train Loss: 0.8320, Test Loss: 0.7176, Test Accuracy: 50.80%, Best Test Accuracy: 51.60%
Epoch 8, Train Loss: 0.7575, Test Loss: 0.7163, Test Accuracy: 51.60%, Best Test Accuracy: 51.60%
Epoch 9, Train Loss: 0.8067, Test Loss: 0.7191, Test Accuracy: 50.53%, Best Test Accuracy: 51.60%
Epoch 10, Train Loss: 0.8629, Test Loss: 0.7242, Test Accuracy: 50.60%, Best Test Accuracy: 51.60%
Epoch 11, Train Loss: 0.7765, Test Loss: 0.7218, Test Accuracy: 49.80%, Best Test Accuracy: 51.60%
Epoch 12, Train Loss: 0.7425, Test Loss: 0.7186, Test Accuracy: 51.33%, Best Test Accuracy: 51.60%
Epoch 13, Train Loss: 0.8066, Test Loss: 0.7131, Test Accuracy: 51.53%, Best Test Accuracy: 51.60%
Epoch 14, Train Loss: 0.7670, Test Loss: 0.7091, Test Accuracy: 50.93%, Best Test Accuracy: 51.60%
Epoch 15, Train Loss: 0.6778, Test Loss: 0.7127, Test Accuracy: 51.20%, Best Test Accuracy: 51.60%
Epoch 16, Train Loss: 0.6822, Test Loss: 0.7137, Test Accuracy: 52.19%, Best Test Accuracy: 52.19%
Epoch 17, Train Loss: 0.6542, Test Loss: 0.7117, Test Accuracy: 52.99%, Best Test Accuracy: 52.99%
Epoch 18, Train Loss: 0.6989, Test Loss: 0.7099, Test Accuracy: 53.32%, Best Test Accuracy: 53.32%
Epoch 19, Train Loss: 0.7150, Test Loss: 0.7140, Test Accuracy: 52.53%, Best Test Accuracy: 53.32%
Epoch 20, Train Loss: 0.6851, Test Loss: 0.7128, Test Accuracy: 52.79%, Best Test Accuracy: 53.32%
Epoch 21, Train Loss: 0.6116, Test Loss: 0.7139, Test Accuracy: 52.86%, Best Test Accuracy: 53.32%
Epoch 22, Train Loss: 0.6852, Test Loss: 0.7170, Test Accuracy: 50.33%, Best Test Accuracy: 53.32%
Epoch 23, Train Loss: 0.6936, Test Loss: 0.7075, Test Accuracy: 54.06%, Best Test Accuracy: 54.06%
Epoch 24, Train Loss: 0.6679, Test Loss: 0.7080, Test Accuracy: 53.92%, Best Test Accuracy: 54.06%
Epoch 25, Train Loss: 0.6254, Test Loss: 0.7105, Test Accuracy: 53.59%, Best Test Accuracy: 54.06%
Epoch 26, Train Loss: 0.6513, Test Loss: 0.7163, Test Accuracy: 52.53%, Best Test Accuracy: 54.06%
Epoch 27, Train Loss: 0.6631, Test Loss: 0.7112, Test Accuracy: 54.19%, Best Test Accuracy: 54.19%
Epoch 28, Train Loss: 0.6646, Test Loss: 0.7034, Test Accuracy: 55.25%, Best Test Accuracy: 55.25%
Epoch 29, Train Loss: 0.6003, Test Loss: 0.7049, Test Accuracy: 55.59%, Best Test Accuracy: 55.59%
Epoch 30, Train Loss: 0.6024, Test Loss: 0.7072, Test Accuracy: 55.25%, Best Test Accuracy: 55.59%
Epoch 31, Train Loss: 0.6088, Test Loss: 0.7069, Test Accuracy: 55.12%, Best Test Accuracy: 55.59%
Epoch 32, Train Loss: 0.5825, Test Loss: 0.7096, Test Accuracy: 53.72%, Best Test Accuracy: 55.59%
Epoch 33, Train Loss: 0.5631, Test Loss: 0.7031, Test Accuracy: 55.72%, Best Test Accuracy: 55.72%
Epoch 34, Train Loss: 0.5637, Test Loss: 0.7023, Test Accuracy: 55.59%, Best Test Accuracy: 55.72%
Epoch 35, Train Loss: 0.5270, Test Loss: 0.7023, Test Accuracy: 55.59%, Best Test Accuracy: 55.72%
Epoch 36, Train Loss: 0.5378, Test Loss: 0.7019, Test Accuracy: 55.32%, Best Test Accuracy: 55.72%
Epoch 37, Train Loss: 0.5498, Test Loss: 0.7027, Test Accuracy: 55.59%, Best Test Accuracy: 55.72%
Epoch 38, Train Loss: 0.5173, Test Loss: 0.7033, Test Accuracy: 55.59%, Best Test Accuracy: 55.72%
Epoch 39, Train Loss: 0.5725, Test Loss: 0.7028, Test Accuracy: 55.92%, Best Test Accuracy: 55.92%
Epoch 40, Train Loss: 0.5325, Test Loss: 0.7013, Test Accuracy: 56.32%, Best Test Accuracy: 56.32%
Epoch 41, Train Loss: 0.4993, Test Loss: 0.7017, Test Accuracy: 55.92%, Best Test Accuracy: 56.32%
Epoch 42, Train Loss: 0.5768, Test Loss: 0.7030, Test Accuracy: 56.05%, Best Test Accuracy: 56.32%
Epoch 43, Train Loss: 0.5128, Test Loss: 0.7031, Test Accuracy: 56.12%, Best Test Accuracy: 56.32%
Epoch 44, Train Loss: 0.5541, Test Loss: 0.7035, Test Accuracy: 56.45%, Best Test Accuracy: 56.45%
Epoch 45, Train Loss: 0.4708, Test Loss: 0.7029, Test Accuracy: 56.58%, Best Test Accuracy: 56.58%
Epoch 46, Train Loss: 0.5027, Test Loss: 0.7022, Test Accuracy: 56.45%, Best Test Accuracy: 56.58%
Epoch 47, Train Loss: 0.4884, Test Loss: 0.7046, Test Accuracy: 55.98%, Best Test Accuracy: 56.58%
Epoch 48, Train Loss: 0.5235, Test Loss: 0.7024, Test Accuracy: 56.38%, Best Test Accuracy: 56.58%
Epoch 49, Train Loss: 0.5324, Test Loss: 0.7008, Test Accuracy: 56.52%, Best Test Accuracy: 56.58%
Epoch 50, Train Loss: 0.4879, Test Loss: 0.7006, Test Accuracy: 56.98%, Best Test Accuracy: 56.98%
Epoch 51, Train Loss: 0.4938, Test Loss: 0.7024, Test Accuracy: 56.25%, Best Test Accuracy: 56.98%
Epoch 52, Train Loss: 0.4843, Test Loss: 0.7061, Test Accuracy: 54.99%, Best Test Accuracy: 56.98%
Epoch 53, Train Loss: 0.5307, Test Loss: 0.7030, Test Accuracy: 56.05%, Best Test Accuracy: 56.98%
Epoch 54, Train Loss: 0.5442, Test Loss: 0.7009, Test Accuracy: 56.58%, Best Test Accuracy: 56.98%
Epoch 55, Train Loss: 0.5004, Test Loss: 0.7058, Test Accuracy: 54.92%, Best Test Accuracy: 56.98%
Epoch 56, Train Loss: 0.5426, Test Loss: 0.7021, Test Accuracy: 55.98%, Best Test Accuracy: 56.98%
Epoch 57, Train Loss: 0.4580, Test Loss: 0.7003, Test Accuracy: 56.38%, Best Test Accuracy: 56.98%
Epoch 58, Train Loss: 0.4800, Test Loss: 0.6997, Test Accuracy: 56.85%, Best Test Accuracy: 56.98%
Epoch 59, Train Loss: 0.4895, Test Loss: 0.6996, Test Accuracy: 56.32%, Best Test Accuracy: 56.98%
Epoch 60, Train Loss: 0.5093, Test Loss: 0.6986, Test Accuracy: 57.25%, Best Test Accuracy: 57.25%
Epoch 61, Train Loss: 0.4363, Test Loss: 0.6982, Test Accuracy: 57.65%, Best Test Accuracy: 57.65%
Epoch 62, Train Loss: 0.4770, Test Loss: 0.6975, Test Accuracy: 57.91%, Best Test Accuracy: 57.91%
Epoch 63, Train Loss: 0.4511, Test Loss: 0.6963, Test Accuracy: 58.71%, Best Test Accuracy: 58.71%
Epoch 64, Train Loss: 0.4459, Test Loss: 0.6957, Test Accuracy: 59.04%, Best Test Accuracy: 59.04%
Epoch 65, Train Loss: 0.4250, Test Loss: 0.6949, Test Accuracy: 59.31%, Best Test Accuracy: 59.31%
Epoch 66, Train Loss: 0.4334, Test Loss: 0.6946, Test Accuracy: 59.51%, Best Test Accuracy: 59.51%
Epoch 67, Train Loss: 0.4218, Test Loss: 0.6947, Test Accuracy: 59.57%, Best Test Accuracy: 59.57%
Epoch 68, Train Loss: 0.4216, Test Loss: 0.7015, Test Accuracy: 55.45%, Best Test Accuracy: 59.57%
Epoch 69, Train Loss: 0.5295, Test Loss: 0.6971, Test Accuracy: 57.58%, Best Test Accuracy: 59.57%
Epoch 70, Train Loss: 0.4723, Test Loss: 0.6956, Test Accuracy: 58.64%, Best Test Accuracy: 59.57%
Epoch 71, Train Loss: 0.4759, Test Loss: 0.6946, Test Accuracy: 59.18%, Best Test Accuracy: 59.57%
Epoch 72, Train Loss: 0.4959, Test Loss: 0.6939, Test Accuracy: 59.57%, Best Test Accuracy: 59.57%
Epoch 73, Train Loss: 0.4506, Test Loss: 0.6932, Test Accuracy: 60.04%, Best Test Accuracy: 60.04%
Epoch 74, Train Loss: 0.4489, Test Loss: 0.6924, Test Accuracy: 59.91%, Best Test Accuracy: 60.04%
Epoch 75, Train Loss: 0.4108, Test Loss: 0.6926, Test Accuracy: 59.97%, Best Test Accuracy: 60.04%
Epoch 76, Train Loss: 0.3963, Test Loss: 0.6924, Test Accuracy: 60.11%, Best Test Accuracy: 60.11%
Epoch 77, Train Loss: 0.3856, Test Loss: 0.6925, Test Accuracy: 59.77%, Best Test Accuracy: 60.11%
Epoch 78, Train Loss: 0.4007, Test Loss: 0.6923, Test Accuracy: 59.84%, Best Test Accuracy: 60.11%
Epoch 79, Train Loss: 0.4240, Test Loss: 0.6916, Test Accuracy: 60.24%, Best Test Accuracy: 60.24%
Epoch 80, Train Loss: 0.4207, Test Loss: 0.6924, Test Accuracy: 59.77%, Best Test Accuracy: 60.24%
Epoch 81, Train Loss: 0.4038, Test Loss: 0.6920, Test Accuracy: 59.57%, Best Test Accuracy: 60.24%
Epoch 82, Train Loss: 0.3939, Test Loss: 0.6915, Test Accuracy: 59.51%, Best Test Accuracy: 60.24%
Epoch 83, Train Loss: 0.3991, Test Loss: 0.6917, Test Accuracy: 59.71%, Best Test Accuracy: 60.24%
Epoch 84, Train Loss: 0.4330, Test Loss: 0.6915, Test Accuracy: 60.44%, Best Test Accuracy: 60.44%
Epoch 85, Train Loss: 0.4190, Test Loss: 0.6911, Test Accuracy: 60.24%, Best Test Accuracy: 60.44%
Epoch 86, Train Loss: 0.4170, Test Loss: 0.6908, Test Accuracy: 60.57%, Best Test Accuracy: 60.57%
Epoch 87, Train Loss: 0.3973, Test Loss: 0.6900, Test Accuracy: 60.44%, Best Test Accuracy: 60.57%
Epoch 88, Train Loss: 0.4230, Test Loss: 0.6895, Test Accuracy: 60.51%, Best Test Accuracy: 60.57%
Epoch 89, Train Loss: 0.3884, Test Loss: 0.6892, Test Accuracy: 61.17%, Best Test Accuracy: 61.17%
Epoch 90, Train Loss: 0.3950, Test Loss: 0.6891, Test Accuracy: 60.97%, Best Test Accuracy: 61.17%
Epoch 91, Train Loss: 0.3867, Test Loss: 0.6890, Test Accuracy: 61.30%, Best Test Accuracy: 61.30%
Epoch 92, Train Loss: 0.3809, Test Loss: 0.6890, Test Accuracy: 61.30%, Best Test Accuracy: 61.30%
Epoch 93, Train Loss: 0.4178, Test Loss: 0.6889, Test Accuracy: 61.77%, Best Test Accuracy: 61.77%
Epoch 94, Train Loss: 0.3766, Test Loss: 0.6898, Test Accuracy: 60.11%, Best Test Accuracy: 61.77%
Epoch 95, Train Loss: 0.4078, Test Loss: 0.6891, Test Accuracy: 60.97%, Best Test Accuracy: 61.77%
Epoch 96, Train Loss: 0.4010, Test Loss: 0.6887, Test Accuracy: 61.30%, Best Test Accuracy: 61.77%
Epoch 97, Train Loss: 0.3913, Test Loss: 0.6882, Test Accuracy: 61.37%, Best Test Accuracy: 61.77%
Epoch 98, Train Loss: 0.4253, Test Loss: 0.6876, Test Accuracy: 61.50%, Best Test Accuracy: 61.77%
Epoch 99, Train Loss: 0.4186, Test Loss: 0.6871, Test Accuracy: 62.23%, Best Test Accuracy: 62.23%
Epoch 100, Train Loss: 0.3684, Test Loss: 0.6868, Test Accuracy: 62.43%, Best Test Accuracy: 62.43%
Epoch 101, Train Loss: 0.3836, Test Loss: 0.6862, Test Accuracy: 62.97%, Best Test Accuracy: 62.97%
Epoch 102, Train Loss: 0.3936, Test Loss: 0.6861, Test Accuracy: 63.16%, Best Test Accuracy: 63.16%
Epoch 103, Train Loss: 0.3518, Test Loss: 0.6860, Test Accuracy: 62.83%, Best Test Accuracy: 63.16%
Epoch 104, Train Loss: 0.3548, Test Loss: 0.6860, Test Accuracy: 62.77%, Best Test Accuracy: 63.16%
Epoch 105, Train Loss: 0.3572, Test Loss: 0.6859, Test Accuracy: 63.23%, Best Test Accuracy: 63.23%
Epoch 106, Train Loss: 0.3517, Test Loss: 0.6856, Test Accuracy: 63.03%, Best Test Accuracy: 63.23%
Epoch 107, Train Loss: 0.3511, Test Loss: 0.6854, Test Accuracy: 63.50%, Best Test Accuracy: 63.50%
Epoch 108, Train Loss: 0.3482, Test Loss: 0.6852, Test Accuracy: 63.50%, Best Test Accuracy: 63.50%
Epoch 109, Train Loss: 0.3858, Test Loss: 0.6850, Test Accuracy: 63.56%, Best Test Accuracy: 63.56%
Epoch 110, Train Loss: 0.3904, Test Loss: 0.6849, Test Accuracy: 63.43%, Best Test Accuracy: 63.56%
Epoch 111, Train Loss: 0.3204, Test Loss: 0.6849, Test Accuracy: 63.56%, Best Test Accuracy: 63.56%
Epoch 112, Train Loss: 0.3529, Test Loss: 0.6847, Test Accuracy: 63.50%, Best Test Accuracy: 63.56%
Epoch 113, Train Loss: 0.3632, Test Loss: 0.6846, Test Accuracy: 63.16%, Best Test Accuracy: 63.56%
Epoch 114, Train Loss: 0.3613, Test Loss: 0.6844, Test Accuracy: 63.50%, Best Test Accuracy: 63.56%
Epoch 115, Train Loss: 0.3331, Test Loss: 0.6841, Test Accuracy: 63.56%, Best Test Accuracy: 63.56%
Epoch 116, Train Loss: 0.3626, Test Loss: 0.6842, Test Accuracy: 63.30%, Best Test Accuracy: 63.56%
Epoch 117, Train Loss: 0.3621, Test Loss: 0.6844, Test Accuracy: 62.90%, Best Test Accuracy: 63.56%
Epoch 118, Train Loss: 0.3304, Test Loss: 0.6841, Test Accuracy: 62.83%, Best Test Accuracy: 63.56%
Epoch 119, Train Loss: 0.3380, Test Loss: 0.6839, Test Accuracy: 62.90%, Best Test Accuracy: 63.56%
Epoch 120, Train Loss: 0.3502, Test Loss: 0.6835, Test Accuracy: 63.10%, Best Test Accuracy: 63.56%
Epoch 121, Train Loss: 0.3594, Test Loss: 0.6834, Test Accuracy: 63.23%, Best Test Accuracy: 63.56%
Epoch 122, Train Loss: 0.3101, Test Loss: 0.6838, Test Accuracy: 63.16%, Best Test Accuracy: 63.56%
Epoch 123, Train Loss: 0.3527, Test Loss: 0.6828, Test Accuracy: 63.90%, Best Test Accuracy: 63.90%
Epoch 124, Train Loss: 0.3042, Test Loss: 0.6826, Test Accuracy: 64.10%, Best Test Accuracy: 64.10%
Epoch 125, Train Loss: 0.3438, Test Loss: 0.6826, Test Accuracy: 64.23%, Best Test Accuracy: 64.23%
Epoch 126, Train Loss: 0.3508, Test Loss: 0.6827, Test Accuracy: 64.16%, Best Test Accuracy: 64.23%
Epoch 127, Train Loss: 0.3317, Test Loss: 0.6827, Test Accuracy: 63.76%, Best Test Accuracy: 64.23%
Epoch 128, Train Loss: 0.3223, Test Loss: 0.6820, Test Accuracy: 63.90%, Best Test Accuracy: 64.23%
Epoch 129, Train Loss: 0.3166, Test Loss: 0.6822, Test Accuracy: 63.70%, Best Test Accuracy: 64.23%
Epoch 130, Train Loss: 0.3072, Test Loss: 0.6823, Test Accuracy: 63.63%, Best Test Accuracy: 64.23%
Epoch 131, Train Loss: 0.2954, Test Loss: 0.6822, Test Accuracy: 64.10%, Best Test Accuracy: 64.23%
Epoch 132, Train Loss: 0.3187, Test Loss: 0.6818, Test Accuracy: 64.10%, Best Test Accuracy: 64.23%
Epoch 133, Train Loss: 0.3076, Test Loss: 0.6818, Test Accuracy: 64.56%, Best Test Accuracy: 64.56%
Epoch 134, Train Loss: 0.3391, Test Loss: 0.6814, Test Accuracy: 64.49%, Best Test Accuracy: 64.56%
Epoch 135, Train Loss: 0.3315, Test Loss: 0.6814, Test Accuracy: 64.16%, Best Test Accuracy: 64.56%
Epoch 136, Train Loss: 0.3239, Test Loss: 0.6816, Test Accuracy: 64.23%, Best Test Accuracy: 64.56%
Epoch 137, Train Loss: 0.3196, Test Loss: 0.6808, Test Accuracy: 64.83%, Best Test Accuracy: 64.83%
Epoch 138, Train Loss: 0.3178, Test Loss: 0.6808, Test Accuracy: 64.69%, Best Test Accuracy: 64.83%
Epoch 139, Train Loss: 0.3289, Test Loss: 0.6807, Test Accuracy: 64.83%, Best Test Accuracy: 64.83%
Epoch 140, Train Loss: 0.3121, Test Loss: 0.6807, Test Accuracy: 64.69%, Best Test Accuracy: 64.83%
Epoch 141, Train Loss: 0.2962, Test Loss: 0.6805, Test Accuracy: 64.83%, Best Test Accuracy: 64.83%
Epoch 142, Train Loss: 0.3024, Test Loss: 0.6810, Test Accuracy: 64.16%, Best Test Accuracy: 64.83%
Epoch 143, Train Loss: 0.3056, Test Loss: 0.6813, Test Accuracy: 64.23%, Best Test Accuracy: 64.83%
Epoch 144, Train Loss: 0.2946, Test Loss: 0.6810, Test Accuracy: 64.43%, Best Test Accuracy: 64.83%
Epoch 145, Train Loss: 0.3155, Test Loss: 0.6819, Test Accuracy: 63.90%, Best Test Accuracy: 64.83%
Epoch 146, Train Loss: 0.2877, Test Loss: 0.6817, Test Accuracy: 64.03%, Best Test Accuracy: 64.83%
Epoch 147, Train Loss: 0.2925, Test Loss: 0.6811, Test Accuracy: 64.16%, Best Test Accuracy: 64.83%
Epoch 148, Train Loss: 0.2951, Test Loss: 0.6807, Test Accuracy: 64.63%, Best Test Accuracy: 64.83%
Epoch 149, Train Loss: 0.2978, Test Loss: 0.6806, Test Accuracy: 64.89%, Best Test Accuracy: 64.89%
Epoch 150, Train Loss: 0.3011, Test Loss: 0.6806, Test Accuracy: 64.96%, Best Test Accuracy: 64.96%
Epoch 151, Train Loss: 0.2713, Test Loss: 0.6804, Test Accuracy: 64.96%, Best Test Accuracy: 64.96%
Epoch 152, Train Loss: 0.2819, Test Loss: 0.6785, Test Accuracy: 65.49%, Best Test Accuracy: 65.49%
Epoch 153, Train Loss: 0.2897, Test Loss: 0.6812, Test Accuracy: 64.03%, Best Test Accuracy: 65.49%
Epoch 154, Train Loss: 0.3251, Test Loss: 0.6810, Test Accuracy: 63.90%, Best Test Accuracy: 65.49%
Epoch 155, Train Loss: 0.3164, Test Loss: 0.6805, Test Accuracy: 64.23%, Best Test Accuracy: 65.49%
Epoch 156, Train Loss: 0.2880, Test Loss: 0.6809, Test Accuracy: 64.16%, Best Test Accuracy: 65.49%
Epoch 157, Train Loss: 0.3107, Test Loss: 0.6804, Test Accuracy: 64.49%, Best Test Accuracy: 65.49%
Epoch 158, Train Loss: 0.3220, Test Loss: 0.6795, Test Accuracy: 64.89%, Best Test Accuracy: 65.49%
Epoch 159, Train Loss: 0.2633, Test Loss: 0.6794, Test Accuracy: 65.23%, Best Test Accuracy: 65.49%
Epoch 160, Train Loss: 0.3017, Test Loss: 0.6794, Test Accuracy: 65.16%, Best Test Accuracy: 65.49%
Epoch 161, Train Loss: 0.2806, Test Loss: 0.6792, Test Accuracy: 65.69%, Best Test Accuracy: 65.69%
Epoch 162, Train Loss: 0.3152, Test Loss: 0.6791, Test Accuracy: 65.89%, Best Test Accuracy: 65.89%
Epoch 163, Train Loss: 0.2682, Test Loss: 0.6787, Test Accuracy: 66.16%, Best Test Accuracy: 66.16%
Epoch 164, Train Loss: 0.2711, Test Loss: 0.6786, Test Accuracy: 66.16%, Best Test Accuracy: 66.16%
Epoch 165, Train Loss: 0.2751, Test Loss: 0.6778, Test Accuracy: 66.42%, Best Test Accuracy: 66.42%
Epoch 166, Train Loss: 0.2750, Test Loss: 0.6783, Test Accuracy: 66.29%, Best Test Accuracy: 66.42%
Epoch 167, Train Loss: 0.2868, Test Loss: 0.6780, Test Accuracy: 66.49%, Best Test Accuracy: 66.49%
Epoch 168, Train Loss: 0.2928, Test Loss: 0.6780, Test Accuracy: 66.42%, Best Test Accuracy: 66.49%
Epoch 169, Train Loss: 0.2759, Test Loss: 0.6775, Test Accuracy: 66.16%, Best Test Accuracy: 66.49%
Epoch 170, Train Loss: 0.2632, Test Loss: 0.6771, Test Accuracy: 66.36%, Best Test Accuracy: 66.49%
Epoch 171, Train Loss: 0.2632, Test Loss: 0.6771, Test Accuracy: 66.36%, Best Test Accuracy: 66.49%
Epoch 172, Train Loss: 0.2628, Test Loss: 0.6776, Test Accuracy: 66.49%, Best Test Accuracy: 66.49%
Epoch 173, Train Loss: 0.2686, Test Loss: 0.6783, Test Accuracy: 66.29%, Best Test Accuracy: 66.49%
Epoch 174, Train Loss: 0.2566, Test Loss: 0.6792, Test Accuracy: 65.76%, Best Test Accuracy: 66.49%
Epoch 175, Train Loss: 0.2786, Test Loss: 0.6791, Test Accuracy: 65.89%, Best Test Accuracy: 66.49%
Epoch 176, Train Loss: 0.2591, Test Loss: 0.6789, Test Accuracy: 66.09%, Best Test Accuracy: 66.49%
Epoch 177, Train Loss: 0.2450, Test Loss: 0.6787, Test Accuracy: 66.16%, Best Test Accuracy: 66.49%
Epoch 178, Train Loss: 0.2463, Test Loss: 0.6787, Test Accuracy: 66.02%, Best Test Accuracy: 66.49%
Epoch 179, Train Loss: 0.2506, Test Loss: 0.6780, Test Accuracy: 66.22%, Best Test Accuracy: 66.49%
Epoch 180, Train Loss: 0.2739, Test Loss: 0.6784, Test Accuracy: 66.29%, Best Test Accuracy: 66.49%
Epoch 181, Train Loss: 0.2564, Test Loss: 0.6781, Test Accuracy: 66.22%, Best Test Accuracy: 66.49%
Epoch 182, Train Loss: 0.2576, Test Loss: 0.6791, Test Accuracy: 65.82%, Best Test Accuracy: 66.49%
Epoch 183, Train Loss: 0.2357, Test Loss: 0.6793, Test Accuracy: 65.89%, Best Test Accuracy: 66.49%
Epoch 184, Train Loss: 0.2632, Test Loss: 0.6796, Test Accuracy: 65.56%, Best Test Accuracy: 66.49%
Epoch 185, Train Loss: 0.2465, Test Loss: 0.6795, Test Accuracy: 65.89%, Best Test Accuracy: 66.49%
Epoch 186, Train Loss: 0.2536, Test Loss: 0.6795, Test Accuracy: 65.96%, Best Test Accuracy: 66.49%
Epoch 187, Train Loss: 0.2669, Test Loss: 0.6792, Test Accuracy: 66.22%, Best Test Accuracy: 66.49%
Epoch 188, Train Loss: 0.2474, Test Loss: 0.6790, Test Accuracy: 66.16%, Best Test Accuracy: 66.49%
Epoch 189, Train Loss: 0.2552, Test Loss: 0.6785, Test Accuracy: 66.36%, Best Test Accuracy: 66.49%
Epoch 190, Train Loss: 0.2761, Test Loss: 0.6789, Test Accuracy: 66.29%, Best Test Accuracy: 66.49%
Epoch 191, Train Loss: 0.2589, Test Loss: 0.6792, Test Accuracy: 66.16%, Best Test Accuracy: 66.49%
Epoch 192, Train Loss: 0.2298, Test Loss: 0.6791, Test Accuracy: 66.42%, Best Test Accuracy: 66.49%
Epoch 193, Train Loss: 0.2420, Test Loss: 0.6790, Test Accuracy: 66.36%, Best Test Accuracy: 66.49%
Epoch 194, Train Loss: 0.2492, Test Loss: 0.6789, Test Accuracy: 66.22%, Best Test Accuracy: 66.49%
Epoch 195, Train Loss: 0.2518, Test Loss: 0.6790, Test Accuracy: 66.29%, Best Test Accuracy: 66.49%
Epoch 196, Train Loss: 0.2775, Test Loss: 0.6792, Test Accuracy: 66.36%, Best Test Accuracy: 66.49%
Epoch 197, Train Loss: 0.2286, Test Loss: 0.6794, Test Accuracy: 66.36%, Best Test Accuracy: 66.49%
Epoch 198, Train Loss: 0.2331, Test Loss: 0.6796, Test Accuracy: 66.22%, Best Test Accuracy: 66.49%
Epoch 199, Train Loss: 0.2546, Test Loss: 0.6799, Test Accuracy: 66.09%, Best Test Accuracy: 66.49%
Epoch 200, Train Loss: 0.2670, Test Loss: 0.6798, Test Accuracy: 66.36%, Best Test Accuracy: 66.49%
Epoch 201, Train Loss: 0.2271, Test Loss: 0.6790, Test Accuracy: 66.29%, Best Test Accuracy: 66.49%
Epoch 202, Train Loss: 0.2526, Test Loss: 0.6793, Test Accuracy: 66.56%, Best Test Accuracy: 66.56%
Epoch 203, Train Loss: 0.2242, Test Loss: 0.6799, Test Accuracy: 66.49%, Best Test Accuracy: 66.56%
Epoch 204, Train Loss: 0.2439, Test Loss: 0.6791, Test Accuracy: 66.95%, Best Test Accuracy: 66.95%
Epoch 205, Train Loss: 0.2236, Test Loss: 0.6791, Test Accuracy: 66.95%, Best Test Accuracy: 66.95%
Epoch 206, Train Loss: 0.2119, Test Loss: 0.6786, Test Accuracy: 66.89%, Best Test Accuracy: 66.95%
Epoch 207, Train Loss: 0.2289, Test Loss: 0.6787, Test Accuracy: 67.29%, Best Test Accuracy: 67.29%
Epoch 208, Train Loss: 0.2616, Test Loss: 0.6790, Test Accuracy: 67.15%, Best Test Accuracy: 67.29%
Epoch 209, Train Loss: 0.2629, Test Loss: 0.6789, Test Accuracy: 67.29%, Best Test Accuracy: 67.29%
Epoch 210, Train Loss: 0.2327, Test Loss: 0.6798, Test Accuracy: 67.02%, Best Test Accuracy: 67.29%
Epoch 211, Train Loss: 0.2509, Test Loss: 0.6791, Test Accuracy: 67.09%, Best Test Accuracy: 67.29%
Epoch 212, Train Loss: 0.2137, Test Loss: 0.6786, Test Accuracy: 67.09%, Best Test Accuracy: 67.29%
Epoch 213, Train Loss: 0.2501, Test Loss: 0.6788, Test Accuracy: 66.95%, Best Test Accuracy: 67.29%
Epoch 214, Train Loss: 0.1958, Test Loss: 0.6786, Test Accuracy: 67.22%, Best Test Accuracy: 67.29%
Epoch 215, Train Loss: 0.2424, Test Loss: 0.6788, Test Accuracy: 67.22%, Best Test Accuracy: 67.29%
Epoch 216, Train Loss: 0.2364, Test Loss: 0.6789, Test Accuracy: 67.35%, Best Test Accuracy: 67.35%
Epoch 217, Train Loss: 0.2099, Test Loss: 0.6788, Test Accuracy: 67.49%, Best Test Accuracy: 67.49%
Epoch 218, Train Loss: 0.2725, Test Loss: 0.6785, Test Accuracy: 67.62%, Best Test Accuracy: 67.62%
Epoch 219, Train Loss: 0.2370, Test Loss: 0.6788, Test Accuracy: 67.75%, Best Test Accuracy: 67.75%
Epoch 220, Train Loss: 0.2186, Test Loss: 0.6797, Test Accuracy: 67.29%, Best Test Accuracy: 67.75%
Epoch 221, Train Loss: 0.2164, Test Loss: 0.6799, Test Accuracy: 67.35%, Best Test Accuracy: 67.75%
Epoch 222, Train Loss: 0.2272, Test Loss: 0.6798, Test Accuracy: 67.55%, Best Test Accuracy: 67.75%
Epoch 223, Train Loss: 0.2325, Test Loss: 0.6805, Test Accuracy: 67.49%, Best Test Accuracy: 67.75%
Epoch 224, Train Loss: 0.2107, Test Loss: 0.6804, Test Accuracy: 67.42%, Best Test Accuracy: 67.75%
Epoch 225, Train Loss: 0.2289, Test Loss: 0.6803, Test Accuracy: 67.49%, Best Test Accuracy: 67.75%
Epoch 226, Train Loss: 0.2094, Test Loss: 0.6804, Test Accuracy: 67.55%, Best Test Accuracy: 67.75%
Epoch 227, Train Loss: 0.2239, Test Loss: 0.6803, Test Accuracy: 67.62%, Best Test Accuracy: 67.75%
Epoch 228, Train Loss: 0.2259, Test Loss: 0.6809, Test Accuracy: 67.55%, Best Test Accuracy: 67.75%
Epoch 229, Train Loss: 0.2415, Test Loss: 0.6810, Test Accuracy: 67.55%, Best Test Accuracy: 67.75%
Epoch 230, Train Loss: 0.2309, Test Loss: 0.6817, Test Accuracy: 67.42%, Best Test Accuracy: 67.75%
Epoch 231, Train Loss: 0.2105, Test Loss: 0.6817, Test Accuracy: 67.55%, Best Test Accuracy: 67.75%
Epoch 232, Train Loss: 0.1925, Test Loss: 0.6818, Test Accuracy: 67.75%, Best Test Accuracy: 67.75%
Epoch 233, Train Loss: 0.1906, Test Loss: 0.6822, Test Accuracy: 67.62%, Best Test Accuracy: 67.75%
Epoch 234, Train Loss: 0.2278, Test Loss: 0.6826, Test Accuracy: 67.69%, Best Test Accuracy: 67.75%
Epoch 235, Train Loss: 0.2243, Test Loss: 0.6826, Test Accuracy: 67.69%, Best Test Accuracy: 67.75%
Epoch 236, Train Loss: 0.2280, Test Loss: 0.6829, Test Accuracy: 67.69%, Best Test Accuracy: 67.75%
Epoch 237, Train Loss: 0.2047, Test Loss: 0.6830, Test Accuracy: 67.95%, Best Test Accuracy: 67.95%
Epoch 238, Train Loss: 0.2215, Test Loss: 0.6827, Test Accuracy: 68.28%, Best Test Accuracy: 68.28%
Epoch 239, Train Loss: 0.1992, Test Loss: 0.6824, Test Accuracy: 68.55%, Best Test Accuracy: 68.55%
Epoch 240, Train Loss: 0.2175, Test Loss: 0.6823, Test Accuracy: 68.95%, Best Test Accuracy: 68.95%
Epoch 241, Train Loss: 0.2145, Test Loss: 0.6821, Test Accuracy: 68.82%, Best Test Accuracy: 68.95%
Epoch 242, Train Loss: 0.1956, Test Loss: 0.6827, Test Accuracy: 68.62%, Best Test Accuracy: 68.95%
Epoch 243, Train Loss: 0.2234, Test Loss: 0.6824, Test Accuracy: 68.68%, Best Test Accuracy: 68.95%
Epoch 244, Train Loss: 0.1921, Test Loss: 0.6828, Test Accuracy: 68.82%, Best Test Accuracy: 68.95%
Epoch 245, Train Loss: 0.1815, Test Loss: 0.6843, Test Accuracy: 68.48%, Best Test Accuracy: 68.95%
Epoch 246, Train Loss: 0.2128, Test Loss: 0.6838, Test Accuracy: 68.35%, Best Test Accuracy: 68.95%
Epoch 247, Train Loss: 0.2394, Test Loss: 0.6843, Test Accuracy: 68.42%, Best Test Accuracy: 68.95%
Epoch 248, Train Loss: 0.2462, Test Loss: 0.6846, Test Accuracy: 68.68%, Best Test Accuracy: 68.95%
Epoch 249, Train Loss: 0.1945, Test Loss: 0.6854, Test Accuracy: 68.88%, Best Test Accuracy: 68.95%
Epoch 250, Train Loss: 0.1977, Test Loss: 0.6851, Test Accuracy: 68.48%, Best Test Accuracy: 68.95%
Epoch 251, Train Loss: 0.2249, Test Loss: 0.6856, Test Accuracy: 68.75%, Best Test Accuracy: 68.95%
Epoch 252, Train Loss: 0.2018, Test Loss: 0.6852, Test Accuracy: 68.95%, Best Test Accuracy: 68.95%
Epoch 253, Train Loss: 0.2295, Test Loss: 0.6854, Test Accuracy: 68.88%, Best Test Accuracy: 68.95%
Epoch 254, Train Loss: 0.1626, Test Loss: 0.6869, Test Accuracy: 69.02%, Best Test Accuracy: 69.02%
Epoch 255, Train Loss: 0.2564, Test Loss: 0.6863, Test Accuracy: 68.95%, Best Test Accuracy: 69.02%
Epoch 256, Train Loss: 0.2155, Test Loss: 0.6855, Test Accuracy: 69.28%, Best Test Accuracy: 69.28%
Epoch 257, Train Loss: 0.1663, Test Loss: 0.6854, Test Accuracy: 69.55%, Best Test Accuracy: 69.55%
Epoch 258, Train Loss: 0.1978, Test Loss: 0.6861, Test Accuracy: 69.41%, Best Test Accuracy: 69.55%
Epoch 259, Train Loss: 0.1703, Test Loss: 0.6861, Test Accuracy: 69.55%, Best Test Accuracy: 69.55%
Epoch 260, Train Loss: 0.1983, Test Loss: 0.6862, Test Accuracy: 69.68%, Best Test Accuracy: 69.68%
Epoch 261, Train Loss: 0.2007, Test Loss: 0.6864, Test Accuracy: 69.75%, Best Test Accuracy: 69.75%
Epoch 262, Train Loss: 0.1792, Test Loss: 0.6868, Test Accuracy: 69.75%, Best Test Accuracy: 69.75%
Epoch 263, Train Loss: 0.2255, Test Loss: 0.6870, Test Accuracy: 69.61%, Best Test Accuracy: 69.75%
Epoch 264, Train Loss: 0.1983, Test Loss: 0.6872, Test Accuracy: 69.68%, Best Test Accuracy: 69.75%
Epoch 265, Train Loss: 0.1980, Test Loss: 0.6884, Test Accuracy: 69.55%, Best Test Accuracy: 69.75%
Epoch 266, Train Loss: 0.1923, Test Loss: 0.6884, Test Accuracy: 69.55%, Best Test Accuracy: 69.75%
Epoch 267, Train Loss: 0.1749, Test Loss: 0.6878, Test Accuracy: 69.68%, Best Test Accuracy: 69.75%
Epoch 268, Train Loss: 0.1763, Test Loss: 0.6879, Test Accuracy: 69.81%, Best Test Accuracy: 69.81%
Epoch 269, Train Loss: 0.2135, Test Loss: 0.6871, Test Accuracy: 69.88%, Best Test Accuracy: 69.88%
Epoch 270, Train Loss: 0.1720, Test Loss: 0.6876, Test Accuracy: 69.88%, Best Test Accuracy: 69.88%
Epoch 271, Train Loss: 0.2114, Test Loss: 0.6882, Test Accuracy: 69.81%, Best Test Accuracy: 69.88%
Epoch 272, Train Loss: 0.2043, Test Loss: 0.6891, Test Accuracy: 69.61%, Best Test Accuracy: 69.88%
Epoch 273, Train Loss: 0.2054, Test Loss: 0.6892, Test Accuracy: 69.41%, Best Test Accuracy: 69.88%
Epoch 274, Train Loss: 0.2067, Test Loss: 0.6893, Test Accuracy: 69.55%, Best Test Accuracy: 69.88%
Epoch 275, Train Loss: 0.1696, Test Loss: 0.6895, Test Accuracy: 69.81%, Best Test Accuracy: 69.88%
Epoch 276, Train Loss: 0.1608, Test Loss: 0.6872, Test Accuracy: 70.01%, Best Test Accuracy: 70.01%
Epoch 277, Train Loss: 0.2071, Test Loss: 0.6874, Test Accuracy: 70.01%, Best Test Accuracy: 70.01%
Epoch 278, Train Loss: 0.2066, Test Loss: 0.6875, Test Accuracy: 69.88%, Best Test Accuracy: 70.01%
Epoch 279, Train Loss: 0.1805, Test Loss: 0.6876, Test Accuracy: 70.08%, Best Test Accuracy: 70.08%
Epoch 280, Train Loss: 0.2115, Test Loss: 0.6875, Test Accuracy: 70.08%, Best Test Accuracy: 70.08%
Epoch 281, Train Loss: 0.1924, Test Loss: 0.6879, Test Accuracy: 70.01%, Best Test Accuracy: 70.08%
Epoch 282, Train Loss: 0.2044, Test Loss: 0.6883, Test Accuracy: 70.21%, Best Test Accuracy: 70.21%
Epoch 283, Train Loss: 0.1900, Test Loss: 0.6880, Test Accuracy: 70.21%, Best Test Accuracy: 70.21%
Epoch 284, Train Loss: 0.1736, Test Loss: 0.6884, Test Accuracy: 70.28%, Best Test Accuracy: 70.28%
Epoch 285, Train Loss: 0.2130, Test Loss: 0.6915, Test Accuracy: 69.55%, Best Test Accuracy: 70.28%
Epoch 286, Train Loss: 0.1980, Test Loss: 0.6912, Test Accuracy: 69.61%, Best Test Accuracy: 70.28%
Epoch 287, Train Loss: 0.1661, Test Loss: 0.6913, Test Accuracy: 69.68%, Best Test Accuracy: 70.28%
Epoch 288, Train Loss: 0.2191, Test Loss: 0.6925, Test Accuracy: 69.68%, Best Test Accuracy: 70.28%
Epoch 289, Train Loss: 0.1866, Test Loss: 0.6929, Test Accuracy: 69.95%, Best Test Accuracy: 70.28%
Epoch 290, Train Loss: 0.1488, Test Loss: 0.6915, Test Accuracy: 69.81%, Best Test Accuracy: 70.28%
Epoch 291, Train Loss: 0.1958, Test Loss: 0.6920, Test Accuracy: 70.15%, Best Test Accuracy: 70.28%
Epoch 292, Train Loss: 0.1705, Test Loss: 0.6919, Test Accuracy: 70.21%, Best Test Accuracy: 70.28%
Epoch 293, Train Loss: 0.1916, Test Loss: 0.6926, Test Accuracy: 70.28%, Best Test Accuracy: 70.28%
Epoch 294, Train Loss: 0.2010, Test Loss: 0.6938, Test Accuracy: 70.21%, Best Test Accuracy: 70.28%
Epoch 295, Train Loss: 0.2067, Test Loss: 0.6938, Test Accuracy: 70.48%, Best Test Accuracy: 70.48%
Epoch 296, Train Loss: 0.2074, Test Loss: 0.6944, Test Accuracy: 70.35%, Best Test Accuracy: 70.48%
Epoch 297, Train Loss: 0.1679, Test Loss: 0.6945, Test Accuracy: 70.41%, Best Test Accuracy: 70.48%
Epoch 298, Train Loss: 0.1621, Test Loss: 0.6944, Test Accuracy: 70.41%, Best Test Accuracy: 70.48%
Epoch 299, Train Loss: 0.1701, Test Loss: 0.6932, Test Accuracy: 70.68%, Best Test Accuracy: 70.68%
Epoch 300, Train Loss: 0.2211, Test Loss: 0.6931, Test Accuracy: 70.61%, Best Test Accuracy: 70.68%
Epoch 301, Train Loss: 0.1653, Test Loss: 0.6936, Test Accuracy: 70.68%, Best Test Accuracy: 70.68%
Epoch 302, Train Loss: 0.1667, Test Loss: 0.6940, Test Accuracy: 70.68%, Best Test Accuracy: 70.68%
Epoch 303, Train Loss: 0.2634, Test Loss: 0.6819, Test Accuracy: 72.14%, Best Test Accuracy: 72.14%
Epoch 304, Train Loss: 0.1978, Test Loss: 0.6835, Test Accuracy: 72.14%, Best Test Accuracy: 72.14%
Epoch 305, Train Loss: 0.1999, Test Loss: 0.6839, Test Accuracy: 72.14%, Best Test Accuracy: 72.14%
Epoch 306, Train Loss: 0.2057, Test Loss: 0.6851, Test Accuracy: 72.21%, Best Test Accuracy: 72.21%
Epoch 307, Train Loss: 0.1738, Test Loss: 0.6851, Test Accuracy: 72.07%, Best Test Accuracy: 72.21%
Epoch 308, Train Loss: 0.1880, Test Loss: 0.6822, Test Accuracy: 72.34%, Best Test Accuracy: 72.34%
Epoch 309, Train Loss: 0.1876, Test Loss: 0.6825, Test Accuracy: 72.34%, Best Test Accuracy: 72.34%
Epoch 310, Train Loss: 0.2249, Test Loss: 0.6827, Test Accuracy: 72.47%, Best Test Accuracy: 72.47%
Epoch 311, Train Loss: 0.1899, Test Loss: 0.6835, Test Accuracy: 72.41%, Best Test Accuracy: 72.47%
Epoch 312, Train Loss: 0.2011, Test Loss: 0.6839, Test Accuracy: 72.27%, Best Test Accuracy: 72.47%
Epoch 313, Train Loss: 0.1837, Test Loss: 0.6849, Test Accuracy: 72.14%, Best Test Accuracy: 72.47%
Epoch 314, Train Loss: 0.1787, Test Loss: 0.6866, Test Accuracy: 71.81%, Best Test Accuracy: 72.47%
Epoch 315, Train Loss: 0.1805, Test Loss: 0.6871, Test Accuracy: 71.74%, Best Test Accuracy: 72.47%
Epoch 316, Train Loss: 0.1630, Test Loss: 0.6872, Test Accuracy: 71.74%, Best Test Accuracy: 72.47%
Epoch 317, Train Loss: 0.1665, Test Loss: 0.6872, Test Accuracy: 71.81%, Best Test Accuracy: 72.47%
Epoch 318, Train Loss: 0.2362, Test Loss: 0.6945, Test Accuracy: 71.34%, Best Test Accuracy: 72.47%
Epoch 319, Train Loss: 0.1969, Test Loss: 0.6943, Test Accuracy: 71.41%, Best Test Accuracy: 72.47%
Epoch 320, Train Loss: 0.2091, Test Loss: 0.6956, Test Accuracy: 71.28%, Best Test Accuracy: 72.47%
Epoch 321, Train Loss: 0.1552, Test Loss: 0.6957, Test Accuracy: 71.01%, Best Test Accuracy: 72.47%
Epoch 322, Train Loss: 0.1761, Test Loss: 0.6965, Test Accuracy: 71.08%, Best Test Accuracy: 72.47%
Epoch 323, Train Loss: 0.2410, Test Loss: 0.6965, Test Accuracy: 71.08%, Best Test Accuracy: 72.47%
Epoch 324, Train Loss: 0.2107, Test Loss: 0.6979, Test Accuracy: 71.01%, Best Test Accuracy: 72.47%
Epoch 325, Train Loss: 0.1886, Test Loss: 0.6979, Test Accuracy: 71.01%, Best Test Accuracy: 72.47%
Epoch 326, Train Loss: 0.1610, Test Loss: 0.6965, Test Accuracy: 71.08%, Best Test Accuracy: 72.47%
Epoch 327, Train Loss: 0.2114, Test Loss: 0.6955, Test Accuracy: 71.28%, Best Test Accuracy: 72.47%
Epoch 328, Train Loss: 0.1452, Test Loss: 0.6962, Test Accuracy: 71.21%, Best Test Accuracy: 72.47%
Epoch 329, Train Loss: 0.1590, Test Loss: 0.6960, Test Accuracy: 71.34%, Best Test Accuracy: 72.47%
Epoch 330, Train Loss: 0.1631, Test Loss: 0.6960, Test Accuracy: 71.41%, Best Test Accuracy: 72.47%
Epoch 331, Train Loss: 0.1953, Test Loss: 0.6947, Test Accuracy: 71.54%, Best Test Accuracy: 72.47%
Epoch 332, Train Loss: 0.1589, Test Loss: 0.6949, Test Accuracy: 71.68%, Best Test Accuracy: 72.47%
Epoch 333, Train Loss: 0.1964, Test Loss: 0.6950, Test Accuracy: 71.61%, Best Test Accuracy: 72.47%
Epoch 334, Train Loss: 0.1732, Test Loss: 0.6959, Test Accuracy: 71.54%, Best Test Accuracy: 72.47%
Epoch 335, Train Loss: 0.1743, Test Loss: 0.6970, Test Accuracy: 71.61%, Best Test Accuracy: 72.47%
Epoch 336, Train Loss: 0.1576, Test Loss: 0.7015, Test Accuracy: 71.14%, Best Test Accuracy: 72.47%
Epoch 337, Train Loss: 0.1844, Test Loss: 0.7021, Test Accuracy: 71.14%, Best Test Accuracy: 72.47%
Epoch 338, Train Loss: 0.1777, Test Loss: 0.7013, Test Accuracy: 71.21%, Best Test Accuracy: 72.47%
Epoch 339, Train Loss: 0.1557, Test Loss: 0.7011, Test Accuracy: 71.34%, Best Test Accuracy: 72.47%
Epoch 340, Train Loss: 0.1860, Test Loss: 0.7048, Test Accuracy: 71.01%, Best Test Accuracy: 72.47%
Epoch 341, Train Loss: 0.1667, Test Loss: 0.7047, Test Accuracy: 71.08%, Best Test Accuracy: 72.47%
Epoch 342, Train Loss: 0.1565, Test Loss: 0.7058, Test Accuracy: 71.08%, Best Test Accuracy: 72.47%
Epoch 343, Train Loss: 0.1801, Test Loss: 0.7030, Test Accuracy: 71.21%, Best Test Accuracy: 72.47%
Epoch 344, Train Loss: 0.1607, Test Loss: 0.7038, Test Accuracy: 71.14%, Best Test Accuracy: 72.47%
Epoch 345, Train Loss: 0.1468, Test Loss: 0.7047, Test Accuracy: 71.14%, Best Test Accuracy: 72.47%
Epoch 346, Train Loss: 0.2136, Test Loss: 0.7054, Test Accuracy: 71.08%, Best Test Accuracy: 72.47%
Epoch 347, Train Loss: 0.1639, Test Loss: 0.7060, Test Accuracy: 71.01%, Best Test Accuracy: 72.47%
Epoch 348, Train Loss: 0.1480, Test Loss: 0.7056, Test Accuracy: 71.01%, Best Test Accuracy: 72.47%
Epoch 349, Train Loss: 0.1756, Test Loss: 0.7052, Test Accuracy: 71.21%, Best Test Accuracy: 72.47%
Epoch 350, Train Loss: 0.2439, Test Loss: 0.7046, Test Accuracy: 71.21%, Best Test Accuracy: 72.47%
Epoch 351, Train Loss: 0.1814, Test Loss: 0.7055, Test Accuracy: 71.21%, Best Test Accuracy: 72.47%
Epoch 352, Train Loss: 0.2240, Test Loss: 0.7055, Test Accuracy: 71.14%, Best Test Accuracy: 72.47%
Epoch 353, Train Loss: 0.1558, Test Loss: 0.7063, Test Accuracy: 71.14%, Best Test Accuracy: 72.47%
Epoch 354, Train Loss: 0.1504, Test Loss: 0.7045, Test Accuracy: 71.41%, Best Test Accuracy: 72.47%
Epoch 355, Train Loss: 0.1910, Test Loss: 0.7049, Test Accuracy: 71.41%, Best Test Accuracy: 72.47%
Epoch 356, Train Loss: 0.1748, Test Loss: 0.7036, Test Accuracy: 71.61%, Best Test Accuracy: 72.47%
Epoch 357, Train Loss: 0.2140, Test Loss: 0.7047, Test Accuracy: 71.54%, Best Test Accuracy: 72.47%
Epoch 358, Train Loss: 0.1851, Test Loss: 0.7049, Test Accuracy: 71.41%, Best Test Accuracy: 72.47%
Epoch 359, Train Loss: 0.1882, Test Loss: 0.7056, Test Accuracy: 71.41%, Best Test Accuracy: 72.47%
Epoch 360, Train Loss: 0.1650, Test Loss: 0.7074, Test Accuracy: 71.21%, Best Test Accuracy: 72.47%
Epoch 361, Train Loss: 0.1556, Test Loss: 0.7081, Test Accuracy: 71.21%, Best Test Accuracy: 72.47%
Epoch 362, Train Loss: 0.1905, Test Loss: 0.7086, Test Accuracy: 71.21%, Best Test Accuracy: 72.47%
Epoch 363, Train Loss: 0.1786, Test Loss: 0.7089, Test Accuracy: 71.21%, Best Test Accuracy: 72.47%
Epoch 364, Train Loss: 0.1352, Test Loss: 0.7105, Test Accuracy: 71.14%, Best Test Accuracy: 72.47%
Epoch 365, Train Loss: 0.1393, Test Loss: 0.7105, Test Accuracy: 71.21%, Best Test Accuracy: 72.47%
Epoch 366, Train Loss: 0.2070, Test Loss: 0.7115, Test Accuracy: 71.14%, Best Test Accuracy: 72.47%
Epoch 367, Train Loss: 0.1588, Test Loss: 0.7118, Test Accuracy: 71.08%, Best Test Accuracy: 72.47%
Epoch 368, Train Loss: 0.2064, Test Loss: 0.7126, Test Accuracy: 71.14%, Best Test Accuracy: 72.47%
Epoch 369, Train Loss: 0.1493, Test Loss: 0.7108, Test Accuracy: 71.08%, Best Test Accuracy: 72.47%
Epoch 370, Train Loss: 0.1402, Test Loss: 0.7124, Test Accuracy: 71.01%, Best Test Accuracy: 72.47%
Epoch 371, Train Loss: 0.1931, Test Loss: 0.7126, Test Accuracy: 71.01%, Best Test Accuracy: 72.47%
Epoch 372, Train Loss: 0.2121, Test Loss: 0.7121, Test Accuracy: 71.14%, Best Test Accuracy: 72.47%
Epoch 373, Train Loss: 0.1947, Test Loss: 0.7128, Test Accuracy: 71.14%, Best Test Accuracy: 72.47%
Epoch 374, Train Loss: 0.2177, Test Loss: 0.7137, Test Accuracy: 71.01%, Best Test Accuracy: 72.47%
Epoch 375, Train Loss: 0.1646, Test Loss: 0.7144, Test Accuracy: 71.01%, Best Test Accuracy: 72.47%
Epoch 376, Train Loss: 0.1787, Test Loss: 0.7129, Test Accuracy: 71.34%, Best Test Accuracy: 72.47%
Epoch 377, Train Loss: 0.1370, Test Loss: 0.7138, Test Accuracy: 71.08%, Best Test Accuracy: 72.47%
Epoch 378, Train Loss: 0.1750, Test Loss: 0.7144, Test Accuracy: 71.01%, Best Test Accuracy: 72.47%
Epoch 379, Train Loss: 0.1860, Test Loss: 0.7135, Test Accuracy: 71.14%, Best Test Accuracy: 72.47%
Epoch 380, Train Loss: 0.2191, Test Loss: 0.7142, Test Accuracy: 71.21%, Best Test Accuracy: 72.47%
Epoch 381, Train Loss: 0.1897, Test Loss: 0.7147, Test Accuracy: 71.21%, Best Test Accuracy: 72.47%
Epoch 382, Train Loss: 0.1892, Test Loss: 0.7142, Test Accuracy: 71.21%, Best Test Accuracy: 72.47%
Epoch 383, Train Loss: 0.1488, Test Loss: 0.7144, Test Accuracy: 71.08%, Best Test Accuracy: 72.47%
Epoch 384, Train Loss: 0.1457, Test Loss: 0.7147, Test Accuracy: 71.14%, Best Test Accuracy: 72.47%
Epoch 385, Train Loss: 0.1565, Test Loss: 0.7145, Test Accuracy: 71.08%, Best Test Accuracy: 72.47%
Epoch 386, Train Loss: 0.1549, Test Loss: 0.7141, Test Accuracy: 71.14%, Best Test Accuracy: 72.47%
Epoch 387, Train Loss: 0.1782, Test Loss: 0.7154, Test Accuracy: 71.08%, Best Test Accuracy: 72.47%
Epoch 388, Train Loss: 0.1901, Test Loss: 0.7149, Test Accuracy: 71.08%, Best Test Accuracy: 72.47%
Epoch 389, Train Loss: 0.1503, Test Loss: 0.7146, Test Accuracy: 71.34%, Best Test Accuracy: 72.47%
Epoch 390, Train Loss: 0.1680, Test Loss: 0.7151, Test Accuracy: 71.28%, Best Test Accuracy: 72.47%
Epoch 391, Train Loss: 0.1910, Test Loss: 0.7153, Test Accuracy: 71.28%, Best Test Accuracy: 72.47%
Epoch 392, Train Loss: 0.1585, Test Loss: 0.7151, Test Accuracy: 71.48%, Best Test Accuracy: 72.47%
Epoch 393, Train Loss: 0.2130, Test Loss: 0.7154, Test Accuracy: 71.68%, Best Test Accuracy: 72.47%
Epoch 394, Train Loss: 0.2120, Test Loss: 0.7170, Test Accuracy: 71.41%, Best Test Accuracy: 72.47%
Epoch 395, Train Loss: 0.1909, Test Loss: 0.7185, Test Accuracy: 71.28%, Best Test Accuracy: 72.47%
Epoch 396, Train Loss: 0.1715, Test Loss: 0.7154, Test Accuracy: 71.61%, Best Test Accuracy: 72.47%
Epoch 397, Train Loss: 0.1971, Test Loss: 0.7162, Test Accuracy: 71.41%, Best Test Accuracy: 72.47%
Epoch 398, Train Loss: 0.1753, Test Loss: 0.7168, Test Accuracy: 71.48%, Best Test Accuracy: 72.47%
Epoch 399, Train Loss: 0.1465, Test Loss: 0.7175, Test Accuracy: 71.41%, Best Test Accuracy: 72.47%
Epoch 400, Train Loss: 0.1725, Test Loss: 0.7183, Test Accuracy: 71.41%, Best Test Accuracy: 72.47%
Epoch 401, Train Loss: 0.1708, Test Loss: 0.7126, Test Accuracy: 71.94%, Best Test Accuracy: 72.47%
Epoch 402, Train Loss: 0.1784, Test Loss: 0.7131, Test Accuracy: 72.07%, Best Test Accuracy: 72.47%
Epoch 403, Train Loss: 0.1871, Test Loss: 0.7130, Test Accuracy: 71.94%, Best Test Accuracy: 72.47%
Epoch 404, Train Loss: 0.1792, Test Loss: 0.7157, Test Accuracy: 71.81%, Best Test Accuracy: 72.47%
Epoch 405, Train Loss: 0.1369, Test Loss: 0.7170, Test Accuracy: 71.74%, Best Test Accuracy: 72.47%
Epoch 406, Train Loss: 0.1738, Test Loss: 0.7188, Test Accuracy: 71.74%, Best Test Accuracy: 72.47%
Epoch 407, Train Loss: 0.1692, Test Loss: 0.7190, Test Accuracy: 71.74%, Best Test Accuracy: 72.47%
Epoch 408, Train Loss: 0.1507, Test Loss: 0.7192, Test Accuracy: 71.68%, Best Test Accuracy: 72.47%
Epoch 409, Train Loss: 0.1529, Test Loss: 0.7198, Test Accuracy: 71.68%, Best Test Accuracy: 72.47%
Epoch 410, Train Loss: 0.1445, Test Loss: 0.7179, Test Accuracy: 71.68%, Best Test Accuracy: 72.47%
Epoch 411, Train Loss: 0.1562, Test Loss: 0.7194, Test Accuracy: 71.61%, Best Test Accuracy: 72.47%
Epoch 412, Train Loss: 0.1917, Test Loss: 0.7199, Test Accuracy: 71.54%, Best Test Accuracy: 72.47%
Epoch 413, Train Loss: 0.1969, Test Loss: 0.7225, Test Accuracy: 71.61%, Best Test Accuracy: 72.47%
Epoch 414, Train Loss: 0.1186, Test Loss: 0.7230, Test Accuracy: 71.74%, Best Test Accuracy: 72.47%
Epoch 415, Train Loss: 0.1549, Test Loss: 0.7240, Test Accuracy: 71.68%, Best Test Accuracy: 72.47%
Epoch 416, Train Loss: 0.1629, Test Loss: 0.7243, Test Accuracy: 71.68%, Best Test Accuracy: 72.47%
Epoch 417, Train Loss: 0.1438, Test Loss: 0.7242, Test Accuracy: 71.74%, Best Test Accuracy: 72.47%
Epoch 418, Train Loss: 0.2017, Test Loss: 0.7273, Test Accuracy: 71.74%, Best Test Accuracy: 72.47%
Epoch 419, Train Loss: 0.1586, Test Loss: 0.7273, Test Accuracy: 71.68%, Best Test Accuracy: 72.47%
Epoch 420, Train Loss: 0.1465, Test Loss: 0.7275, Test Accuracy: 71.74%, Best Test Accuracy: 72.47%
Epoch 421, Train Loss: 0.1456, Test Loss: 0.7277, Test Accuracy: 71.68%, Best Test Accuracy: 72.47%
Epoch 422, Train Loss: 0.1486, Test Loss: 0.7287, Test Accuracy: 71.81%, Best Test Accuracy: 72.47%
Epoch 423, Train Loss: 0.1746, Test Loss: 0.7294, Test Accuracy: 71.74%, Best Test Accuracy: 72.47%
Epoch 424, Train Loss: 0.1381, Test Loss: 0.7298, Test Accuracy: 71.81%, Best Test Accuracy: 72.47%
Epoch 425, Train Loss: 0.1872, Test Loss: 0.7292, Test Accuracy: 71.74%, Best Test Accuracy: 72.47%
Epoch 426, Train Loss: 0.2012, Test Loss: 0.7280, Test Accuracy: 71.74%, Best Test Accuracy: 72.47%
Epoch 427, Train Loss: 0.1734, Test Loss: 0.7271, Test Accuracy: 71.81%, Best Test Accuracy: 72.47%
Epoch 428, Train Loss: 0.1261, Test Loss: 0.7255, Test Accuracy: 71.68%, Best Test Accuracy: 72.47%
Epoch 429, Train Loss: 0.2035, Test Loss: 0.7259, Test Accuracy: 71.68%, Best Test Accuracy: 72.47%
Epoch 430, Train Loss: 0.1344, Test Loss: 0.7405, Test Accuracy: 70.81%, Best Test Accuracy: 72.47%
Epoch 431, Train Loss: 0.1470, Test Loss: 0.7414, Test Accuracy: 70.48%, Best Test Accuracy: 72.47%
Epoch 432, Train Loss: 0.2028, Test Loss: 0.7295, Test Accuracy: 72.07%, Best Test Accuracy: 72.47%
Epoch 433, Train Loss: 0.1541, Test Loss: 0.7301, Test Accuracy: 72.07%, Best Test Accuracy: 72.47%
Epoch 434, Train Loss: 0.1335, Test Loss: 0.7306, Test Accuracy: 71.94%, Best Test Accuracy: 72.47%
Epoch 435, Train Loss: 0.1771, Test Loss: 0.7310, Test Accuracy: 71.94%, Best Test Accuracy: 72.47%
Epoch 436, Train Loss: 0.1657, Test Loss: 0.7221, Test Accuracy: 72.47%, Best Test Accuracy: 72.47%
Epoch 437, Train Loss: 0.1392, Test Loss: 0.7227, Test Accuracy: 72.41%, Best Test Accuracy: 72.47%
Epoch 438, Train Loss: 0.1628, Test Loss: 0.7221, Test Accuracy: 72.67%, Best Test Accuracy: 72.67%
Epoch 439, Train Loss: 0.1771, Test Loss: 0.7226, Test Accuracy: 72.54%, Best Test Accuracy: 72.67%
Epoch 440, Train Loss: 0.1816, Test Loss: 0.7224, Test Accuracy: 72.67%, Best Test Accuracy: 72.67%
Epoch 441, Train Loss: 0.1476, Test Loss: 0.7229, Test Accuracy: 72.67%, Best Test Accuracy: 72.67%
Epoch 442, Train Loss: 0.1639, Test Loss: 0.7242, Test Accuracy: 72.54%, Best Test Accuracy: 72.67%
Epoch 443, Train Loss: 0.1913, Test Loss: 0.7205, Test Accuracy: 72.94%, Best Test Accuracy: 72.94%
Epoch 444, Train Loss: 0.1755, Test Loss: 0.7212, Test Accuracy: 72.87%, Best Test Accuracy: 72.94%
Epoch 445, Train Loss: 0.1523, Test Loss: 0.7217, Test Accuracy: 72.87%, Best Test Accuracy: 72.94%
Epoch 446, Train Loss: 0.1528, Test Loss: 0.7232, Test Accuracy: 72.81%, Best Test Accuracy: 72.94%
Epoch 447, Train Loss: 0.1430, Test Loss: 0.7235, Test Accuracy: 72.81%, Best Test Accuracy: 72.94%
Epoch 448, Train Loss: 0.1680, Test Loss: 0.7253, Test Accuracy: 72.74%, Best Test Accuracy: 72.94%
Epoch 449, Train Loss: 0.1470, Test Loss: 0.7156, Test Accuracy: 74.67%, Best Test Accuracy: 74.67%
Epoch 450, Train Loss: 0.2127, Test Loss: 0.7163, Test Accuracy: 74.80%, Best Test Accuracy: 74.80%
Epoch 451, Train Loss: 0.1528, Test Loss: 0.7167, Test Accuracy: 74.67%, Best Test Accuracy: 74.80%
Epoch 452, Train Loss: 0.1645, Test Loss: 0.7188, Test Accuracy: 74.53%, Best Test Accuracy: 74.80%
Epoch 453, Train Loss: 0.1779, Test Loss: 0.7192, Test Accuracy: 74.53%, Best Test Accuracy: 74.80%
Epoch 454, Train Loss: 0.2123, Test Loss: 0.7199, Test Accuracy: 74.34%, Best Test Accuracy: 74.80%
Epoch 455, Train Loss: 0.1612, Test Loss: 0.7205, Test Accuracy: 74.20%, Best Test Accuracy: 74.80%
Epoch 456, Train Loss: 0.1961, Test Loss: 0.7162, Test Accuracy: 73.40%, Best Test Accuracy: 74.80%
Epoch 457, Train Loss: 0.1420, Test Loss: 0.7169, Test Accuracy: 73.47%, Best Test Accuracy: 74.80%
Epoch 458, Train Loss: 0.1711, Test Loss: 0.7179, Test Accuracy: 73.47%, Best Test Accuracy: 74.80%
Epoch 459, Train Loss: 0.1560, Test Loss: 0.7189, Test Accuracy: 73.54%, Best Test Accuracy: 74.80%
Epoch 460, Train Loss: 0.1899, Test Loss: 0.7195, Test Accuracy: 73.60%, Best Test Accuracy: 74.80%
Epoch 461, Train Loss: 0.2236, Test Loss: 0.7210, Test Accuracy: 73.60%, Best Test Accuracy: 74.80%
Epoch 462, Train Loss: 0.1541, Test Loss: 0.7231, Test Accuracy: 73.47%, Best Test Accuracy: 74.80%
Epoch 463, Train Loss: 0.1931, Test Loss: 0.7234, Test Accuracy: 73.47%, Best Test Accuracy: 74.80%
Epoch 464, Train Loss: 0.1668, Test Loss: 0.7243, Test Accuracy: 73.47%, Best Test Accuracy: 74.80%
Epoch 465, Train Loss: 0.1857, Test Loss: 0.7249, Test Accuracy: 73.47%, Best Test Accuracy: 74.80%
Epoch 466, Train Loss: 0.1833, Test Loss: 0.7253, Test Accuracy: 73.47%, Best Test Accuracy: 74.80%
Epoch 467, Train Loss: 0.1816, Test Loss: 0.7257, Test Accuracy: 73.47%, Best Test Accuracy: 74.80%
Epoch 468, Train Loss: 0.2123, Test Loss: 0.7260, Test Accuracy: 73.40%, Best Test Accuracy: 74.80%
Epoch 469, Train Loss: 0.1976, Test Loss: 0.7259, Test Accuracy: 73.47%, Best Test Accuracy: 74.80%
Epoch 470, Train Loss: 0.1954, Test Loss: 0.7251, Test Accuracy: 73.40%, Best Test Accuracy: 74.80%
Epoch 471, Train Loss: 0.1319, Test Loss: 0.7254, Test Accuracy: 73.40%, Best Test Accuracy: 74.80%
Epoch 472, Train Loss: 0.1781, Test Loss: 0.7254, Test Accuracy: 73.47%, Best Test Accuracy: 74.80%
Epoch 473, Train Loss: 0.1597, Test Loss: 0.7259, Test Accuracy: 73.54%, Best Test Accuracy: 74.80%
Epoch 474, Train Loss: 0.1542, Test Loss: 0.7266, Test Accuracy: 73.60%, Best Test Accuracy: 74.80%
Epoch 475, Train Loss: 0.1395, Test Loss: 0.7276, Test Accuracy: 73.54%, Best Test Accuracy: 74.80%
Epoch 476, Train Loss: 0.1365, Test Loss: 0.7277, Test Accuracy: 73.47%, Best Test Accuracy: 74.80%
Epoch 477, Train Loss: 0.1794, Test Loss: 0.7281, Test Accuracy: 73.47%, Best Test Accuracy: 74.80%
Epoch 478, Train Loss: 0.1473, Test Loss: 0.7292, Test Accuracy: 73.60%, Best Test Accuracy: 74.80%
Epoch 479, Train Loss: 0.1625, Test Loss: 0.7302, Test Accuracy: 73.67%, Best Test Accuracy: 74.80%
Epoch 480, Train Loss: 0.1564, Test Loss: 0.7303, Test Accuracy: 73.67%, Best Test Accuracy: 74.80%
Epoch 481, Train Loss: 0.1579, Test Loss: 0.7308, Test Accuracy: 73.60%, Best Test Accuracy: 74.80%
Epoch 482, Train Loss: 0.1560, Test Loss: 0.7312, Test Accuracy: 73.54%, Best Test Accuracy: 74.80%
Epoch 483, Train Loss: 0.1726, Test Loss: 0.7314, Test Accuracy: 73.54%, Best Test Accuracy: 74.80%
Epoch 484, Train Loss: 0.1525, Test Loss: 0.7321, Test Accuracy: 73.47%, Best Test Accuracy: 74.80%
Epoch 485, Train Loss: 0.1190, Test Loss: 0.7341, Test Accuracy: 73.40%, Best Test Accuracy: 74.80%
Epoch 486, Train Loss: 0.1595, Test Loss: 0.7349, Test Accuracy: 73.27%, Best Test Accuracy: 74.80%
Epoch 487, Train Loss: 0.2348, Test Loss: 0.7357, Test Accuracy: 73.14%, Best Test Accuracy: 74.80%
Epoch 488, Train Loss: 0.1386, Test Loss: 0.7356, Test Accuracy: 73.14%, Best Test Accuracy: 74.80%
Epoch 489, Train Loss: 0.1275, Test Loss: 0.7353, Test Accuracy: 73.34%, Best Test Accuracy: 74.80%
Epoch 490, Train Loss: 0.1443, Test Loss: 0.7360, Test Accuracy: 73.27%, Best Test Accuracy: 74.80%
Epoch 491, Train Loss: 0.2485, Test Loss: 0.7359, Test Accuracy: 73.27%, Best Test Accuracy: 74.80%
Epoch 492, Train Loss: 0.1745, Test Loss: 0.7368, Test Accuracy: 73.20%, Best Test Accuracy: 74.80%
Epoch 493, Train Loss: 0.1600, Test Loss: 0.7375, Test Accuracy: 73.14%, Best Test Accuracy: 74.80%
Epoch 494, Train Loss: 0.1614, Test Loss: 0.7378, Test Accuracy: 73.01%, Best Test Accuracy: 74.80%
Epoch 495, Train Loss: 0.1589, Test Loss: 0.7381, Test Accuracy: 73.01%, Best Test Accuracy: 74.80%
Epoch 496, Train Loss: 0.1817, Test Loss: 0.7386, Test Accuracy: 72.87%, Best Test Accuracy: 74.80%
Epoch 497, Train Loss: 0.1536, Test Loss: 0.7409, Test Accuracy: 72.81%, Best Test Accuracy: 74.80%
Epoch 498, Train Loss: 0.1646, Test Loss: 0.7419, Test Accuracy: 72.67%, Best Test Accuracy: 74.80%
Epoch 499, Train Loss: 0.1673, Test Loss: 0.7407, Test Accuracy: 72.74%, Best Test Accuracy: 74.80%
Epoch 500, Train Loss: 0.1941, Test Loss: 0.7416, Test Accuracy: 72.81%, Best Test Accuracy: 74.80%
Epoch 501, Train Loss: 0.1696, Test Loss: 0.7422, Test Accuracy: 72.54%, Best Test Accuracy: 74.80%
Epoch 502, Train Loss: 0.1261, Test Loss: 0.7423, Test Accuracy: 72.74%, Best Test Accuracy: 74.80%
Epoch 503, Train Loss: 0.1344, Test Loss: 0.7424, Test Accuracy: 72.74%, Best Test Accuracy: 74.80%
Epoch 504, Train Loss: 0.1477, Test Loss: 0.7423, Test Accuracy: 72.67%, Best Test Accuracy: 74.80%
Epoch 505, Train Loss: 0.1451, Test Loss: 0.7431, Test Accuracy: 72.74%, Best Test Accuracy: 74.80%
Epoch 506, Train Loss: 0.1702, Test Loss: 0.7442, Test Accuracy: 72.74%, Best Test Accuracy: 74.80%
Epoch 507, Train Loss: 0.1978, Test Loss: 0.7443, Test Accuracy: 72.74%, Best Test Accuracy: 74.80%
Epoch 508, Train Loss: 0.1696, Test Loss: 0.7447, Test Accuracy: 72.67%, Best Test Accuracy: 74.80%
Epoch 509, Train Loss: 0.2056, Test Loss: 0.7445, Test Accuracy: 72.67%, Best Test Accuracy: 74.80%
Epoch 510, Train Loss: 0.1461, Test Loss: 0.7447, Test Accuracy: 72.61%, Best Test Accuracy: 74.80%
Epoch 511, Train Loss: 0.1501, Test Loss: 0.7444, Test Accuracy: 72.61%, Best Test Accuracy: 74.80%
Epoch 512, Train Loss: 0.1326, Test Loss: 0.7405, Test Accuracy: 73.20%, Best Test Accuracy: 74.80%
Epoch 513, Train Loss: 0.1693, Test Loss: 0.7408, Test Accuracy: 73.20%, Best Test Accuracy: 74.80%
Epoch 514, Train Loss: 0.1995, Test Loss: 0.7409, Test Accuracy: 73.27%, Best Test Accuracy: 74.80%
Epoch 515, Train Loss: 0.2558, Test Loss: 0.7428, Test Accuracy: 72.87%, Best Test Accuracy: 74.80%
Epoch 516, Train Loss: 0.1872, Test Loss: 0.7430, Test Accuracy: 72.74%, Best Test Accuracy: 74.80%
Epoch 517, Train Loss: 0.1963, Test Loss: 0.7433, Test Accuracy: 72.87%, Best Test Accuracy: 74.80%
Epoch 518, Train Loss: 0.1440, Test Loss: 0.7433, Test Accuracy: 72.81%, Best Test Accuracy: 74.80%
Epoch 519, Train Loss: 0.1153, Test Loss: 0.7435, Test Accuracy: 72.81%, Best Test Accuracy: 74.80%
Epoch 520, Train Loss: 0.1151, Test Loss: 0.7439, Test Accuracy: 72.81%, Best Test Accuracy: 74.80%
Epoch 521, Train Loss: 0.1647, Test Loss: 0.7453, Test Accuracy: 72.74%, Best Test Accuracy: 74.80%
Epoch 522, Train Loss: 0.1260, Test Loss: 0.7449, Test Accuracy: 72.81%, Best Test Accuracy: 74.80%
Epoch 523, Train Loss: 0.1454, Test Loss: 0.7447, Test Accuracy: 72.81%, Best Test Accuracy: 74.80%
Epoch 524, Train Loss: 0.1542, Test Loss: 0.7399, Test Accuracy: 73.14%, Best Test Accuracy: 74.80%
Epoch 525, Train Loss: 0.1412, Test Loss: 0.7405, Test Accuracy: 73.01%, Best Test Accuracy: 74.80%
Epoch 526, Train Loss: 0.1641, Test Loss: 0.7411, Test Accuracy: 73.01%, Best Test Accuracy: 74.80%
Epoch 527, Train Loss: 0.1232, Test Loss: 0.7418, Test Accuracy: 73.07%, Best Test Accuracy: 74.80%
Epoch 528, Train Loss: 0.1673, Test Loss: 0.7434, Test Accuracy: 72.87%, Best Test Accuracy: 74.80%
Epoch 529, Train Loss: 0.1755, Test Loss: 0.7439, Test Accuracy: 72.94%, Best Test Accuracy: 74.80%
Epoch 530, Train Loss: 0.1414, Test Loss: 0.7519, Test Accuracy: 72.94%, Best Test Accuracy: 74.80%
Epoch 531, Train Loss: 0.1187, Test Loss: 0.7522, Test Accuracy: 72.94%, Best Test Accuracy: 74.80%
Epoch 532, Train Loss: 0.1809, Test Loss: 0.7525, Test Accuracy: 72.94%, Best Test Accuracy: 74.80%
Epoch 533, Train Loss: 0.1341, Test Loss: 0.7545, Test Accuracy: 72.74%, Best Test Accuracy: 74.80%
Epoch 534, Train Loss: 0.1763, Test Loss: 0.7550, Test Accuracy: 72.81%, Best Test Accuracy: 74.80%
Epoch 535, Train Loss: 0.1687, Test Loss: 0.7527, Test Accuracy: 73.07%, Best Test Accuracy: 74.80%
Epoch 536, Train Loss: 0.1453, Test Loss: 0.7531, Test Accuracy: 73.07%, Best Test Accuracy: 74.80%
Epoch 537, Train Loss: 0.1715, Test Loss: 0.7529, Test Accuracy: 73.07%, Best Test Accuracy: 74.80%
Epoch 538, Train Loss: 0.1873, Test Loss: 0.7534, Test Accuracy: 72.87%, Best Test Accuracy: 74.80%
Epoch 539, Train Loss: 0.1286, Test Loss: 0.7533, Test Accuracy: 72.94%, Best Test Accuracy: 74.80%
Epoch 540, Train Loss: 0.1844, Test Loss: 0.7536, Test Accuracy: 72.87%, Best Test Accuracy: 74.80%
Epoch 541, Train Loss: 0.1124, Test Loss: 0.7545, Test Accuracy: 72.94%, Best Test Accuracy: 74.80%
Epoch 542, Train Loss: 0.1226, Test Loss: 0.7549, Test Accuracy: 72.94%, Best Test Accuracy: 74.80%
Epoch 543, Train Loss: 0.1467, Test Loss: 0.7559, Test Accuracy: 72.94%, Best Test Accuracy: 74.80%
Epoch 544, Train Loss: 0.2004, Test Loss: 0.7584, Test Accuracy: 72.67%, Best Test Accuracy: 74.80%
Epoch 545, Train Loss: 0.1377, Test Loss: 0.7585, Test Accuracy: 72.74%, Best Test Accuracy: 74.80%
Epoch 546, Train Loss: 0.1343, Test Loss: 0.7593, Test Accuracy: 72.74%, Best Test Accuracy: 74.80%
Epoch 547, Train Loss: 0.1365, Test Loss: 0.7592, Test Accuracy: 72.67%, Best Test Accuracy: 74.80%
Epoch 548, Train Loss: 0.1399, Test Loss: 0.7618, Test Accuracy: 72.61%, Best Test Accuracy: 74.80%
Epoch 549, Train Loss: 0.1625, Test Loss: 0.7619, Test Accuracy: 72.61%, Best Test Accuracy: 74.80%
Epoch 550, Train Loss: 0.1462, Test Loss: 0.7621, Test Accuracy: 72.61%, Best Test Accuracy: 74.80%
Epoch 551, Train Loss: 0.1409, Test Loss: 0.7620, Test Accuracy: 72.61%, Best Test Accuracy: 74.80%
Epoch 552, Train Loss: 0.1092, Test Loss: 0.7620, Test Accuracy: 72.61%, Best Test Accuracy: 74.80%
Epoch 553, Train Loss: 0.1699, Test Loss: 0.7629, Test Accuracy: 72.47%, Best Test Accuracy: 74.80%
Epoch 554, Train Loss: 0.1269, Test Loss: 0.7629, Test Accuracy: 72.61%, Best Test Accuracy: 74.80%
Epoch 555, Train Loss: 0.1945, Test Loss: 0.7626, Test Accuracy: 72.47%, Best Test Accuracy: 74.80%
Epoch 556, Train Loss: 0.1275, Test Loss: 0.7624, Test Accuracy: 72.47%, Best Test Accuracy: 74.80%
Epoch 557, Train Loss: 0.1824, Test Loss: 0.7625, Test Accuracy: 72.47%, Best Test Accuracy: 74.80%
Epoch 558, Train Loss: 0.1131, Test Loss: 0.7621, Test Accuracy: 72.54%, Best Test Accuracy: 74.80%
Epoch 559, Train Loss: 0.1814, Test Loss: 0.7622, Test Accuracy: 72.47%, Best Test Accuracy: 74.80%
Epoch 560, Train Loss: 0.1659, Test Loss: 0.7623, Test Accuracy: 72.67%, Best Test Accuracy: 74.80%
Epoch 561, Train Loss: 0.1516, Test Loss: 0.7625, Test Accuracy: 72.54%, Best Test Accuracy: 74.80%
Epoch 562, Train Loss: 0.1702, Test Loss: 0.7640, Test Accuracy: 72.47%, Best Test Accuracy: 74.80%
Epoch 563, Train Loss: 0.1391, Test Loss: 0.7647, Test Accuracy: 72.41%, Best Test Accuracy: 74.80%
Epoch 564, Train Loss: 0.2207, Test Loss: 0.7645, Test Accuracy: 72.41%, Best Test Accuracy: 74.80%
Epoch 565, Train Loss: 0.1634, Test Loss: 0.7650, Test Accuracy: 72.41%, Best Test Accuracy: 74.80%
Epoch 566, Train Loss: 0.1400, Test Loss: 0.7658, Test Accuracy: 72.47%, Best Test Accuracy: 74.80%
Epoch 567, Train Loss: 0.1928, Test Loss: 0.7705, Test Accuracy: 72.01%, Best Test Accuracy: 74.80%
Epoch 568, Train Loss: 0.1779, Test Loss: 0.7706, Test Accuracy: 71.94%, Best Test Accuracy: 74.80%
Epoch 569, Train Loss: 0.2192, Test Loss: 0.7696, Test Accuracy: 72.07%, Best Test Accuracy: 74.80%
Epoch 570, Train Loss: 0.1586, Test Loss: 0.7697, Test Accuracy: 72.07%, Best Test Accuracy: 74.80%
Epoch 571, Train Loss: 0.1639, Test Loss: 0.7694, Test Accuracy: 72.07%, Best Test Accuracy: 74.80%
Epoch 572, Train Loss: 0.1675, Test Loss: 0.7690, Test Accuracy: 72.07%, Best Test Accuracy: 74.80%
Epoch 573, Train Loss: 0.2172, Test Loss: 0.7690, Test Accuracy: 72.01%, Best Test Accuracy: 74.80%
Epoch 574, Train Loss: 0.1621, Test Loss: 0.7692, Test Accuracy: 72.01%, Best Test Accuracy: 74.80%
Epoch 575, Train Loss: 0.1655, Test Loss: 0.7692, Test Accuracy: 72.14%, Best Test Accuracy: 74.80%
Epoch 576, Train Loss: 0.1890, Test Loss: 0.7694, Test Accuracy: 72.07%, Best Test Accuracy: 74.80%
Epoch 577, Train Loss: 0.1185, Test Loss: 0.7688, Test Accuracy: 72.14%, Best Test Accuracy: 74.80%
Epoch 578, Train Loss: 0.1432, Test Loss: 0.7692, Test Accuracy: 72.01%, Best Test Accuracy: 74.80%
Epoch 579, Train Loss: 0.1345, Test Loss: 0.7690, Test Accuracy: 72.21%, Best Test Accuracy: 74.80%
Epoch 580, Train Loss: 0.1377, Test Loss: 0.7688, Test Accuracy: 72.27%, Best Test Accuracy: 74.80%
Epoch 581, Train Loss: 0.1369, Test Loss: 0.7679, Test Accuracy: 72.34%, Best Test Accuracy: 74.80%
Epoch 582, Train Loss: 0.1819, Test Loss: 0.7675, Test Accuracy: 72.27%, Best Test Accuracy: 74.80%
Epoch 583, Train Loss: 0.0950, Test Loss: 0.7666, Test Accuracy: 72.27%, Best Test Accuracy: 74.80%
Epoch 584, Train Loss: 0.1546, Test Loss: 0.7669, Test Accuracy: 72.21%, Best Test Accuracy: 74.80%
Epoch 585, Train Loss: 0.1618, Test Loss: 0.7666, Test Accuracy: 72.27%, Best Test Accuracy: 74.80%
Epoch 586, Train Loss: 0.1606, Test Loss: 0.7674, Test Accuracy: 72.14%, Best Test Accuracy: 74.80%
Epoch 587, Train Loss: 0.0994, Test Loss: 0.7683, Test Accuracy: 72.14%, Best Test Accuracy: 74.80%
Epoch 588, Train Loss: 0.1538, Test Loss: 0.7682, Test Accuracy: 72.21%, Best Test Accuracy: 74.80%
Epoch 589, Train Loss: 0.1213, Test Loss: 0.7680, Test Accuracy: 72.21%, Best Test Accuracy: 74.80%
Epoch 590, Train Loss: 0.1605, Test Loss: 0.7674, Test Accuracy: 72.27%, Best Test Accuracy: 74.80%
Epoch 591, Train Loss: 0.1717, Test Loss: 0.7669, Test Accuracy: 72.27%, Best Test Accuracy: 74.80%
Epoch 592, Train Loss: 0.1728, Test Loss: 0.7669, Test Accuracy: 72.27%, Best Test Accuracy: 74.80%
Epoch 593, Train Loss: 0.1459, Test Loss: 0.7678, Test Accuracy: 72.27%, Best Test Accuracy: 74.80%
Epoch 594, Train Loss: 0.1442, Test Loss: 0.7676, Test Accuracy: 72.34%, Best Test Accuracy: 74.80%
Epoch 595, Train Loss: 0.2066, Test Loss: 0.7678, Test Accuracy: 72.34%, Best Test Accuracy: 74.80%
Epoch 596, Train Loss: 0.1704, Test Loss: 0.7683, Test Accuracy: 72.27%, Best Test Accuracy: 74.80%
Epoch 597, Train Loss: 0.1920, Test Loss: 0.7685, Test Accuracy: 72.27%, Best Test Accuracy: 74.80%
Epoch 598, Train Loss: 0.1652, Test Loss: 0.7680, Test Accuracy: 72.14%, Best Test Accuracy: 74.80%
Epoch 599, Train Loss: 0.1153, Test Loss: 0.7683, Test Accuracy: 72.21%, Best Test Accuracy: 74.80%
Epoch 600, Train Loss: 0.1939, Test Loss: 0.7674, Test Accuracy: 72.21%, Best Test Accuracy: 74.80%
Epoch 601, Train Loss: 0.1675, Test Loss: 0.7675, Test Accuracy: 72.21%, Best Test Accuracy: 74.80%
Epoch 602, Train Loss: 0.2307, Test Loss: 0.7685, Test Accuracy: 72.21%, Best Test Accuracy: 74.80%
Epoch 603, Train Loss: 0.1233, Test Loss: 0.7683, Test Accuracy: 72.21%, Best Test Accuracy: 74.80%
Epoch 604, Train Loss: 0.1593, Test Loss: 0.7684, Test Accuracy: 72.21%, Best Test Accuracy: 74.80%
Epoch 605, Train Loss: 0.1978, Test Loss: 0.7693, Test Accuracy: 72.14%, Best Test Accuracy: 74.80%
Epoch 606, Train Loss: 0.1770, Test Loss: 0.7666, Test Accuracy: 72.27%, Best Test Accuracy: 74.80%
Epoch 607, Train Loss: 0.1664, Test Loss: 0.7682, Test Accuracy: 72.34%, Best Test Accuracy: 74.80%
Epoch 608, Train Loss: 0.1545, Test Loss: 0.7681, Test Accuracy: 72.41%, Best Test Accuracy: 74.80%
Epoch 609, Train Loss: 0.2280, Test Loss: 0.7677, Test Accuracy: 72.41%, Best Test Accuracy: 74.80%
Epoch 610, Train Loss: 0.1243, Test Loss: 0.7677, Test Accuracy: 72.34%, Best Test Accuracy: 74.80%
Epoch 611, Train Loss: 0.1315, Test Loss: 0.7677, Test Accuracy: 72.41%, Best Test Accuracy: 74.80%
Epoch 612, Train Loss: 0.1512, Test Loss: 0.7691, Test Accuracy: 72.41%, Best Test Accuracy: 74.80%
Epoch 613, Train Loss: 0.1688, Test Loss: 0.7693, Test Accuracy: 72.41%, Best Test Accuracy: 74.80%
Epoch 614, Train Loss: 0.1281, Test Loss: 0.7691, Test Accuracy: 72.34%, Best Test Accuracy: 74.80%
Epoch 615, Train Loss: 0.1148, Test Loss: 0.7684, Test Accuracy: 72.41%, Best Test Accuracy: 74.80%
Epoch 616, Train Loss: 0.1410, Test Loss: 0.7683, Test Accuracy: 72.41%, Best Test Accuracy: 74.80%
Epoch 617, Train Loss: 0.1610, Test Loss: 0.7686, Test Accuracy: 72.41%, Best Test Accuracy: 74.80%
Epoch 618, Train Loss: 0.1590, Test Loss: 0.7688, Test Accuracy: 72.41%, Best Test Accuracy: 74.80%
Epoch 619, Train Loss: 0.1192, Test Loss: 0.7685, Test Accuracy: 72.34%, Best Test Accuracy: 74.80%
Epoch 620, Train Loss: 0.1271, Test Loss: 0.7683, Test Accuracy: 72.54%, Best Test Accuracy: 74.80%
Epoch 621, Train Loss: 0.1534, Test Loss: 0.7682, Test Accuracy: 72.54%, Best Test Accuracy: 74.80%
Epoch 622, Train Loss: 0.1044, Test Loss: 0.7700, Test Accuracy: 72.41%, Best Test Accuracy: 74.80%
Epoch 623, Train Loss: 0.1857, Test Loss: 0.7699, Test Accuracy: 72.41%, Best Test Accuracy: 74.80%
Epoch 624, Train Loss: 0.1238, Test Loss: 0.7698, Test Accuracy: 72.41%, Best Test Accuracy: 74.80%
Epoch 625, Train Loss: 0.1363, Test Loss: 0.7695, Test Accuracy: 72.54%, Best Test Accuracy: 74.80%
Epoch 626, Train Loss: 0.1598, Test Loss: 0.7696, Test Accuracy: 72.47%, Best Test Accuracy: 74.80%
Epoch 627, Train Loss: 0.1686, Test Loss: 0.7703, Test Accuracy: 72.41%, Best Test Accuracy: 74.80%
Epoch 628, Train Loss: 0.1919, Test Loss: 0.7705, Test Accuracy: 72.47%, Best Test Accuracy: 74.80%
Epoch 629, Train Loss: 0.1696, Test Loss: 0.7698, Test Accuracy: 72.54%, Best Test Accuracy: 74.80%
Epoch 630, Train Loss: 0.1201, Test Loss: 0.7690, Test Accuracy: 72.54%, Best Test Accuracy: 74.80%
Epoch 631, Train Loss: 0.1462, Test Loss: 0.7692, Test Accuracy: 72.61%, Best Test Accuracy: 74.80%
Epoch 632, Train Loss: 0.1628, Test Loss: 0.7696, Test Accuracy: 72.54%, Best Test Accuracy: 74.80%
Epoch 633, Train Loss: 0.1584, Test Loss: 0.7696, Test Accuracy: 72.54%, Best Test Accuracy: 74.80%
Epoch 634, Train Loss: 0.1612, Test Loss: 0.7695, Test Accuracy: 72.61%, Best Test Accuracy: 74.80%
Epoch 635, Train Loss: 0.1271, Test Loss: 0.7688, Test Accuracy: 72.61%, Best Test Accuracy: 74.80%
Epoch 636, Train Loss: 0.1595, Test Loss: 0.7695, Test Accuracy: 72.41%, Best Test Accuracy: 74.80%
Epoch 637, Train Loss: 0.1359, Test Loss: 0.7696, Test Accuracy: 72.47%, Best Test Accuracy: 74.80%
Epoch 638, Train Loss: 0.1641, Test Loss: 0.7696, Test Accuracy: 72.47%, Best Test Accuracy: 74.80%
Epoch 639, Train Loss: 0.1500, Test Loss: 0.7691, Test Accuracy: 72.54%, Best Test Accuracy: 74.80%
Epoch 640, Train Loss: 0.1666, Test Loss: 0.7685, Test Accuracy: 72.61%, Best Test Accuracy: 74.80%
Epoch 641, Train Loss: 0.1126, Test Loss: 0.7685, Test Accuracy: 72.67%, Best Test Accuracy: 74.80%
Epoch 642, Train Loss: 0.1409, Test Loss: 0.7684, Test Accuracy: 72.61%, Best Test Accuracy: 74.80%
Epoch 643, Train Loss: 0.1342, Test Loss: 0.7683, Test Accuracy: 72.61%, Best Test Accuracy: 74.80%
Epoch 644, Train Loss: 0.1056, Test Loss: 0.7682, Test Accuracy: 72.61%, Best Test Accuracy: 74.80%
Epoch 645, Train Loss: 0.1377, Test Loss: 0.7678, Test Accuracy: 72.61%, Best Test Accuracy: 74.80%
Epoch 646, Train Loss: 0.1250, Test Loss: 0.7679, Test Accuracy: 72.61%, Best Test Accuracy: 74.80%
Epoch 647, Train Loss: 0.1457, Test Loss: 0.7680, Test Accuracy: 72.61%, Best Test Accuracy: 74.80%
Epoch 648, Train Loss: 0.1555, Test Loss: 0.7683, Test Accuracy: 72.61%, Best Test Accuracy: 74.80%
Epoch 649, Train Loss: 0.1304, Test Loss: 0.7687, Test Accuracy: 72.61%, Best Test Accuracy: 74.80%
Epoch 650, Train Loss: 0.1625, Test Loss: 0.7697, Test Accuracy: 72.67%, Best Test Accuracy: 74.80%
Epoch 651, Train Loss: 0.1670, Test Loss: 0.7695, Test Accuracy: 72.47%, Best Test Accuracy: 74.80%
Epoch 652, Train Loss: 0.1350, Test Loss: 0.7694, Test Accuracy: 72.54%, Best Test Accuracy: 74.80%
Epoch 653, Train Loss: 0.1194, Test Loss: 0.7693, Test Accuracy: 72.61%, Best Test Accuracy: 74.80%
Epoch 654, Train Loss: 0.1483, Test Loss: 0.7695, Test Accuracy: 72.61%, Best Test Accuracy: 74.80%
Epoch 655, Train Loss: 0.1399, Test Loss: 0.7684, Test Accuracy: 72.94%, Best Test Accuracy: 74.80%
Epoch 656, Train Loss: 0.1592, Test Loss: 0.7691, Test Accuracy: 72.81%, Best Test Accuracy: 74.80%
Epoch 657, Train Loss: 0.1090, Test Loss: 0.7695, Test Accuracy: 72.81%, Best Test Accuracy: 74.80%
Epoch 658, Train Loss: 0.1747, Test Loss: 0.7701, Test Accuracy: 72.74%, Best Test Accuracy: 74.80%
Epoch 659, Train Loss: 0.1450, Test Loss: 0.7700, Test Accuracy: 72.67%, Best Test Accuracy: 74.80%
Epoch 660, Train Loss: 0.1058, Test Loss: 0.7704, Test Accuracy: 72.67%, Best Test Accuracy: 74.80%
Epoch 661, Train Loss: 0.1666, Test Loss: 0.7713, Test Accuracy: 72.67%, Best Test Accuracy: 74.80%
Epoch 662, Train Loss: 0.2145, Test Loss: 0.7724, Test Accuracy: 72.67%, Best Test Accuracy: 74.80%
Epoch 663, Train Loss: 0.1252, Test Loss: 0.7726, Test Accuracy: 72.67%, Best Test Accuracy: 74.80%
Epoch 664, Train Loss: 0.1143, Test Loss: 0.7731, Test Accuracy: 72.61%, Best Test Accuracy: 74.80%
Epoch 665, Train Loss: 0.1218, Test Loss: 0.7730, Test Accuracy: 72.61%, Best Test Accuracy: 74.80%
Epoch 666, Train Loss: 0.1373, Test Loss: 0.7722, Test Accuracy: 72.67%, Best Test Accuracy: 74.80%
Epoch 667, Train Loss: 0.1720, Test Loss: 0.7711, Test Accuracy: 72.67%, Best Test Accuracy: 74.80%
Epoch 668, Train Loss: 0.1372, Test Loss: 0.7712, Test Accuracy: 72.67%, Best Test Accuracy: 74.80%
Epoch 669, Train Loss: 0.1080, Test Loss: 0.7716, Test Accuracy: 72.67%, Best Test Accuracy: 74.80%
Epoch 670, Train Loss: 0.1100, Test Loss: 0.7638, Test Accuracy: 73.20%, Best Test Accuracy: 74.80%
Epoch 671, Train Loss: 0.1774, Test Loss: 0.7659, Test Accuracy: 73.14%, Best Test Accuracy: 74.80%
Epoch 672, Train Loss: 0.1149, Test Loss: 0.7657, Test Accuracy: 73.14%, Best Test Accuracy: 74.80%
Epoch 673, Train Loss: 0.1616, Test Loss: 0.7657, Test Accuracy: 73.14%, Best Test Accuracy: 74.80%
Epoch 674, Train Loss: 0.2023, Test Loss: 0.7658, Test Accuracy: 73.27%, Best Test Accuracy: 74.80%
Epoch 675, Train Loss: 0.1456, Test Loss: 0.7660, Test Accuracy: 73.27%, Best Test Accuracy: 74.80%
Epoch 676, Train Loss: 0.1195, Test Loss: 0.7660, Test Accuracy: 73.34%, Best Test Accuracy: 74.80%
Epoch 677, Train Loss: 0.1383, Test Loss: 0.7661, Test Accuracy: 73.20%, Best Test Accuracy: 74.80%
Epoch 678, Train Loss: 0.1501, Test Loss: 0.7665, Test Accuracy: 73.27%, Best Test Accuracy: 74.80%
Epoch 679, Train Loss: 0.1308, Test Loss: 0.7664, Test Accuracy: 73.20%, Best Test Accuracy: 74.80%
Epoch 680, Train Loss: 0.1741, Test Loss: 0.7667, Test Accuracy: 73.27%, Best Test Accuracy: 74.80%
Epoch 681, Train Loss: 0.1658, Test Loss: 0.7663, Test Accuracy: 73.20%, Best Test Accuracy: 74.80%
Epoch 682, Train Loss: 0.1111, Test Loss: 0.7667, Test Accuracy: 73.20%, Best Test Accuracy: 74.80%
Epoch 683, Train Loss: 0.1855, Test Loss: 0.7679, Test Accuracy: 73.14%, Best Test Accuracy: 74.80%
Epoch 684, Train Loss: 0.1363, Test Loss: 0.7680, Test Accuracy: 73.14%, Best Test Accuracy: 74.80%
Epoch 685, Train Loss: 0.1887, Test Loss: 0.7682, Test Accuracy: 73.20%, Best Test Accuracy: 74.80%
Epoch 686, Train Loss: 0.1157, Test Loss: 0.7683, Test Accuracy: 73.14%, Best Test Accuracy: 74.80%
Epoch 687, Train Loss: 0.1224, Test Loss: 0.7685, Test Accuracy: 73.14%, Best Test Accuracy: 74.80%
Epoch 688, Train Loss: 0.1640, Test Loss: 0.7680, Test Accuracy: 73.14%, Best Test Accuracy: 74.80%
Epoch 689, Train Loss: 0.1528, Test Loss: 0.7682, Test Accuracy: 73.14%, Best Test Accuracy: 74.80%
Epoch 690, Train Loss: 0.1551, Test Loss: 0.7678, Test Accuracy: 73.14%, Best Test Accuracy: 74.80%
Epoch 691, Train Loss: 0.1156, Test Loss: 0.7682, Test Accuracy: 73.14%, Best Test Accuracy: 74.80%
Epoch 692, Train Loss: 0.1208, Test Loss: 0.7684, Test Accuracy: 73.14%, Best Test Accuracy: 74.80%
Epoch 693, Train Loss: 0.1439, Test Loss: 0.7685, Test Accuracy: 73.07%, Best Test Accuracy: 74.80%
Epoch 694, Train Loss: 0.1202, Test Loss: 0.7735, Test Accuracy: 73.01%, Best Test Accuracy: 74.80%
Epoch 695, Train Loss: 0.1088, Test Loss: 0.7737, Test Accuracy: 73.01%, Best Test Accuracy: 74.80%
Epoch 696, Train Loss: 0.2084, Test Loss: 0.7746, Test Accuracy: 73.07%, Best Test Accuracy: 74.80%
Epoch 697, Train Loss: 0.1472, Test Loss: 0.7746, Test Accuracy: 73.07%, Best Test Accuracy: 74.80%
Epoch 698, Train Loss: 0.1381, Test Loss: 0.7753, Test Accuracy: 73.01%, Best Test Accuracy: 74.80%
Epoch 699, Train Loss: 0.1202, Test Loss: 0.7762, Test Accuracy: 73.01%, Best Test Accuracy: 74.80%
Epoch 700, Train Loss: 0.1573, Test Loss: 0.7767, Test Accuracy: 73.01%, Best Test Accuracy: 74.80%
Epoch 701, Train Loss: 0.1590, Test Loss: 0.7791, Test Accuracy: 72.87%, Best Test Accuracy: 74.80%
Epoch 702, Train Loss: 0.1631, Test Loss: 0.7795, Test Accuracy: 73.01%, Best Test Accuracy: 74.80%
Epoch 703, Train Loss: 0.1876, Test Loss: 0.7796, Test Accuracy: 73.07%, Best Test Accuracy: 74.80%
Epoch 704, Train Loss: 0.1901, Test Loss: 0.7802, Test Accuracy: 73.14%, Best Test Accuracy: 74.80%
Epoch 705, Train Loss: 0.1643, Test Loss: 0.7799, Test Accuracy: 73.20%, Best Test Accuracy: 74.80%
Epoch 706, Train Loss: 0.1394, Test Loss: 0.7799, Test Accuracy: 73.20%, Best Test Accuracy: 74.80%
Epoch 707, Train Loss: 0.1453, Test Loss: 0.7770, Test Accuracy: 73.07%, Best Test Accuracy: 74.80%
Epoch 708, Train Loss: 0.1058, Test Loss: 0.7764, Test Accuracy: 73.14%, Best Test Accuracy: 74.80%
Epoch 709, Train Loss: 0.1351, Test Loss: 0.7771, Test Accuracy: 73.07%, Best Test Accuracy: 74.80%
Epoch 710, Train Loss: 0.1377, Test Loss: 0.7776, Test Accuracy: 73.07%, Best Test Accuracy: 74.80%
Epoch 711, Train Loss: 0.1502, Test Loss: 0.7781, Test Accuracy: 73.07%, Best Test Accuracy: 74.80%
Epoch 712, Train Loss: 0.1542, Test Loss: 0.7826, Test Accuracy: 73.14%, Best Test Accuracy: 74.80%
Epoch 713, Train Loss: 0.1441, Test Loss: 0.7824, Test Accuracy: 73.20%, Best Test Accuracy: 74.80%
Epoch 714, Train Loss: 0.1360, Test Loss: 0.7812, Test Accuracy: 73.14%, Best Test Accuracy: 74.80%
Epoch 715, Train Loss: 0.1231, Test Loss: 0.7817, Test Accuracy: 73.14%, Best Test Accuracy: 74.80%
Epoch 716, Train Loss: 0.1234, Test Loss: 0.7823, Test Accuracy: 73.20%, Best Test Accuracy: 74.80%
Epoch 717, Train Loss: 0.1419, Test Loss: 0.7832, Test Accuracy: 73.20%, Best Test Accuracy: 74.80%
Epoch 718, Train Loss: 0.1633, Test Loss: 0.7846, Test Accuracy: 73.01%, Best Test Accuracy: 74.80%
Epoch 719, Train Loss: 0.1379, Test Loss: 0.7857, Test Accuracy: 72.94%, Best Test Accuracy: 74.80%
Epoch 720, Train Loss: 0.1302, Test Loss: 0.7865, Test Accuracy: 73.07%, Best Test Accuracy: 74.80%
Epoch 721, Train Loss: 0.1677, Test Loss: 0.7873, Test Accuracy: 73.01%, Best Test Accuracy: 74.80%
Epoch 722, Train Loss: 0.1427, Test Loss: 0.7875, Test Accuracy: 73.01%, Best Test Accuracy: 74.80%
Epoch 723, Train Loss: 0.1553, Test Loss: 0.7830, Test Accuracy: 73.20%, Best Test Accuracy: 74.80%
Epoch 724, Train Loss: 0.1811, Test Loss: 0.7833, Test Accuracy: 73.27%, Best Test Accuracy: 74.80%
Epoch 725, Train Loss: 0.1425, Test Loss: 0.7834, Test Accuracy: 73.27%, Best Test Accuracy: 74.80%
Epoch 726, Train Loss: 0.1858, Test Loss: 0.7836, Test Accuracy: 73.27%, Best Test Accuracy: 74.80%
Epoch 727, Train Loss: 0.1647, Test Loss: 0.7837, Test Accuracy: 73.27%, Best Test Accuracy: 74.80%
Epoch 728, Train Loss: 0.1395, Test Loss: 0.7870, Test Accuracy: 73.14%, Best Test Accuracy: 74.80%
Epoch 729, Train Loss: 0.1586, Test Loss: 0.7870, Test Accuracy: 73.14%, Best Test Accuracy: 74.80%
Epoch 730, Train Loss: 0.1507, Test Loss: 0.7870, Test Accuracy: 73.14%, Best Test Accuracy: 74.80%
Epoch 731, Train Loss: 0.1230, Test Loss: 0.7872, Test Accuracy: 73.14%, Best Test Accuracy: 74.80%
Epoch 732, Train Loss: 0.1302, Test Loss: 0.7871, Test Accuracy: 73.14%, Best Test Accuracy: 74.80%
Epoch 733, Train Loss: 0.1256, Test Loss: 0.7870, Test Accuracy: 73.14%, Best Test Accuracy: 74.80%
Epoch 734, Train Loss: 0.1507, Test Loss: 0.7871, Test Accuracy: 73.14%, Best Test Accuracy: 74.80%
Epoch 735, Train Loss: 0.1356, Test Loss: 0.7926, Test Accuracy: 72.61%, Best Test Accuracy: 74.80%
Epoch 736, Train Loss: 0.1504, Test Loss: 0.7923, Test Accuracy: 72.61%, Best Test Accuracy: 74.80%
Epoch 737, Train Loss: 0.1282, Test Loss: 0.7924, Test Accuracy: 72.61%, Best Test Accuracy: 74.80%
Epoch 738, Train Loss: 0.1708, Test Loss: 0.7927, Test Accuracy: 72.61%, Best Test Accuracy: 74.80%
Epoch 739, Train Loss: 0.1460, Test Loss: 0.7934, Test Accuracy: 72.54%, Best Test Accuracy: 74.80%
Epoch 740, Train Loss: 0.1477, Test Loss: 0.7938, Test Accuracy: 72.41%, Best Test Accuracy: 74.80%
Epoch 741, Train Loss: 0.1634, Test Loss: 0.7943, Test Accuracy: 72.34%, Best Test Accuracy: 74.80%
Epoch 742, Train Loss: 0.1258, Test Loss: 0.7942, Test Accuracy: 72.47%, Best Test Accuracy: 74.80%
Epoch 743, Train Loss: 0.1058, Test Loss: 0.7941, Test Accuracy: 72.61%, Best Test Accuracy: 74.80%
Epoch 744, Train Loss: 0.1522, Test Loss: 0.7940, Test Accuracy: 72.61%, Best Test Accuracy: 74.80%
Epoch 745, Train Loss: 0.1290, Test Loss: 0.7940, Test Accuracy: 72.61%, Best Test Accuracy: 74.80%
Epoch 746, Train Loss: 0.1031, Test Loss: 0.7943, Test Accuracy: 72.61%, Best Test Accuracy: 74.80%
Epoch 747, Train Loss: 0.1425, Test Loss: 0.7946, Test Accuracy: 72.61%, Best Test Accuracy: 74.80%
Epoch 748, Train Loss: 0.1534, Test Loss: 0.7942, Test Accuracy: 72.61%, Best Test Accuracy: 74.80%
Epoch 749, Train Loss: 0.1188, Test Loss: 0.8019, Test Accuracy: 72.07%, Best Test Accuracy: 74.80%
Epoch 750, Train Loss: 0.1504, Test Loss: 0.8016, Test Accuracy: 72.41%, Best Test Accuracy: 74.80%
Epoch 751, Train Loss: 0.1169, Test Loss: 0.8019, Test Accuracy: 72.41%, Best Test Accuracy: 74.80%
Epoch 752, Train Loss: 0.1390, Test Loss: 0.8005, Test Accuracy: 72.54%, Best Test Accuracy: 74.80%
Epoch 753, Train Loss: 0.1195, Test Loss: 0.8008, Test Accuracy: 72.54%, Best Test Accuracy: 74.80%
Epoch 754, Train Loss: 0.1161, Test Loss: 0.8007, Test Accuracy: 72.61%, Best Test Accuracy: 74.80%
Epoch 755, Train Loss: 0.1365, Test Loss: 0.8002, Test Accuracy: 72.81%, Best Test Accuracy: 74.80%
Epoch 756, Train Loss: 0.1619, Test Loss: 0.7998, Test Accuracy: 72.81%, Best Test Accuracy: 74.80%
Epoch 757, Train Loss: 0.1309, Test Loss: 0.7995, Test Accuracy: 72.87%, Best Test Accuracy: 74.80%
Epoch 758, Train Loss: 0.1619, Test Loss: 0.7998, Test Accuracy: 72.81%, Best Test Accuracy: 74.80%
Epoch 759, Train Loss: 0.1655, Test Loss: 0.7999, Test Accuracy: 72.81%, Best Test Accuracy: 74.80%
Epoch 760, Train Loss: 0.1282, Test Loss: 0.7998, Test Accuracy: 72.87%, Best Test Accuracy: 74.80%
Epoch 761, Train Loss: 0.1730, Test Loss: 0.8001, Test Accuracy: 72.81%, Best Test Accuracy: 74.80%
Epoch 762, Train Loss: 0.1370, Test Loss: 0.7999, Test Accuracy: 72.87%, Best Test Accuracy: 74.80%
Epoch 763, Train Loss: 0.1141, Test Loss: 0.8014, Test Accuracy: 72.67%, Best Test Accuracy: 74.80%
Epoch 764, Train Loss: 0.1449, Test Loss: 0.8015, Test Accuracy: 72.74%, Best Test Accuracy: 74.80%
Epoch 765, Train Loss: 0.1171, Test Loss: 0.8015, Test Accuracy: 72.74%, Best Test Accuracy: 74.80%
Epoch 766, Train Loss: 0.1076, Test Loss: 0.8010, Test Accuracy: 72.74%, Best Test Accuracy: 74.80%
Epoch 767, Train Loss: 0.1393, Test Loss: 0.7995, Test Accuracy: 72.87%, Best Test Accuracy: 74.80%
Epoch 768, Train Loss: 0.0963, Test Loss: 0.7987, Test Accuracy: 72.81%, Best Test Accuracy: 74.80%
Epoch 769, Train Loss: 0.1581, Test Loss: 0.7988, Test Accuracy: 72.81%, Best Test Accuracy: 74.80%
Epoch 770, Train Loss: 0.1266, Test Loss: 0.7981, Test Accuracy: 72.94%, Best Test Accuracy: 74.80%
Epoch 771, Train Loss: 0.1334, Test Loss: 0.7975, Test Accuracy: 72.94%, Best Test Accuracy: 74.80%
Epoch 772, Train Loss: 0.1383, Test Loss: 0.7957, Test Accuracy: 73.07%, Best Test Accuracy: 74.80%
Epoch 773, Train Loss: 0.1747, Test Loss: 0.7958, Test Accuracy: 73.01%, Best Test Accuracy: 74.80%
Epoch 774, Train Loss: 0.1320, Test Loss: 0.7960, Test Accuracy: 73.01%, Best Test Accuracy: 74.80%
Epoch 775, Train Loss: 0.1567, Test Loss: 0.7988, Test Accuracy: 72.94%, Best Test Accuracy: 74.80%
Epoch 776, Train Loss: 0.1284, Test Loss: 0.7989, Test Accuracy: 72.94%, Best Test Accuracy: 74.80%
Epoch 777, Train Loss: 0.1858, Test Loss: 0.7989, Test Accuracy: 72.94%, Best Test Accuracy: 74.80%
Epoch 778, Train Loss: 0.1391, Test Loss: 0.7986, Test Accuracy: 72.94%, Best Test Accuracy: 74.80%
Epoch 779, Train Loss: 0.1170, Test Loss: 0.7993, Test Accuracy: 72.94%, Best Test Accuracy: 74.80%
Epoch 780, Train Loss: 0.1430, Test Loss: 0.7989, Test Accuracy: 73.01%, Best Test Accuracy: 74.80%
Epoch 781, Train Loss: 0.1760, Test Loss: 0.7993, Test Accuracy: 72.94%, Best Test Accuracy: 74.80%
Epoch 782, Train Loss: 0.1353, Test Loss: 0.7986, Test Accuracy: 73.01%, Best Test Accuracy: 74.80%
Epoch 783, Train Loss: 0.1272, Test Loss: 0.7984, Test Accuracy: 72.94%, Best Test Accuracy: 74.80%
Epoch 784, Train Loss: 0.2032, Test Loss: 0.7983, Test Accuracy: 72.94%, Best Test Accuracy: 74.80%
Epoch 785, Train Loss: 0.1741, Test Loss: 0.7917, Test Accuracy: 73.27%, Best Test Accuracy: 74.80%
Epoch 786, Train Loss: 0.1783, Test Loss: 0.7921, Test Accuracy: 73.20%, Best Test Accuracy: 74.80%
Epoch 787, Train Loss: 0.1559, Test Loss: 0.7924, Test Accuracy: 73.20%, Best Test Accuracy: 74.80%
Epoch 788, Train Loss: 0.1555, Test Loss: 0.7925, Test Accuracy: 73.20%, Best Test Accuracy: 74.80%
Epoch 789, Train Loss: 0.1861, Test Loss: 0.7924, Test Accuracy: 73.27%, Best Test Accuracy: 74.80%
Epoch 790, Train Loss: 0.1285, Test Loss: 0.7918, Test Accuracy: 73.20%, Best Test Accuracy: 74.80%
Epoch 791, Train Loss: 0.1091, Test Loss: 0.7915, Test Accuracy: 73.20%, Best Test Accuracy: 74.80%
Epoch 792, Train Loss: 0.1214, Test Loss: 0.7916, Test Accuracy: 73.27%, Best Test Accuracy: 74.80%
Epoch 793, Train Loss: 0.1199, Test Loss: 0.7921, Test Accuracy: 73.20%, Best Test Accuracy: 74.80%
Epoch 794, Train Loss: 0.1217, Test Loss: 0.7920, Test Accuracy: 73.27%, Best Test Accuracy: 74.80%
Epoch 795, Train Loss: 0.1193, Test Loss: 0.7928, Test Accuracy: 73.20%, Best Test Accuracy: 74.80%
Epoch 796, Train Loss: 0.1710, Test Loss: 0.7934, Test Accuracy: 73.20%, Best Test Accuracy: 74.80%
Epoch 797, Train Loss: 0.1455, Test Loss: 0.7930, Test Accuracy: 73.20%, Best Test Accuracy: 74.80%
Epoch 798, Train Loss: 0.1052, Test Loss: 0.7930, Test Accuracy: 73.20%, Best Test Accuracy: 74.80%
Epoch 799, Train Loss: 0.1814, Test Loss: 0.7935, Test Accuracy: 73.20%, Best Test Accuracy: 74.80%
Epoch 800, Train Loss: 0.1437, Test Loss: 0.7932, Test Accuracy: 73.20%, Best Test Accuracy: 74.80%
Epoch 801, Train Loss: 0.1401, Test Loss: 0.7934, Test Accuracy: 73.20%, Best Test Accuracy: 74.80%
Epoch 802, Train Loss: 0.1079, Test Loss: 0.7935, Test Accuracy: 73.20%, Best Test Accuracy: 74.80%
Epoch 803, Train Loss: 0.1235, Test Loss: 0.7940, Test Accuracy: 73.20%, Best Test Accuracy: 74.80%
Epoch 804, Train Loss: 0.1358, Test Loss: 0.7944, Test Accuracy: 73.20%, Best Test Accuracy: 74.80%
Epoch 805, Train Loss: 0.1242, Test Loss: 0.7945, Test Accuracy: 73.20%, Best Test Accuracy: 74.80%
Epoch 806, Train Loss: 0.1589, Test Loss: 0.7943, Test Accuracy: 73.20%, Best Test Accuracy: 74.80%
Epoch 807, Train Loss: 0.1248, Test Loss: 0.7944, Test Accuracy: 73.20%, Best Test Accuracy: 74.80%
Epoch 808, Train Loss: 0.1735, Test Loss: 0.7948, Test Accuracy: 73.27%, Best Test Accuracy: 74.80%
Epoch 809, Train Loss: 0.1429, Test Loss: 0.7955, Test Accuracy: 73.20%, Best Test Accuracy: 74.80%
Epoch 810, Train Loss: 0.0999, Test Loss: 0.7959, Test Accuracy: 73.20%, Best Test Accuracy: 74.80%
Epoch 811, Train Loss: 0.1321, Test Loss: 0.7960, Test Accuracy: 73.20%, Best Test Accuracy: 74.80%
Epoch 812, Train Loss: 0.1321, Test Loss: 0.7960, Test Accuracy: 73.20%, Best Test Accuracy: 74.80%
Epoch 813, Train Loss: 0.1393, Test Loss: 0.7951, Test Accuracy: 73.27%, Best Test Accuracy: 74.80%
Epoch 814, Train Loss: 0.1205, Test Loss: 0.7951, Test Accuracy: 73.34%, Best Test Accuracy: 74.80%
Epoch 815, Train Loss: 0.1330, Test Loss: 0.7936, Test Accuracy: 73.27%, Best Test Accuracy: 74.80%
Epoch 816, Train Loss: 0.1475, Test Loss: 0.7937, Test Accuracy: 73.14%, Best Test Accuracy: 74.80%
Epoch 817, Train Loss: 0.1253, Test Loss: 0.7937, Test Accuracy: 73.27%, Best Test Accuracy: 74.80%
Epoch 818, Train Loss: 0.1638, Test Loss: 0.7935, Test Accuracy: 73.27%, Best Test Accuracy: 74.80%
Epoch 819, Train Loss: 0.1507, Test Loss: 0.7940, Test Accuracy: 73.20%, Best Test Accuracy: 74.80%
Epoch 820, Train Loss: 0.1292, Test Loss: 0.7934, Test Accuracy: 73.27%, Best Test Accuracy: 74.80%
Epoch 821, Train Loss: 0.2154, Test Loss: 0.7940, Test Accuracy: 73.27%, Best Test Accuracy: 74.80%
Epoch 822, Train Loss: 0.1196, Test Loss: 0.7940, Test Accuracy: 73.27%, Best Test Accuracy: 74.80%
Epoch 823, Train Loss: 0.1609, Test Loss: 0.7934, Test Accuracy: 73.27%, Best Test Accuracy: 74.80%
Epoch 824, Train Loss: 0.1283, Test Loss: 0.7934, Test Accuracy: 73.27%, Best Test Accuracy: 74.80%
Epoch 825, Train Loss: 0.0973, Test Loss: 0.7936, Test Accuracy: 73.20%, Best Test Accuracy: 74.80%
Epoch 826, Train Loss: 0.1152, Test Loss: 0.7939, Test Accuracy: 73.20%, Best Test Accuracy: 74.80%
Epoch 827, Train Loss: 0.1757, Test Loss: 0.7946, Test Accuracy: 73.27%, Best Test Accuracy: 74.80%
Epoch 828, Train Loss: 0.1715, Test Loss: 0.7941, Test Accuracy: 73.20%, Best Test Accuracy: 74.80%
Epoch 829, Train Loss: 0.1510, Test Loss: 0.7941, Test Accuracy: 73.20%, Best Test Accuracy: 74.80%
Epoch 830, Train Loss: 0.1333, Test Loss: 0.7939, Test Accuracy: 73.20%, Best Test Accuracy: 74.80%
Epoch 831, Train Loss: 0.0872, Test Loss: 0.7945, Test Accuracy: 73.20%, Best Test Accuracy: 74.80%
Epoch 832, Train Loss: 0.1344, Test Loss: 0.7953, Test Accuracy: 73.20%, Best Test Accuracy: 74.80%
Epoch 833, Train Loss: 0.1502, Test Loss: 0.7955, Test Accuracy: 73.14%, Best Test Accuracy: 74.80%
Epoch 834, Train Loss: 0.1031, Test Loss: 0.7958, Test Accuracy: 73.14%, Best Test Accuracy: 74.80%
Epoch 835, Train Loss: 0.1494, Test Loss: 0.7955, Test Accuracy: 73.14%, Best Test Accuracy: 74.80%
Epoch 836, Train Loss: 0.1246, Test Loss: 0.7959, Test Accuracy: 73.20%, Best Test Accuracy: 74.80%
Epoch 837, Train Loss: 0.1556, Test Loss: 0.7959, Test Accuracy: 73.14%, Best Test Accuracy: 74.80%
Epoch 838, Train Loss: 0.1033, Test Loss: 0.7954, Test Accuracy: 73.14%, Best Test Accuracy: 74.80%
Epoch 839, Train Loss: 0.1524, Test Loss: 0.7940, Test Accuracy: 73.20%, Best Test Accuracy: 74.80%
Epoch 840, Train Loss: 0.1178, Test Loss: 0.7948, Test Accuracy: 73.14%, Best Test Accuracy: 74.80%
Epoch 841, Train Loss: 0.1419, Test Loss: 0.7937, Test Accuracy: 73.34%, Best Test Accuracy: 74.80%
Epoch 842, Train Loss: 0.1613, Test Loss: 0.7945, Test Accuracy: 73.20%, Best Test Accuracy: 74.80%
Epoch 843, Train Loss: 0.1148, Test Loss: 0.7937, Test Accuracy: 73.27%, Best Test Accuracy: 74.80%
Epoch 844, Train Loss: 0.1246, Test Loss: 0.7933, Test Accuracy: 73.34%, Best Test Accuracy: 74.80%
Epoch 845, Train Loss: 0.1108, Test Loss: 0.7930, Test Accuracy: 72.94%, Best Test Accuracy: 74.80%
Epoch 846, Train Loss: 0.1285, Test Loss: 0.7937, Test Accuracy: 73.01%, Best Test Accuracy: 74.80%
Epoch 847, Train Loss: 0.1071, Test Loss: 0.7937, Test Accuracy: 73.01%, Best Test Accuracy: 74.80%
Epoch 848, Train Loss: 0.1142, Test Loss: 0.7942, Test Accuracy: 73.01%, Best Test Accuracy: 74.80%
Epoch 849, Train Loss: 0.1210, Test Loss: 0.7946, Test Accuracy: 73.01%, Best Test Accuracy: 74.80%
Epoch 850, Train Loss: 0.0988, Test Loss: 0.7952, Test Accuracy: 72.81%, Best Test Accuracy: 74.80%
Epoch 851, Train Loss: 0.1270, Test Loss: 0.7952, Test Accuracy: 72.81%, Best Test Accuracy: 74.80%
Epoch 852, Train Loss: 0.1214, Test Loss: 0.7951, Test Accuracy: 72.87%, Best Test Accuracy: 74.80%
Epoch 853, Train Loss: 0.1084, Test Loss: 0.7947, Test Accuracy: 72.94%, Best Test Accuracy: 74.80%
Epoch 854, Train Loss: 0.1475, Test Loss: 0.7948, Test Accuracy: 72.87%, Best Test Accuracy: 74.80%
Epoch 855, Train Loss: 0.2435, Test Loss: 0.7947, Test Accuracy: 72.87%, Best Test Accuracy: 74.80%
Epoch 856, Train Loss: 0.1433, Test Loss: 0.7943, Test Accuracy: 72.87%, Best Test Accuracy: 74.80%
Epoch 857, Train Loss: 0.1090, Test Loss: 0.7942, Test Accuracy: 72.94%, Best Test Accuracy: 74.80%
Epoch 858, Train Loss: 0.1110, Test Loss: 0.7939, Test Accuracy: 72.94%, Best Test Accuracy: 74.80%
Epoch 859, Train Loss: 0.1385, Test Loss: 0.7942, Test Accuracy: 72.94%, Best Test Accuracy: 74.80%
Epoch 860, Train Loss: 0.1263, Test Loss: 0.7932, Test Accuracy: 73.01%, Best Test Accuracy: 74.80%
Epoch 861, Train Loss: 0.1507, Test Loss: 0.7935, Test Accuracy: 72.94%, Best Test Accuracy: 74.80%
Epoch 862, Train Loss: 0.1755, Test Loss: 0.7937, Test Accuracy: 72.94%, Best Test Accuracy: 74.80%
Epoch 863, Train Loss: 0.1801, Test Loss: 0.7938, Test Accuracy: 72.94%, Best Test Accuracy: 74.80%
Epoch 864, Train Loss: 0.1236, Test Loss: 0.7945, Test Accuracy: 72.94%, Best Test Accuracy: 74.80%
Epoch 865, Train Loss: 0.1535, Test Loss: 0.7944, Test Accuracy: 72.81%, Best Test Accuracy: 74.80%
Epoch 866, Train Loss: 0.1429, Test Loss: 0.7940, Test Accuracy: 72.87%, Best Test Accuracy: 74.80%
Epoch 867, Train Loss: 0.1057, Test Loss: 0.7937, Test Accuracy: 72.94%, Best Test Accuracy: 74.80%
Epoch 868, Train Loss: 0.1213, Test Loss: 0.7930, Test Accuracy: 73.01%, Best Test Accuracy: 74.80%
Epoch 869, Train Loss: 0.1525, Test Loss: 0.7929, Test Accuracy: 72.94%, Best Test Accuracy: 74.80%
Epoch 870, Train Loss: 0.1165, Test Loss: 0.7931, Test Accuracy: 72.94%, Best Test Accuracy: 74.80%
Epoch 871, Train Loss: 0.1379, Test Loss: 0.7943, Test Accuracy: 72.94%, Best Test Accuracy: 74.80%
Epoch 872, Train Loss: 0.1420, Test Loss: 0.7943, Test Accuracy: 72.87%, Best Test Accuracy: 74.80%
Epoch 873, Train Loss: 0.0978, Test Loss: 0.7940, Test Accuracy: 72.94%, Best Test Accuracy: 74.80%
Epoch 874, Train Loss: 0.0929, Test Loss: 0.7937, Test Accuracy: 72.94%, Best Test Accuracy: 74.80%
Epoch 875, Train Loss: 0.1393, Test Loss: 0.7929, Test Accuracy: 73.01%, Best Test Accuracy: 74.80%
Epoch 876, Train Loss: 0.1107, Test Loss: 0.7926, Test Accuracy: 73.01%, Best Test Accuracy: 74.80%
Epoch 877, Train Loss: 0.1092, Test Loss: 0.7922, Test Accuracy: 73.14%, Best Test Accuracy: 74.80%
Epoch 878, Train Loss: 0.1405, Test Loss: 0.7925, Test Accuracy: 73.14%, Best Test Accuracy: 74.80%
Epoch 879, Train Loss: 0.1496, Test Loss: 0.7922, Test Accuracy: 73.20%, Best Test Accuracy: 74.80%
Epoch 880, Train Loss: 0.1118, Test Loss: 0.7920, Test Accuracy: 73.20%, Best Test Accuracy: 74.80%
Epoch 881, Train Loss: 0.1795, Test Loss: 0.7942, Test Accuracy: 72.74%, Best Test Accuracy: 74.80%
Epoch 882, Train Loss: 0.1331, Test Loss: 0.7940, Test Accuracy: 72.87%, Best Test Accuracy: 74.80%
Epoch 883, Train Loss: 0.1150, Test Loss: 0.7938, Test Accuracy: 72.87%, Best Test Accuracy: 74.80%
Epoch 884, Train Loss: 0.1652, Test Loss: 0.7942, Test Accuracy: 72.87%, Best Test Accuracy: 74.80%
Epoch 885, Train Loss: 0.0902, Test Loss: 0.7941, Test Accuracy: 72.87%, Best Test Accuracy: 74.80%
Epoch 886, Train Loss: 0.1460, Test Loss: 0.7943, Test Accuracy: 73.01%, Best Test Accuracy: 74.80%
Epoch 887, Train Loss: 0.1392, Test Loss: 0.7949, Test Accuracy: 72.87%, Best Test Accuracy: 74.80%
Epoch 888, Train Loss: 0.1645, Test Loss: 0.7950, Test Accuracy: 72.87%, Best Test Accuracy: 74.80%
Epoch 889, Train Loss: 0.1225, Test Loss: 0.7954, Test Accuracy: 72.87%, Best Test Accuracy: 74.80%
Epoch 890, Train Loss: 0.1399, Test Loss: 0.7954, Test Accuracy: 72.87%, Best Test Accuracy: 74.80%
Epoch 891, Train Loss: 0.1098, Test Loss: 0.7953, Test Accuracy: 72.87%, Best Test Accuracy: 74.80%
Epoch 892, Train Loss: 0.1908, Test Loss: 0.7928, Test Accuracy: 73.27%, Best Test Accuracy: 74.80%
Epoch 893, Train Loss: 0.1227, Test Loss: 0.7931, Test Accuracy: 73.14%, Best Test Accuracy: 74.80%
Epoch 894, Train Loss: 0.1379, Test Loss: 0.7925, Test Accuracy: 73.27%, Best Test Accuracy: 74.80%
Epoch 895, Train Loss: 0.1185, Test Loss: 0.7929, Test Accuracy: 73.27%, Best Test Accuracy: 74.80%
Epoch 896, Train Loss: 0.1426, Test Loss: 0.7940, Test Accuracy: 73.27%, Best Test Accuracy: 74.80%
Epoch 897, Train Loss: 0.1352, Test Loss: 0.7940, Test Accuracy: 73.27%, Best Test Accuracy: 74.80%
Epoch 898, Train Loss: 0.1038, Test Loss: 0.7930, Test Accuracy: 73.34%, Best Test Accuracy: 74.80%
Epoch 899, Train Loss: 0.1890, Test Loss: 0.7946, Test Accuracy: 73.20%, Best Test Accuracy: 74.80%
Epoch 900, Train Loss: 0.1518, Test Loss: 0.7950, Test Accuracy: 73.14%, Best Test Accuracy: 74.80%
Epoch 901, Train Loss: 0.1284, Test Loss: 0.7949, Test Accuracy: 73.14%, Best Test Accuracy: 74.80%
Epoch 902, Train Loss: 0.1481, Test Loss: 0.7931, Test Accuracy: 73.01%, Best Test Accuracy: 74.80%
Epoch 903, Train Loss: 0.1409, Test Loss: 0.7930, Test Accuracy: 73.14%, Best Test Accuracy: 74.80%
Epoch 904, Train Loss: 0.1876, Test Loss: 0.7930, Test Accuracy: 73.07%, Best Test Accuracy: 74.80%
Epoch 905, Train Loss: 0.1073, Test Loss: 0.7930, Test Accuracy: 73.14%, Best Test Accuracy: 74.80%
Epoch 906, Train Loss: 0.1227, Test Loss: 0.7909, Test Accuracy: 73.27%, Best Test Accuracy: 74.80%
Epoch 907, Train Loss: 0.1258, Test Loss: 0.7912, Test Accuracy: 73.27%, Best Test Accuracy: 74.80%
Epoch 908, Train Loss: 0.0920, Test Loss: 0.7912, Test Accuracy: 73.27%, Best Test Accuracy: 74.80%
Epoch 909, Train Loss: 0.1068, Test Loss: 0.7912, Test Accuracy: 73.27%, Best Test Accuracy: 74.80%
Epoch 910, Train Loss: 0.1007, Test Loss: 0.7966, Test Accuracy: 72.87%, Best Test Accuracy: 74.80%
Epoch 911, Train Loss: 0.1381, Test Loss: 0.7966, Test Accuracy: 72.87%, Best Test Accuracy: 74.80%
Epoch 912, Train Loss: 0.1228, Test Loss: 0.7783, Test Accuracy: 74.60%, Best Test Accuracy: 74.80%
Traceback (most recent call last):
  File "/home/gyf/HC/Multimodal-Sentiment-Analysis/Pytorch/7992_mosi.py", line 270, in <module>
    train_loss, train_accuracy = train(model, train_loader, criterion, optimizer, device, lambda_L2=config.L2, lambda_L1=config.L1, epoch = epoch)
  File "/home/gyf/HC/Multimodal-Sentiment-Analysis/Pytorch/7992_mosi.py", line 128, in train
    loss.backward()
  File "/home/gyf/miniconda3/envs/SignLan/lib/python3.9/site-packages/torch/_tensor.py", line 522, in backward
    torch.autograd.backward(
  File "/home/gyf/miniconda3/envs/SignLan/lib/python3.9/site-packages/torch/autograd/__init__.py", line 266, in backward
    Variable._execution_engine.run_backward(  # Calls into the C++ engine to run the backward pass
KeyboardInterrupt
