Console output is being logged to: /home/gyf/HC/Multimodal-Sentiment-Analysis/Pytorch/record/7992对比_05月17日_08时23分22秒.log
Config(version='For Mosi 7992', log_dir='../record', dropout_rate=0.7, batch_size=30, shuffle=True, learning_rate=0.0001, epochs=10000, random_seed=42, L1=1e-07, L2=1e-09)
Data loaded and processed.
Epoch 1, Train Loss: 0.6347, Test Loss: 0.7210, Test Accuracy: 42.42%, Best Test Accuracy: 42.42%
Epoch 2, Train Loss: 0.5696, Test Loss: 0.7192, Test Accuracy: 40.96%, Best Test Accuracy: 42.42%
Epoch 3, Train Loss: 0.4853, Test Loss: 0.7212, Test Accuracy: 41.76%, Best Test Accuracy: 42.42%
Epoch 4, Train Loss: 0.4732, Test Loss: 0.7153, Test Accuracy: 50.66%, Best Test Accuracy: 50.66%
Epoch 5, Train Loss: 0.4065, Test Loss: 0.7067, Test Accuracy: 60.97%, Best Test Accuracy: 60.97%
Epoch 6, Train Loss: 0.3655, Test Loss: 0.6963, Test Accuracy: 65.29%, Best Test Accuracy: 65.29%
Epoch 7, Train Loss: 0.3399, Test Loss: 0.6847, Test Accuracy: 68.35%, Best Test Accuracy: 68.35%
Epoch 8, Train Loss: 0.2904, Test Loss: 0.6696, Test Accuracy: 69.75%, Best Test Accuracy: 69.75%
Epoch 9, Train Loss: 0.2594, Test Loss: 0.6581, Test Accuracy: 71.08%, Best Test Accuracy: 71.08%
Epoch 10, Train Loss: 0.2224, Test Loss: 0.6538, Test Accuracy: 71.88%, Best Test Accuracy: 71.88%
Epoch 11, Train Loss: 0.1930, Test Loss: 0.6434, Test Accuracy: 72.34%, Best Test Accuracy: 72.34%
Epoch 12, Train Loss: 0.2134, Test Loss: 0.6380, Test Accuracy: 72.87%, Best Test Accuracy: 72.87%
Epoch 13, Train Loss: 0.1841, Test Loss: 0.6321, Test Accuracy: 73.60%, Best Test Accuracy: 73.60%
Epoch 14, Train Loss: 0.1998, Test Loss: 0.6338, Test Accuracy: 73.40%, Best Test Accuracy: 73.60%
Epoch 15, Train Loss: 0.1666, Test Loss: 0.6341, Test Accuracy: 73.47%, Best Test Accuracy: 73.60%
Epoch 16, Train Loss: 0.1644, Test Loss: 0.6382, Test Accuracy: 73.40%, Best Test Accuracy: 73.60%
Epoch 17, Train Loss: 0.1595, Test Loss: 0.6326, Test Accuracy: 74.14%, Best Test Accuracy: 74.14%
Epoch 18, Train Loss: 0.1723, Test Loss: 0.6338, Test Accuracy: 74.07%, Best Test Accuracy: 74.14%
Epoch 19, Train Loss: 0.1466, Test Loss: 0.6355, Test Accuracy: 74.07%, Best Test Accuracy: 74.14%
Epoch 20, Train Loss: 0.1710, Test Loss: 0.6358, Test Accuracy: 74.20%, Best Test Accuracy: 74.20%
Epoch 21, Train Loss: 0.1506, Test Loss: 0.6386, Test Accuracy: 73.94%, Best Test Accuracy: 74.20%
Epoch 22, Train Loss: 0.1536, Test Loss: 0.6367, Test Accuracy: 74.47%, Best Test Accuracy: 74.47%
Epoch 23, Train Loss: 0.1737, Test Loss: 0.6370, Test Accuracy: 74.60%, Best Test Accuracy: 74.60%
Epoch 24, Train Loss: 0.1890, Test Loss: 0.6394, Test Accuracy: 74.47%, Best Test Accuracy: 74.60%
Epoch 25, Train Loss: 0.1533, Test Loss: 0.6408, Test Accuracy: 74.47%, Best Test Accuracy: 74.60%
Epoch 26, Train Loss: 0.1504, Test Loss: 0.6432, Test Accuracy: 74.60%, Best Test Accuracy: 74.60%
Epoch 27, Train Loss: 0.1572, Test Loss: 0.6435, Test Accuracy: 74.47%, Best Test Accuracy: 74.60%
Epoch 28, Train Loss: 0.1871, Test Loss: 0.6455, Test Accuracy: 74.67%, Best Test Accuracy: 74.67%
Epoch 29, Train Loss: 0.1753, Test Loss: 0.6464, Test Accuracy: 74.73%, Best Test Accuracy: 74.73%
Epoch 30, Train Loss: 0.1766, Test Loss: 0.6468, Test Accuracy: 74.73%, Best Test Accuracy: 74.73%
Epoch 31, Train Loss: 0.1470, Test Loss: 0.6478, Test Accuracy: 74.73%, Best Test Accuracy: 74.73%
Epoch 32, Train Loss: 0.1454, Test Loss: 0.6487, Test Accuracy: 74.73%, Best Test Accuracy: 74.73%
Epoch 33, Train Loss: 0.1339, Test Loss: 0.6490, Test Accuracy: 74.67%, Best Test Accuracy: 74.73%
Epoch 34, Train Loss: 0.1578, Test Loss: 0.6455, Test Accuracy: 74.87%, Best Test Accuracy: 74.87%
Epoch 35, Train Loss: 0.1558, Test Loss: 0.6461, Test Accuracy: 74.73%, Best Test Accuracy: 74.87%
Epoch 36, Train Loss: 0.1584, Test Loss: 0.6467, Test Accuracy: 74.87%, Best Test Accuracy: 74.87%
Epoch 37, Train Loss: 0.1364, Test Loss: 0.6541, Test Accuracy: 74.60%, Best Test Accuracy: 74.87%
Epoch 38, Train Loss: 0.1325, Test Loss: 0.6572, Test Accuracy: 74.47%, Best Test Accuracy: 74.87%
Epoch 39, Train Loss: 0.1294, Test Loss: 0.6568, Test Accuracy: 74.60%, Best Test Accuracy: 74.87%
Epoch 40, Train Loss: 0.1336, Test Loss: 0.6564, Test Accuracy: 74.73%, Best Test Accuracy: 74.87%
Epoch 41, Train Loss: 0.1649, Test Loss: 0.6555, Test Accuracy: 74.67%, Best Test Accuracy: 74.87%
Epoch 42, Train Loss: 0.1490, Test Loss: 0.6553, Test Accuracy: 74.73%, Best Test Accuracy: 74.87%
Epoch 43, Train Loss: 0.1255, Test Loss: 0.6544, Test Accuracy: 74.73%, Best Test Accuracy: 74.87%
Epoch 44, Train Loss: 0.1407, Test Loss: 0.6539, Test Accuracy: 74.67%, Best Test Accuracy: 74.87%
Epoch 45, Train Loss: 0.1485, Test Loss: 0.6533, Test Accuracy: 74.93%, Best Test Accuracy: 74.93%
Epoch 46, Train Loss: 0.1459, Test Loss: 0.6538, Test Accuracy: 75.00%, Best Test Accuracy: 75.00%
Epoch 47, Train Loss: 0.1309, Test Loss: 0.6546, Test Accuracy: 75.00%, Best Test Accuracy: 75.00%
Epoch 48, Train Loss: 0.1517, Test Loss: 0.6546, Test Accuracy: 75.07%, Best Test Accuracy: 75.07%
Epoch 49, Train Loss: 0.1372, Test Loss: 0.6543, Test Accuracy: 75.20%, Best Test Accuracy: 75.20%
Epoch 50, Train Loss: 0.1371, Test Loss: 0.6562, Test Accuracy: 74.93%, Best Test Accuracy: 75.20%
Epoch 51, Train Loss: 0.1370, Test Loss: 0.6561, Test Accuracy: 74.93%, Best Test Accuracy: 75.20%
Epoch 52, Train Loss: 0.1210, Test Loss: 0.6572, Test Accuracy: 74.87%, Best Test Accuracy: 75.20%
Epoch 53, Train Loss: 0.1357, Test Loss: 0.6619, Test Accuracy: 74.60%, Best Test Accuracy: 75.20%
Epoch 54, Train Loss: 0.1304, Test Loss: 0.6611, Test Accuracy: 74.73%, Best Test Accuracy: 75.20%
Epoch 55, Train Loss: 0.1219, Test Loss: 0.6650, Test Accuracy: 74.47%, Best Test Accuracy: 75.20%
Epoch 56, Train Loss: 0.1361, Test Loss: 0.6624, Test Accuracy: 74.87%, Best Test Accuracy: 75.20%
Epoch 57, Train Loss: 0.1278, Test Loss: 0.6599, Test Accuracy: 75.13%, Best Test Accuracy: 75.20%
Epoch 58, Train Loss: 0.1224, Test Loss: 0.6603, Test Accuracy: 75.13%, Best Test Accuracy: 75.20%
Epoch 59, Train Loss: 0.1248, Test Loss: 0.6617, Test Accuracy: 75.07%, Best Test Accuracy: 75.20%
Epoch 60, Train Loss: 0.1294, Test Loss: 0.6613, Test Accuracy: 75.27%, Best Test Accuracy: 75.27%
Epoch 61, Train Loss: 0.1205, Test Loss: 0.6650, Test Accuracy: 74.87%, Best Test Accuracy: 75.27%
Epoch 62, Train Loss: 0.1167, Test Loss: 0.6654, Test Accuracy: 74.87%, Best Test Accuracy: 75.27%
Epoch 63, Train Loss: 0.1108, Test Loss: 0.6628, Test Accuracy: 75.13%, Best Test Accuracy: 75.27%
Epoch 64, Train Loss: 0.1732, Test Loss: 0.6633, Test Accuracy: 75.20%, Best Test Accuracy: 75.27%
Epoch 65, Train Loss: 0.1359, Test Loss: 0.6655, Test Accuracy: 75.20%, Best Test Accuracy: 75.27%
Epoch 66, Train Loss: 0.1232, Test Loss: 0.6653, Test Accuracy: 75.20%, Best Test Accuracy: 75.27%
Epoch 67, Train Loss: 0.1269, Test Loss: 0.6660, Test Accuracy: 75.27%, Best Test Accuracy: 75.27%
Epoch 68, Train Loss: 0.1367, Test Loss: 0.6651, Test Accuracy: 75.27%, Best Test Accuracy: 75.27%
Epoch 69, Train Loss: 0.1186, Test Loss: 0.6655, Test Accuracy: 75.20%, Best Test Accuracy: 75.27%
Epoch 70, Train Loss: 0.1156, Test Loss: 0.6653, Test Accuracy: 75.20%, Best Test Accuracy: 75.27%
Epoch 71, Train Loss: 0.1394, Test Loss: 0.6659, Test Accuracy: 75.27%, Best Test Accuracy: 75.27%
Epoch 72, Train Loss: 0.1266, Test Loss: 0.6663, Test Accuracy: 75.27%, Best Test Accuracy: 75.27%
Epoch 73, Train Loss: 0.1378, Test Loss: 0.6674, Test Accuracy: 75.33%, Best Test Accuracy: 75.33%
Epoch 74, Train Loss: 0.1071, Test Loss: 0.6687, Test Accuracy: 75.20%, Best Test Accuracy: 75.33%
Epoch 75, Train Loss: 0.1281, Test Loss: 0.6663, Test Accuracy: 75.13%, Best Test Accuracy: 75.33%
Traceback (most recent call last):
  File "/home/gyf/HC/Multimodal-Sentiment-Analysis/Pytorch/7992_mosi_Mamba.py", line 297, in <module>
    test_loss, test_accuracy = evaluate(model, test_loader, criterion)
  File "/home/gyf/HC/Multimodal-Sentiment-Analysis/Pytorch/7992_mosi_Mamba.py", line 190, in evaluate
    total += masks_expanded.sum().item()
KeyboardInterrupt
