Console output is being logged to: /home/gyf/HC/Multimodal-Sentiment-Analysis/Pytorch/record/batch_7992_05月17日_08时37分48秒.log
Config(version='For Mosi 7992', log_dir='../record', dropout_rate=0.7, batch_size=4, shuffle=True, learning_rate=0.0001, epochs=10000, random_seed=42, L1=1e-07, L2=1e-09)
Data loaded and processed.
Epoch 1, Train Loss: 0.6434, Test Loss: 0.7046, Test Accuracy: 37.90%, Best Test Accuracy: 37.90%
Epoch 2, Train Loss: 0.5485, Test Loss: 0.7198, Test Accuracy: 37.90%, Best Test Accuracy: 37.90%
Epoch 3, Train Loss: 0.4607, Test Loss: 0.7382, Test Accuracy: 37.90%, Best Test Accuracy: 37.90%
Epoch 4, Train Loss: 0.3988, Test Loss: 0.7432, Test Accuracy: 37.90%, Best Test Accuracy: 37.90%
Epoch 5, Train Loss: 0.3438, Test Loss: 0.7494, Test Accuracy: 37.90%, Best Test Accuracy: 37.90%
Epoch 6, Train Loss: 0.3113, Test Loss: 0.7450, Test Accuracy: 39.23%, Best Test Accuracy: 39.23%
Epoch 7, Train Loss: 0.2808, Test Loss: 0.7412, Test Accuracy: 43.35%, Best Test Accuracy: 43.35%
Epoch 8, Train Loss: 0.2553, Test Loss: 0.7386, Test Accuracy: 50.80%, Best Test Accuracy: 50.80%
Epoch 9, Train Loss: 0.2371, Test Loss: 0.7364, Test Accuracy: 57.11%, Best Test Accuracy: 57.11%
Epoch 10, Train Loss: 0.2217, Test Loss: 0.7346, Test Accuracy: 60.11%, Best Test Accuracy: 60.11%
Epoch 11, Train Loss: 0.2142, Test Loss: 0.7308, Test Accuracy: 62.90%, Best Test Accuracy: 62.90%
Epoch 12, Train Loss: 0.1986, Test Loss: 0.7280, Test Accuracy: 64.76%, Best Test Accuracy: 64.76%
Epoch 13, Train Loss: 0.1897, Test Loss: 0.7239, Test Accuracy: 66.09%, Best Test Accuracy: 66.09%
Epoch 14, Train Loss: 0.1838, Test Loss: 0.7238, Test Accuracy: 67.15%, Best Test Accuracy: 67.15%
Epoch 15, Train Loss: 0.1771, Test Loss: 0.7226, Test Accuracy: 68.42%, Best Test Accuracy: 68.42%
Epoch 16, Train Loss: 0.1679, Test Loss: 0.7189, Test Accuracy: 69.48%, Best Test Accuracy: 69.48%
Epoch 17, Train Loss: 0.1603, Test Loss: 0.7179, Test Accuracy: 70.01%, Best Test Accuracy: 70.01%
Epoch 18, Train Loss: 0.1541, Test Loss: 0.7158, Test Accuracy: 70.74%, Best Test Accuracy: 70.74%
Epoch 19, Train Loss: 0.1494, Test Loss: 0.7119, Test Accuracy: 71.74%, Best Test Accuracy: 71.74%
Epoch 20, Train Loss: 0.1419, Test Loss: 0.7084, Test Accuracy: 72.27%, Best Test Accuracy: 72.27%
Epoch 21, Train Loss: 0.1366, Test Loss: 0.7055, Test Accuracy: 72.94%, Best Test Accuracy: 72.94%
Epoch 22, Train Loss: 0.1274, Test Loss: 0.7054, Test Accuracy: 73.47%, Best Test Accuracy: 73.47%
Epoch 23, Train Loss: 0.1248, Test Loss: 0.7009, Test Accuracy: 74.20%, Best Test Accuracy: 74.20%
Epoch 24, Train Loss: 0.1197, Test Loss: 0.6996, Test Accuracy: 74.60%, Best Test Accuracy: 74.60%
Epoch 25, Train Loss: 0.1129, Test Loss: 0.6993, Test Accuracy: 74.87%, Best Test Accuracy: 74.87%
Epoch 26, Train Loss: 0.1095, Test Loss: 0.6942, Test Accuracy: 75.33%, Best Test Accuracy: 75.33%
Epoch 27, Train Loss: 0.1049, Test Loss: 0.6937, Test Accuracy: 75.60%, Best Test Accuracy: 75.60%
Epoch 28, Train Loss: 0.1016, Test Loss: 0.6892, Test Accuracy: 75.93%, Best Test Accuracy: 75.93%
Epoch 29, Train Loss: 0.0947, Test Loss: 0.6934, Test Accuracy: 75.93%, Best Test Accuracy: 75.93%
Epoch 30, Train Loss: 0.0902, Test Loss: 0.6939, Test Accuracy: 75.93%, Best Test Accuracy: 75.93%
Epoch 31, Train Loss: 0.0884, Test Loss: 0.6950, Test Accuracy: 76.06%, Best Test Accuracy: 76.06%
Epoch 32, Train Loss: 0.0860, Test Loss: 0.6967, Test Accuracy: 76.00%, Best Test Accuracy: 76.06%
Epoch 33, Train Loss: 0.0824, Test Loss: 0.7002, Test Accuracy: 76.20%, Best Test Accuracy: 76.20%
Epoch 34, Train Loss: 0.0784, Test Loss: 0.7020, Test Accuracy: 76.40%, Best Test Accuracy: 76.40%
Epoch 35, Train Loss: 0.0781, Test Loss: 0.7034, Test Accuracy: 76.46%, Best Test Accuracy: 76.46%
Epoch 36, Train Loss: 0.0733, Test Loss: 0.7084, Test Accuracy: 76.46%, Best Test Accuracy: 76.46%
Epoch 37, Train Loss: 0.0774, Test Loss: 0.7064, Test Accuracy: 76.66%, Best Test Accuracy: 76.66%
Epoch 38, Train Loss: 0.0732, Test Loss: 0.7049, Test Accuracy: 76.60%, Best Test Accuracy: 76.66%
Epoch 39, Train Loss: 0.0669, Test Loss: 0.7106, Test Accuracy: 76.60%, Best Test Accuracy: 76.66%
Epoch 40, Train Loss: 0.0676, Test Loss: 0.7131, Test Accuracy: 76.66%, Best Test Accuracy: 76.66%
Epoch 41, Train Loss: 0.0659, Test Loss: 0.7180, Test Accuracy: 76.66%, Best Test Accuracy: 76.66%
Epoch 42, Train Loss: 0.0675, Test Loss: 0.7211, Test Accuracy: 76.66%, Best Test Accuracy: 76.66%
Epoch 43, Train Loss: 0.0657, Test Loss: 0.7212, Test Accuracy: 76.73%, Best Test Accuracy: 76.73%
Epoch 44, Train Loss: 0.0649, Test Loss: 0.7284, Test Accuracy: 76.66%, Best Test Accuracy: 76.73%
Epoch 45, Train Loss: 0.0630, Test Loss: 0.7299, Test Accuracy: 76.73%, Best Test Accuracy: 76.73%
Epoch 46, Train Loss: 0.0634, Test Loss: 0.7310, Test Accuracy: 76.53%, Best Test Accuracy: 76.73%
Epoch 47, Train Loss: 0.0589, Test Loss: 0.7331, Test Accuracy: 76.46%, Best Test Accuracy: 76.73%
Epoch 48, Train Loss: 0.0604, Test Loss: 0.7362, Test Accuracy: 76.40%, Best Test Accuracy: 76.73%
Epoch 49, Train Loss: 0.0632, Test Loss: 0.7325, Test Accuracy: 76.66%, Best Test Accuracy: 76.73%
Epoch 50, Train Loss: 0.0593, Test Loss: 0.7368, Test Accuracy: 76.66%, Best Test Accuracy: 76.73%
Epoch 51, Train Loss: 0.0583, Test Loss: 0.7369, Test Accuracy: 76.80%, Best Test Accuracy: 76.80%
Epoch 52, Train Loss: 0.0569, Test Loss: 0.7429, Test Accuracy: 76.66%, Best Test Accuracy: 76.80%
Epoch 53, Train Loss: 0.0582, Test Loss: 0.7432, Test Accuracy: 76.80%, Best Test Accuracy: 76.80%
Epoch 54, Train Loss: 0.0577, Test Loss: 0.7444, Test Accuracy: 76.86%, Best Test Accuracy: 76.86%
Epoch 55, Train Loss: 0.0579, Test Loss: 0.7440, Test Accuracy: 76.93%, Best Test Accuracy: 76.93%
Epoch 56, Train Loss: 0.0559, Test Loss: 0.7481, Test Accuracy: 76.93%, Best Test Accuracy: 76.93%
Epoch 57, Train Loss: 0.0586, Test Loss: 0.7477, Test Accuracy: 76.99%, Best Test Accuracy: 76.99%
Epoch 58, Train Loss: 0.0564, Test Loss: 0.7474, Test Accuracy: 76.99%, Best Test Accuracy: 76.99%
Epoch 59, Train Loss: 0.0578, Test Loss: 0.7516, Test Accuracy: 76.93%, Best Test Accuracy: 76.99%
Epoch 60, Train Loss: 0.0555, Test Loss: 0.7497, Test Accuracy: 77.46%, Best Test Accuracy: 77.46%
Epoch 61, Train Loss: 0.0552, Test Loss: 0.7558, Test Accuracy: 77.19%, Best Test Accuracy: 77.46%
Epoch 62, Train Loss: 0.0516, Test Loss: 0.7566, Test Accuracy: 77.26%, Best Test Accuracy: 77.46%
Epoch 63, Train Loss: 0.0524, Test Loss: 0.7565, Test Accuracy: 77.39%, Best Test Accuracy: 77.46%
Epoch 64, Train Loss: 0.0540, Test Loss: 0.7582, Test Accuracy: 77.26%, Best Test Accuracy: 77.46%
Epoch 65, Train Loss: 0.0519, Test Loss: 0.7612, Test Accuracy: 77.33%, Best Test Accuracy: 77.46%
Epoch 66, Train Loss: 0.0527, Test Loss: 0.7610, Test Accuracy: 77.33%, Best Test Accuracy: 77.46%
Epoch 67, Train Loss: 0.0539, Test Loss: 0.7599, Test Accuracy: 77.33%, Best Test Accuracy: 77.46%
Epoch 68, Train Loss: 0.0533, Test Loss: 0.7630, Test Accuracy: 77.33%, Best Test Accuracy: 77.46%
Epoch 69, Train Loss: 0.0496, Test Loss: 0.7660, Test Accuracy: 77.26%, Best Test Accuracy: 77.46%
Epoch 70, Train Loss: 0.0524, Test Loss: 0.7663, Test Accuracy: 77.26%, Best Test Accuracy: 77.46%
Epoch 71, Train Loss: 0.0522, Test Loss: 0.7606, Test Accuracy: 77.13%, Best Test Accuracy: 77.46%
Epoch 72, Train Loss: 0.0545, Test Loss: 0.7628, Test Accuracy: 77.13%, Best Test Accuracy: 77.46%
Epoch 73, Train Loss: 0.0508, Test Loss: 0.7658, Test Accuracy: 77.19%, Best Test Accuracy: 77.46%
Epoch 74, Train Loss: 0.0542, Test Loss: 0.7624, Test Accuracy: 77.19%, Best Test Accuracy: 77.46%
Epoch 75, Train Loss: 0.0524, Test Loss: 0.7654, Test Accuracy: 77.13%, Best Test Accuracy: 77.46%
Epoch 76, Train Loss: 0.0486, Test Loss: 0.7684, Test Accuracy: 77.13%, Best Test Accuracy: 77.46%
Epoch 77, Train Loss: 0.0540, Test Loss: 0.7660, Test Accuracy: 77.19%, Best Test Accuracy: 77.46%
Epoch 78, Train Loss: 0.0525, Test Loss: 0.7634, Test Accuracy: 77.06%, Best Test Accuracy: 77.46%
Epoch 79, Train Loss: 0.0519, Test Loss: 0.7635, Test Accuracy: 77.26%, Best Test Accuracy: 77.46%
Epoch 80, Train Loss: 0.0507, Test Loss: 0.7617, Test Accuracy: 77.53%, Best Test Accuracy: 77.53%
Epoch 81, Train Loss: 0.0507, Test Loss: 0.7689, Test Accuracy: 77.19%, Best Test Accuracy: 77.53%
Epoch 82, Train Loss: 0.0505, Test Loss: 0.7733, Test Accuracy: 77.19%, Best Test Accuracy: 77.53%
Epoch 83, Train Loss: 0.0542, Test Loss: 0.7716, Test Accuracy: 77.19%, Best Test Accuracy: 77.53%
Epoch 84, Train Loss: 0.0495, Test Loss: 0.7749, Test Accuracy: 77.33%, Best Test Accuracy: 77.53%
Epoch 85, Train Loss: 0.0492, Test Loss: 0.7762, Test Accuracy: 77.33%, Best Test Accuracy: 77.53%
Epoch 86, Train Loss: 0.0498, Test Loss: 0.7737, Test Accuracy: 77.19%, Best Test Accuracy: 77.53%
Epoch 87, Train Loss: 0.0519, Test Loss: 0.7727, Test Accuracy: 77.33%, Best Test Accuracy: 77.53%
Epoch 88, Train Loss: 0.0501, Test Loss: 0.7756, Test Accuracy: 77.19%, Best Test Accuracy: 77.53%
Epoch 89, Train Loss: 0.0517, Test Loss: 0.7709, Test Accuracy: 77.73%, Best Test Accuracy: 77.73%
Epoch 90, Train Loss: 0.0504, Test Loss: 0.7751, Test Accuracy: 77.39%, Best Test Accuracy: 77.73%
Epoch 91, Train Loss: 0.0509, Test Loss: 0.7776, Test Accuracy: 77.26%, Best Test Accuracy: 77.73%
Epoch 92, Train Loss: 0.0478, Test Loss: 0.7777, Test Accuracy: 77.39%, Best Test Accuracy: 77.73%
Epoch 93, Train Loss: 0.0494, Test Loss: 0.7768, Test Accuracy: 77.46%, Best Test Accuracy: 77.73%
Epoch 94, Train Loss: 0.0498, Test Loss: 0.7773, Test Accuracy: 77.46%, Best Test Accuracy: 77.73%
Epoch 95, Train Loss: 0.0482, Test Loss: 0.7732, Test Accuracy: 77.66%, Best Test Accuracy: 77.73%
Epoch 96, Train Loss: 0.0466, Test Loss: 0.7743, Test Accuracy: 77.66%, Best Test Accuracy: 77.73%
Epoch 97, Train Loss: 0.0514, Test Loss: 0.7766, Test Accuracy: 77.66%, Best Test Accuracy: 77.73%
Epoch 98, Train Loss: 0.0513, Test Loss: 0.7763, Test Accuracy: 77.66%, Best Test Accuracy: 77.73%
Epoch 99, Train Loss: 0.0479, Test Loss: 0.7735, Test Accuracy: 77.53%, Best Test Accuracy: 77.73%
Epoch 100, Train Loss: 0.0486, Test Loss: 0.7770, Test Accuracy: 77.66%, Best Test Accuracy: 77.73%
Epoch 101, Train Loss: 0.0486, Test Loss: 0.7775, Test Accuracy: 77.53%, Best Test Accuracy: 77.73%
Epoch 102, Train Loss: 0.0474, Test Loss: 0.7783, Test Accuracy: 77.59%, Best Test Accuracy: 77.73%
Epoch 103, Train Loss: 0.0489, Test Loss: 0.7791, Test Accuracy: 77.66%, Best Test Accuracy: 77.73%
Epoch 104, Train Loss: 0.0490, Test Loss: 0.7859, Test Accuracy: 77.26%, Best Test Accuracy: 77.73%
Epoch 105, Train Loss: 0.0458, Test Loss: 0.7856, Test Accuracy: 77.26%, Best Test Accuracy: 77.73%
Epoch 106, Train Loss: 0.0489, Test Loss: 0.7824, Test Accuracy: 77.39%, Best Test Accuracy: 77.73%
Epoch 107, Train Loss: 0.0466, Test Loss: 0.7835, Test Accuracy: 77.39%, Best Test Accuracy: 77.73%
Epoch 108, Train Loss: 0.0472, Test Loss: 0.7815, Test Accuracy: 77.26%, Best Test Accuracy: 77.73%
Epoch 109, Train Loss: 0.0471, Test Loss: 0.7817, Test Accuracy: 77.26%, Best Test Accuracy: 77.73%
Epoch 110, Train Loss: 0.0534, Test Loss: 0.7808, Test Accuracy: 77.26%, Best Test Accuracy: 77.73%
Epoch 111, Train Loss: 0.0504, Test Loss: 0.7814, Test Accuracy: 77.26%, Best Test Accuracy: 77.73%
Epoch 112, Train Loss: 0.0473, Test Loss: 0.7819, Test Accuracy: 77.26%, Best Test Accuracy: 77.73%
Epoch 113, Train Loss: 0.0486, Test Loss: 0.7839, Test Accuracy: 77.26%, Best Test Accuracy: 77.73%
Epoch 114, Train Loss: 0.0503, Test Loss: 0.7818, Test Accuracy: 77.19%, Best Test Accuracy: 77.73%
Epoch 115, Train Loss: 0.0492, Test Loss: 0.7815, Test Accuracy: 77.26%, Best Test Accuracy: 77.73%
Epoch 116, Train Loss: 0.0474, Test Loss: 0.7811, Test Accuracy: 77.26%, Best Test Accuracy: 77.73%
Epoch 117, Train Loss: 0.0493, Test Loss: 0.7803, Test Accuracy: 77.26%, Best Test Accuracy: 77.73%
Epoch 118, Train Loss: 0.0484, Test Loss: 0.7801, Test Accuracy: 77.26%, Best Test Accuracy: 77.73%
Epoch 119, Train Loss: 0.0458, Test Loss: 0.7794, Test Accuracy: 77.66%, Best Test Accuracy: 77.73%
Epoch 120, Train Loss: 0.0513, Test Loss: 0.7775, Test Accuracy: 77.66%, Best Test Accuracy: 77.73%
Epoch 121, Train Loss: 0.0501, Test Loss: 0.7773, Test Accuracy: 77.66%, Best Test Accuracy: 77.73%
Epoch 122, Train Loss: 0.0477, Test Loss: 0.7778, Test Accuracy: 77.53%, Best Test Accuracy: 77.73%
Epoch 123, Train Loss: 0.0487, Test Loss: 0.7807, Test Accuracy: 77.39%, Best Test Accuracy: 77.73%
Epoch 124, Train Loss: 0.0490, Test Loss: 0.7783, Test Accuracy: 77.66%, Best Test Accuracy: 77.73%
Epoch 125, Train Loss: 0.0462, Test Loss: 0.7796, Test Accuracy: 77.66%, Best Test Accuracy: 77.73%
Epoch 126, Train Loss: 0.0474, Test Loss: 0.7815, Test Accuracy: 77.66%, Best Test Accuracy: 77.73%
Epoch 127, Train Loss: 0.0481, Test Loss: 0.7817, Test Accuracy: 77.66%, Best Test Accuracy: 77.73%
Epoch 128, Train Loss: 0.0478, Test Loss: 0.7819, Test Accuracy: 77.66%, Best Test Accuracy: 77.73%
Epoch 129, Train Loss: 0.0461, Test Loss: 0.7816, Test Accuracy: 77.53%, Best Test Accuracy: 77.73%
Epoch 130, Train Loss: 0.0447, Test Loss: 0.7821, Test Accuracy: 77.53%, Best Test Accuracy: 77.73%
Epoch 131, Train Loss: 0.0472, Test Loss: 0.7825, Test Accuracy: 77.59%, Best Test Accuracy: 77.73%
Epoch 132, Train Loss: 0.0474, Test Loss: 0.7813, Test Accuracy: 77.53%, Best Test Accuracy: 77.73%
Epoch 133, Train Loss: 0.0459, Test Loss: 0.7804, Test Accuracy: 77.53%, Best Test Accuracy: 77.73%
Epoch 134, Train Loss: 0.0475, Test Loss: 0.7806, Test Accuracy: 77.53%, Best Test Accuracy: 77.73%
Epoch 135, Train Loss: 0.0468, Test Loss: 0.7815, Test Accuracy: 77.53%, Best Test Accuracy: 77.73%
Epoch 136, Train Loss: 0.0463, Test Loss: 0.7804, Test Accuracy: 77.53%, Best Test Accuracy: 77.73%
Epoch 137, Train Loss: 0.0447, Test Loss: 0.7801, Test Accuracy: 77.53%, Best Test Accuracy: 77.73%
Epoch 138, Train Loss: 0.0468, Test Loss: 0.7826, Test Accuracy: 77.59%, Best Test Accuracy: 77.73%
Epoch 139, Train Loss: 0.0493, Test Loss: 0.7821, Test Accuracy: 77.53%, Best Test Accuracy: 77.73%
Epoch 140, Train Loss: 0.0476, Test Loss: 0.7808, Test Accuracy: 77.53%, Best Test Accuracy: 77.73%
Epoch 141, Train Loss: 0.0449, Test Loss: 0.7806, Test Accuracy: 77.53%, Best Test Accuracy: 77.73%
Epoch 142, Train Loss: 0.0430, Test Loss: 0.7823, Test Accuracy: 77.53%, Best Test Accuracy: 77.73%
Epoch 143, Train Loss: 0.0451, Test Loss: 0.7834, Test Accuracy: 77.53%, Best Test Accuracy: 77.73%
Epoch 144, Train Loss: 0.0469, Test Loss: 0.7855, Test Accuracy: 77.53%, Best Test Accuracy: 77.73%
Epoch 145, Train Loss: 0.0482, Test Loss: 0.7852, Test Accuracy: 77.53%, Best Test Accuracy: 77.73%
Epoch 146, Train Loss: 0.0451, Test Loss: 0.7859, Test Accuracy: 77.53%, Best Test Accuracy: 77.73%
Epoch 147, Train Loss: 0.0474, Test Loss: 0.7837, Test Accuracy: 77.53%, Best Test Accuracy: 77.73%
Epoch 148, Train Loss: 0.0459, Test Loss: 0.7832, Test Accuracy: 77.53%, Best Test Accuracy: 77.73%
Epoch 149, Train Loss: 0.0481, Test Loss: 0.7845, Test Accuracy: 77.53%, Best Test Accuracy: 77.73%
Epoch 150, Train Loss: 0.0433, Test Loss: 0.7852, Test Accuracy: 77.53%, Best Test Accuracy: 77.73%
Epoch 151, Train Loss: 0.0428, Test Loss: 0.7860, Test Accuracy: 77.53%, Best Test Accuracy: 77.73%
Epoch 152, Train Loss: 0.0435, Test Loss: 0.7862, Test Accuracy: 77.53%, Best Test Accuracy: 77.73%
Epoch 153, Train Loss: 0.0454, Test Loss: 0.7852, Test Accuracy: 77.53%, Best Test Accuracy: 77.73%
Epoch 154, Train Loss: 0.0473, Test Loss: 0.7856, Test Accuracy: 77.53%, Best Test Accuracy: 77.73%
Epoch 155, Train Loss: 0.0467, Test Loss: 0.7841, Test Accuracy: 77.53%, Best Test Accuracy: 77.73%
Epoch 156, Train Loss: 0.0437, Test Loss: 0.7838, Test Accuracy: 77.53%, Best Test Accuracy: 77.73%
Epoch 157, Train Loss: 0.0453, Test Loss: 0.7854, Test Accuracy: 77.53%, Best Test Accuracy: 77.73%
Epoch 158, Train Loss: 0.0445, Test Loss: 0.7821, Test Accuracy: 77.66%, Best Test Accuracy: 77.73%
Epoch 159, Train Loss: 0.0439, Test Loss: 0.7836, Test Accuracy: 77.66%, Best Test Accuracy: 77.73%
Epoch 160, Train Loss: 0.0454, Test Loss: 0.7849, Test Accuracy: 77.53%, Best Test Accuracy: 77.73%
Epoch 161, Train Loss: 0.0433, Test Loss: 0.7855, Test Accuracy: 77.53%, Best Test Accuracy: 77.73%
Epoch 162, Train Loss: 0.0486, Test Loss: 0.7874, Test Accuracy: 77.53%, Best Test Accuracy: 77.73%
Epoch 163, Train Loss: 0.0471, Test Loss: 0.7841, Test Accuracy: 77.53%, Best Test Accuracy: 77.73%
Epoch 164, Train Loss: 0.0459, Test Loss: 0.7830, Test Accuracy: 77.53%, Best Test Accuracy: 77.73%
Epoch 165, Train Loss: 0.0436, Test Loss: 0.7839, Test Accuracy: 77.53%, Best Test Accuracy: 77.73%
Epoch 166, Train Loss: 0.0473, Test Loss: 0.7830, Test Accuracy: 77.53%, Best Test Accuracy: 77.73%
Epoch 167, Train Loss: 0.0447, Test Loss: 0.7827, Test Accuracy: 77.53%, Best Test Accuracy: 77.73%
Epoch 168, Train Loss: 0.0437, Test Loss: 0.7829, Test Accuracy: 77.53%, Best Test Accuracy: 77.73%
Epoch 169, Train Loss: 0.0429, Test Loss: 0.7838, Test Accuracy: 77.53%, Best Test Accuracy: 77.73%
Epoch 170, Train Loss: 0.0457, Test Loss: 0.7845, Test Accuracy: 77.53%, Best Test Accuracy: 77.73%
Epoch 171, Train Loss: 0.0439, Test Loss: 0.7851, Test Accuracy: 77.53%, Best Test Accuracy: 77.73%
Epoch 172, Train Loss: 0.0479, Test Loss: 0.7841, Test Accuracy: 77.53%, Best Test Accuracy: 77.73%
Epoch 173, Train Loss: 0.0463, Test Loss: 0.7837, Test Accuracy: 77.53%, Best Test Accuracy: 77.73%
Epoch 174, Train Loss: 0.0436, Test Loss: 0.7845, Test Accuracy: 77.53%, Best Test Accuracy: 77.73%
Epoch 175, Train Loss: 0.0471, Test Loss: 0.7851, Test Accuracy: 77.53%, Best Test Accuracy: 77.73%
Epoch 176, Train Loss: 0.0470, Test Loss: 0.7832, Test Accuracy: 77.53%, Best Test Accuracy: 77.73%
Epoch 177, Train Loss: 0.0448, Test Loss: 0.7825, Test Accuracy: 77.59%, Best Test Accuracy: 77.73%
Epoch 178, Train Loss: 0.0452, Test Loss: 0.7835, Test Accuracy: 77.53%, Best Test Accuracy: 77.73%
Epoch 179, Train Loss: 0.0454, Test Loss: 0.7797, Test Accuracy: 77.66%, Best Test Accuracy: 77.73%
Epoch 180, Train Loss: 0.0437, Test Loss: 0.7801, Test Accuracy: 77.66%, Best Test Accuracy: 77.73%
Epoch 181, Train Loss: 0.0432, Test Loss: 0.7829, Test Accuracy: 77.79%, Best Test Accuracy: 77.79%
Epoch 182, Train Loss: 0.0435, Test Loss: 0.7824, Test Accuracy: 77.66%, Best Test Accuracy: 77.79%
Epoch 183, Train Loss: 0.0480, Test Loss: 0.7815, Test Accuracy: 77.66%, Best Test Accuracy: 77.79%
Epoch 184, Train Loss: 0.0413, Test Loss: 0.7830, Test Accuracy: 77.79%, Best Test Accuracy: 77.79%
Epoch 185, Train Loss: 0.0436, Test Loss: 0.7829, Test Accuracy: 77.79%, Best Test Accuracy: 77.79%
Epoch 186, Train Loss: 0.0489, Test Loss: 0.7823, Test Accuracy: 77.66%, Best Test Accuracy: 77.79%
Epoch 187, Train Loss: 0.0439, Test Loss: 0.7824, Test Accuracy: 77.66%, Best Test Accuracy: 77.79%
Epoch 188, Train Loss: 0.0460, Test Loss: 0.7852, Test Accuracy: 77.53%, Best Test Accuracy: 77.79%
Epoch 189, Train Loss: 0.0429, Test Loss: 0.7866, Test Accuracy: 77.53%, Best Test Accuracy: 77.79%
Epoch 190, Train Loss: 0.0425, Test Loss: 0.7871, Test Accuracy: 77.53%, Best Test Accuracy: 77.79%
Epoch 191, Train Loss: 0.0446, Test Loss: 0.7867, Test Accuracy: 77.53%, Best Test Accuracy: 77.79%
Epoch 192, Train Loss: 0.0424, Test Loss: 0.7871, Test Accuracy: 77.66%, Best Test Accuracy: 77.79%
Epoch 193, Train Loss: 0.0421, Test Loss: 0.7878, Test Accuracy: 77.66%, Best Test Accuracy: 77.79%
Epoch 194, Train Loss: 0.0438, Test Loss: 0.7865, Test Accuracy: 77.66%, Best Test Accuracy: 77.79%
Epoch 195, Train Loss: 0.0442, Test Loss: 0.7837, Test Accuracy: 77.79%, Best Test Accuracy: 77.79%
Epoch 196, Train Loss: 0.0450, Test Loss: 0.7872, Test Accuracy: 77.53%, Best Test Accuracy: 77.79%
Epoch 197, Train Loss: 0.0453, Test Loss: 0.7858, Test Accuracy: 77.66%, Best Test Accuracy: 77.79%
Epoch 198, Train Loss: 0.0446, Test Loss: 0.7844, Test Accuracy: 77.66%, Best Test Accuracy: 77.79%
Epoch 199, Train Loss: 0.0448, Test Loss: 0.7832, Test Accuracy: 77.73%, Best Test Accuracy: 77.79%
Epoch 200, Train Loss: 0.0429, Test Loss: 0.7830, Test Accuracy: 77.73%, Best Test Accuracy: 77.79%
Epoch 201, Train Loss: 0.0439, Test Loss: 0.7780, Test Accuracy: 77.93%, Best Test Accuracy: 77.93%
Epoch 202, Train Loss: 0.0424, Test Loss: 0.7794, Test Accuracy: 77.93%, Best Test Accuracy: 77.93%
Epoch 203, Train Loss: 0.0446, Test Loss: 0.7799, Test Accuracy: 77.93%, Best Test Accuracy: 77.93%
Epoch 204, Train Loss: 0.0439, Test Loss: 0.7786, Test Accuracy: 77.93%, Best Test Accuracy: 77.93%
Epoch 205, Train Loss: 0.0455, Test Loss: 0.7815, Test Accuracy: 78.19%, Best Test Accuracy: 78.19%
Epoch 206, Train Loss: 0.0430, Test Loss: 0.7828, Test Accuracy: 77.93%, Best Test Accuracy: 78.19%
Epoch 207, Train Loss: 0.0420, Test Loss: 0.7814, Test Accuracy: 77.99%, Best Test Accuracy: 78.19%
Epoch 208, Train Loss: 0.0436, Test Loss: 0.7815, Test Accuracy: 78.12%, Best Test Accuracy: 78.19%
Epoch 209, Train Loss: 0.0447, Test Loss: 0.7799, Test Accuracy: 77.93%, Best Test Accuracy: 78.19%
Epoch 210, Train Loss: 0.0435, Test Loss: 0.7790, Test Accuracy: 77.93%, Best Test Accuracy: 78.19%
Epoch 211, Train Loss: 0.0437, Test Loss: 0.7783, Test Accuracy: 77.93%, Best Test Accuracy: 78.19%
Epoch 212, Train Loss: 0.0429, Test Loss: 0.7800, Test Accuracy: 77.93%, Best Test Accuracy: 78.19%
Epoch 213, Train Loss: 0.0439, Test Loss: 0.7806, Test Accuracy: 78.06%, Best Test Accuracy: 78.19%
Epoch 214, Train Loss: 0.0415, Test Loss: 0.7824, Test Accuracy: 77.93%, Best Test Accuracy: 78.19%
Epoch 215, Train Loss: 0.0444, Test Loss: 0.7830, Test Accuracy: 77.73%, Best Test Accuracy: 78.19%
Epoch 216, Train Loss: 0.0424, Test Loss: 0.7820, Test Accuracy: 77.79%, Best Test Accuracy: 78.19%
Epoch 217, Train Loss: 0.0406, Test Loss: 0.7825, Test Accuracy: 77.86%, Best Test Accuracy: 78.19%
Epoch 218, Train Loss: 0.0409, Test Loss: 0.7830, Test Accuracy: 77.86%, Best Test Accuracy: 78.19%
Epoch 219, Train Loss: 0.0437, Test Loss: 0.7834, Test Accuracy: 77.93%, Best Test Accuracy: 78.19%
Epoch 220, Train Loss: 0.0394, Test Loss: 0.7835, Test Accuracy: 77.93%, Best Test Accuracy: 78.19%
Epoch 221, Train Loss: 0.0460, Test Loss: 0.7830, Test Accuracy: 77.93%, Best Test Accuracy: 78.19%
Epoch 222, Train Loss: 0.0413, Test Loss: 0.7830, Test Accuracy: 77.93%, Best Test Accuracy: 78.19%
Epoch 223, Train Loss: 0.0455, Test Loss: 0.7826, Test Accuracy: 77.99%, Best Test Accuracy: 78.19%
Epoch 224, Train Loss: 0.0432, Test Loss: 0.7826, Test Accuracy: 78.19%, Best Test Accuracy: 78.19%
Epoch 225, Train Loss: 0.0445, Test Loss: 0.7820, Test Accuracy: 78.06%, Best Test Accuracy: 78.19%
Epoch 226, Train Loss: 0.0443, Test Loss: 0.7807, Test Accuracy: 78.19%, Best Test Accuracy: 78.19%
Epoch 227, Train Loss: 0.0398, Test Loss: 0.7799, Test Accuracy: 77.99%, Best Test Accuracy: 78.19%
Epoch 228, Train Loss: 0.0411, Test Loss: 0.7817, Test Accuracy: 78.19%, Best Test Accuracy: 78.19%
Epoch 229, Train Loss: 0.0410, Test Loss: 0.7808, Test Accuracy: 78.19%, Best Test Accuracy: 78.19%
Epoch 230, Train Loss: 0.0422, Test Loss: 0.7790, Test Accuracy: 77.79%, Best Test Accuracy: 78.19%
Epoch 231, Train Loss: 0.0400, Test Loss: 0.7788, Test Accuracy: 77.79%, Best Test Accuracy: 78.19%
Epoch 232, Train Loss: 0.0393, Test Loss: 0.7790, Test Accuracy: 77.79%, Best Test Accuracy: 78.19%
Epoch 233, Train Loss: 0.0408, Test Loss: 0.7799, Test Accuracy: 77.79%, Best Test Accuracy: 78.19%
Epoch 234, Train Loss: 0.0456, Test Loss: 0.7785, Test Accuracy: 77.79%, Best Test Accuracy: 78.19%
Epoch 235, Train Loss: 0.0409, Test Loss: 0.7785, Test Accuracy: 77.79%, Best Test Accuracy: 78.19%
Epoch 236, Train Loss: 0.0407, Test Loss: 0.7790, Test Accuracy: 77.79%, Best Test Accuracy: 78.19%
Epoch 237, Train Loss: 0.0423, Test Loss: 0.7792, Test Accuracy: 77.79%, Best Test Accuracy: 78.19%
Epoch 238, Train Loss: 0.0418, Test Loss: 0.7779, Test Accuracy: 77.86%, Best Test Accuracy: 78.19%
Epoch 239, Train Loss: 0.0417, Test Loss: 0.7782, Test Accuracy: 77.86%, Best Test Accuracy: 78.19%
Epoch 240, Train Loss: 0.0446, Test Loss: 0.7788, Test Accuracy: 77.79%, Best Test Accuracy: 78.19%
Epoch 241, Train Loss: 0.0409, Test Loss: 0.7790, Test Accuracy: 77.79%, Best Test Accuracy: 78.19%
Epoch 242, Train Loss: 0.0414, Test Loss: 0.7807, Test Accuracy: 77.79%, Best Test Accuracy: 78.19%
Epoch 243, Train Loss: 0.0424, Test Loss: 0.7801, Test Accuracy: 77.79%, Best Test Accuracy: 78.19%
Epoch 244, Train Loss: 0.0420, Test Loss: 0.7799, Test Accuracy: 77.79%, Best Test Accuracy: 78.19%
Epoch 245, Train Loss: 0.0430, Test Loss: 0.7779, Test Accuracy: 77.86%, Best Test Accuracy: 78.19%
Epoch 246, Train Loss: 0.0423, Test Loss: 0.7775, Test Accuracy: 77.86%, Best Test Accuracy: 78.19%
Epoch 247, Train Loss: 0.0425, Test Loss: 0.7776, Test Accuracy: 77.99%, Best Test Accuracy: 78.19%
Epoch 248, Train Loss: 0.0423, Test Loss: 0.7753, Test Accuracy: 77.93%, Best Test Accuracy: 78.19%
Epoch 249, Train Loss: 0.0426, Test Loss: 0.7760, Test Accuracy: 77.93%, Best Test Accuracy: 78.19%
Epoch 250, Train Loss: 0.0425, Test Loss: 0.7774, Test Accuracy: 78.12%, Best Test Accuracy: 78.19%
Epoch 251, Train Loss: 0.0393, Test Loss: 0.7771, Test Accuracy: 77.86%, Best Test Accuracy: 78.19%
Epoch 252, Train Loss: 0.0421, Test Loss: 0.7793, Test Accuracy: 77.93%, Best Test Accuracy: 78.19%
Epoch 253, Train Loss: 0.0403, Test Loss: 0.7787, Test Accuracy: 78.06%, Best Test Accuracy: 78.19%
Epoch 254, Train Loss: 0.0396, Test Loss: 0.7792, Test Accuracy: 77.99%, Best Test Accuracy: 78.19%
Epoch 255, Train Loss: 0.0418, Test Loss: 0.7785, Test Accuracy: 77.99%, Best Test Accuracy: 78.19%
Epoch 256, Train Loss: 0.0412, Test Loss: 0.7846, Test Accuracy: 77.99%, Best Test Accuracy: 78.19%
Epoch 257, Train Loss: 0.0475, Test Loss: 0.7820, Test Accuracy: 78.06%, Best Test Accuracy: 78.19%
Epoch 258, Train Loss: 0.0407, Test Loss: 0.7829, Test Accuracy: 78.06%, Best Test Accuracy: 78.19%
Epoch 259, Train Loss: 0.0450, Test Loss: 0.7813, Test Accuracy: 77.99%, Best Test Accuracy: 78.19%
Epoch 260, Train Loss: 0.0399, Test Loss: 0.7782, Test Accuracy: 77.93%, Best Test Accuracy: 78.19%
Epoch 261, Train Loss: 0.0410, Test Loss: 0.7780, Test Accuracy: 77.93%, Best Test Accuracy: 78.19%
Epoch 262, Train Loss: 0.0398, Test Loss: 0.7791, Test Accuracy: 77.93%, Best Test Accuracy: 78.19%
Epoch 263, Train Loss: 0.0399, Test Loss: 0.7797, Test Accuracy: 77.93%, Best Test Accuracy: 78.19%
Epoch 264, Train Loss: 0.0421, Test Loss: 0.7796, Test Accuracy: 77.93%, Best Test Accuracy: 78.19%
Epoch 265, Train Loss: 0.0432, Test Loss: 0.7797, Test Accuracy: 77.79%, Best Test Accuracy: 78.19%
Epoch 266, Train Loss: 0.0402, Test Loss: 0.7784, Test Accuracy: 77.93%, Best Test Accuracy: 78.19%
Epoch 267, Train Loss: 0.0437, Test Loss: 0.7774, Test Accuracy: 77.99%, Best Test Accuracy: 78.19%
Epoch 268, Train Loss: 0.0419, Test Loss: 0.7772, Test Accuracy: 77.99%, Best Test Accuracy: 78.19%
Epoch 269, Train Loss: 0.0398, Test Loss: 0.7769, Test Accuracy: 77.99%, Best Test Accuracy: 78.19%
Epoch 270, Train Loss: 0.0405, Test Loss: 0.7774, Test Accuracy: 77.99%, Best Test Accuracy: 78.19%
Epoch 271, Train Loss: 0.0396, Test Loss: 0.7777, Test Accuracy: 77.99%, Best Test Accuracy: 78.19%
Epoch 272, Train Loss: 0.0396, Test Loss: 0.7783, Test Accuracy: 77.99%, Best Test Accuracy: 78.19%
Epoch 273, Train Loss: 0.0414, Test Loss: 0.7772, Test Accuracy: 77.99%, Best Test Accuracy: 78.19%
Epoch 274, Train Loss: 0.0394, Test Loss: 0.7773, Test Accuracy: 77.99%, Best Test Accuracy: 78.19%
Epoch 275, Train Loss: 0.0410, Test Loss: 0.7752, Test Accuracy: 78.46%, Best Test Accuracy: 78.46%
Epoch 276, Train Loss: 0.0397, Test Loss: 0.7753, Test Accuracy: 78.46%, Best Test Accuracy: 78.46%
Epoch 277, Train Loss: 0.0376, Test Loss: 0.7753, Test Accuracy: 78.46%, Best Test Accuracy: 78.46%
Epoch 278, Train Loss: 0.0417, Test Loss: 0.7750, Test Accuracy: 78.32%, Best Test Accuracy: 78.46%
Epoch 279, Train Loss: 0.0385, Test Loss: 0.7766, Test Accuracy: 78.52%, Best Test Accuracy: 78.52%
Epoch 280, Train Loss: 0.0423, Test Loss: 0.7767, Test Accuracy: 78.52%, Best Test Accuracy: 78.52%
Epoch 281, Train Loss: 0.0386, Test Loss: 0.7786, Test Accuracy: 78.12%, Best Test Accuracy: 78.52%
Epoch 282, Train Loss: 0.0407, Test Loss: 0.7793, Test Accuracy: 78.06%, Best Test Accuracy: 78.52%
Epoch 283, Train Loss: 0.0390, Test Loss: 0.7782, Test Accuracy: 78.06%, Best Test Accuracy: 78.52%
Epoch 284, Train Loss: 0.0388, Test Loss: 0.7775, Test Accuracy: 78.19%, Best Test Accuracy: 78.52%
Epoch 285, Train Loss: 0.0410, Test Loss: 0.7777, Test Accuracy: 78.19%, Best Test Accuracy: 78.52%
Epoch 286, Train Loss: 0.0405, Test Loss: 0.7761, Test Accuracy: 78.46%, Best Test Accuracy: 78.52%
Epoch 287, Train Loss: 0.0416, Test Loss: 0.7769, Test Accuracy: 78.26%, Best Test Accuracy: 78.52%
Epoch 288, Train Loss: 0.0396, Test Loss: 0.7763, Test Accuracy: 78.46%, Best Test Accuracy: 78.52%
Epoch 289, Train Loss: 0.0422, Test Loss: 0.7753, Test Accuracy: 78.46%, Best Test Accuracy: 78.52%
Epoch 290, Train Loss: 0.0409, Test Loss: 0.7752, Test Accuracy: 78.46%, Best Test Accuracy: 78.52%
Epoch 291, Train Loss: 0.0400, Test Loss: 0.7762, Test Accuracy: 78.39%, Best Test Accuracy: 78.52%
Epoch 292, Train Loss: 0.0396, Test Loss: 0.7762, Test Accuracy: 78.46%, Best Test Accuracy: 78.52%
Epoch 293, Train Loss: 0.0385, Test Loss: 0.7764, Test Accuracy: 78.46%, Best Test Accuracy: 78.52%
Epoch 294, Train Loss: 0.0412, Test Loss: 0.7764, Test Accuracy: 78.46%, Best Test Accuracy: 78.52%
Epoch 295, Train Loss: 0.0422, Test Loss: 0.7759, Test Accuracy: 78.59%, Best Test Accuracy: 78.59%
Epoch 296, Train Loss: 0.0393, Test Loss: 0.7753, Test Accuracy: 78.52%, Best Test Accuracy: 78.59%
Epoch 297, Train Loss: 0.0413, Test Loss: 0.7754, Test Accuracy: 78.46%, Best Test Accuracy: 78.59%
Epoch 298, Train Loss: 0.0377, Test Loss: 0.7755, Test Accuracy: 78.46%, Best Test Accuracy: 78.59%
Epoch 299, Train Loss: 0.0409, Test Loss: 0.7748, Test Accuracy: 78.52%, Best Test Accuracy: 78.59%
Epoch 300, Train Loss: 0.0402, Test Loss: 0.7751, Test Accuracy: 78.52%, Best Test Accuracy: 78.59%
Epoch 301, Train Loss: 0.0376, Test Loss: 0.7757, Test Accuracy: 78.39%, Best Test Accuracy: 78.59%
Epoch 302, Train Loss: 0.0392, Test Loss: 0.7755, Test Accuracy: 78.59%, Best Test Accuracy: 78.59%
Epoch 303, Train Loss: 0.0425, Test Loss: 0.7754, Test Accuracy: 78.59%, Best Test Accuracy: 78.59%
Epoch 304, Train Loss: 0.0396, Test Loss: 0.7740, Test Accuracy: 78.79%, Best Test Accuracy: 78.79%
Epoch 305, Train Loss: 0.0414, Test Loss: 0.7753, Test Accuracy: 78.52%, Best Test Accuracy: 78.79%
Epoch 306, Train Loss: 0.0378, Test Loss: 0.7758, Test Accuracy: 78.52%, Best Test Accuracy: 78.79%
Epoch 307, Train Loss: 0.0374, Test Loss: 0.7767, Test Accuracy: 78.59%, Best Test Accuracy: 78.79%
Epoch 308, Train Loss: 0.0398, Test Loss: 0.7766, Test Accuracy: 78.59%, Best Test Accuracy: 78.79%
Epoch 309, Train Loss: 0.0405, Test Loss: 0.7770, Test Accuracy: 78.46%, Best Test Accuracy: 78.79%
Epoch 310, Train Loss: 0.0416, Test Loss: 0.7766, Test Accuracy: 78.52%, Best Test Accuracy: 78.79%
Epoch 311, Train Loss: 0.0403, Test Loss: 0.7767, Test Accuracy: 78.66%, Best Test Accuracy: 78.79%
Epoch 312, Train Loss: 0.0398, Test Loss: 0.7759, Test Accuracy: 78.72%, Best Test Accuracy: 78.79%
Epoch 313, Train Loss: 0.0394, Test Loss: 0.7780, Test Accuracy: 78.32%, Best Test Accuracy: 78.79%
Epoch 314, Train Loss: 0.0410, Test Loss: 0.7776, Test Accuracy: 78.32%, Best Test Accuracy: 78.79%
Epoch 315, Train Loss: 0.0377, Test Loss: 0.7779, Test Accuracy: 78.32%, Best Test Accuracy: 78.79%
Epoch 316, Train Loss: 0.0420, Test Loss: 0.7776, Test Accuracy: 78.32%, Best Test Accuracy: 78.79%
Epoch 317, Train Loss: 0.0401, Test Loss: 0.7768, Test Accuracy: 78.39%, Best Test Accuracy: 78.79%
Epoch 318, Train Loss: 0.0439, Test Loss: 0.7745, Test Accuracy: 78.86%, Best Test Accuracy: 78.86%
Epoch 319, Train Loss: 0.0368, Test Loss: 0.7756, Test Accuracy: 78.79%, Best Test Accuracy: 78.86%
Epoch 320, Train Loss: 0.0412, Test Loss: 0.7742, Test Accuracy: 78.72%, Best Test Accuracy: 78.86%
Epoch 321, Train Loss: 0.0394, Test Loss: 0.7759, Test Accuracy: 78.46%, Best Test Accuracy: 78.86%
Epoch 322, Train Loss: 0.0410, Test Loss: 0.7776, Test Accuracy: 78.32%, Best Test Accuracy: 78.86%
Epoch 323, Train Loss: 0.0394, Test Loss: 0.7764, Test Accuracy: 78.32%, Best Test Accuracy: 78.86%
Epoch 324, Train Loss: 0.0385, Test Loss: 0.7761, Test Accuracy: 78.46%, Best Test Accuracy: 78.86%
Epoch 325, Train Loss: 0.0396, Test Loss: 0.7749, Test Accuracy: 78.86%, Best Test Accuracy: 78.86%
Epoch 326, Train Loss: 0.0381, Test Loss: 0.7751, Test Accuracy: 78.79%, Best Test Accuracy: 78.86%
Epoch 327, Train Loss: 0.0388, Test Loss: 0.7756, Test Accuracy: 78.72%, Best Test Accuracy: 78.86%
Epoch 328, Train Loss: 0.0390, Test Loss: 0.7762, Test Accuracy: 78.66%, Best Test Accuracy: 78.86%
Epoch 329, Train Loss: 0.0383, Test Loss: 0.7758, Test Accuracy: 78.86%, Best Test Accuracy: 78.86%
Epoch 330, Train Loss: 0.0413, Test Loss: 0.7745, Test Accuracy: 78.86%, Best Test Accuracy: 78.86%
Epoch 331, Train Loss: 0.0387, Test Loss: 0.7742, Test Accuracy: 78.86%, Best Test Accuracy: 78.86%
Epoch 332, Train Loss: 0.0399, Test Loss: 0.7745, Test Accuracy: 78.86%, Best Test Accuracy: 78.86%
Epoch 333, Train Loss: 0.0377, Test Loss: 0.7750, Test Accuracy: 78.86%, Best Test Accuracy: 78.86%
Epoch 334, Train Loss: 0.0354, Test Loss: 0.7767, Test Accuracy: 78.66%, Best Test Accuracy: 78.86%
Epoch 335, Train Loss: 0.0369, Test Loss: 0.7772, Test Accuracy: 78.66%, Best Test Accuracy: 78.86%
Epoch 336, Train Loss: 0.0376, Test Loss: 0.7764, Test Accuracy: 78.86%, Best Test Accuracy: 78.86%
Epoch 337, Train Loss: 0.0386, Test Loss: 0.7772, Test Accuracy: 78.66%, Best Test Accuracy: 78.86%
Epoch 338, Train Loss: 0.0380, Test Loss: 0.7763, Test Accuracy: 78.86%, Best Test Accuracy: 78.86%
Epoch 339, Train Loss: 0.0376, Test Loss: 0.7765, Test Accuracy: 78.86%, Best Test Accuracy: 78.86%
Epoch 340, Train Loss: 0.0373, Test Loss: 0.7765, Test Accuracy: 78.86%, Best Test Accuracy: 78.86%
Epoch 341, Train Loss: 0.0367, Test Loss: 0.7763, Test Accuracy: 78.86%, Best Test Accuracy: 78.86%
Epoch 342, Train Loss: 0.0368, Test Loss: 0.7770, Test Accuracy: 78.86%, Best Test Accuracy: 78.86%
Epoch 343, Train Loss: 0.0408, Test Loss: 0.7771, Test Accuracy: 78.86%, Best Test Accuracy: 78.86%
Epoch 344, Train Loss: 0.0406, Test Loss: 0.7766, Test Accuracy: 78.86%, Best Test Accuracy: 78.86%
Epoch 345, Train Loss: 0.0376, Test Loss: 0.7776, Test Accuracy: 78.86%, Best Test Accuracy: 78.86%
Epoch 346, Train Loss: 0.0382, Test Loss: 0.7763, Test Accuracy: 79.06%, Best Test Accuracy: 79.06%
Epoch 347, Train Loss: 0.0402, Test Loss: 0.7769, Test Accuracy: 78.99%, Best Test Accuracy: 79.06%
Epoch 348, Train Loss: 0.0404, Test Loss: 0.7778, Test Accuracy: 78.86%, Best Test Accuracy: 79.06%
Epoch 349, Train Loss: 0.0383, Test Loss: 0.7771, Test Accuracy: 78.86%, Best Test Accuracy: 79.06%
Epoch 350, Train Loss: 0.0389, Test Loss: 0.7755, Test Accuracy: 78.92%, Best Test Accuracy: 79.06%
Epoch 351, Train Loss: 0.0392, Test Loss: 0.7750, Test Accuracy: 78.79%, Best Test Accuracy: 79.06%
Epoch 352, Train Loss: 0.0382, Test Loss: 0.7748, Test Accuracy: 78.72%, Best Test Accuracy: 79.06%
Epoch 353, Train Loss: 0.0394, Test Loss: 0.7748, Test Accuracy: 78.59%, Best Test Accuracy: 79.06%
Epoch 354, Train Loss: 0.0383, Test Loss: 0.7759, Test Accuracy: 78.79%, Best Test Accuracy: 79.06%
Epoch 355, Train Loss: 0.0390, Test Loss: 0.7753, Test Accuracy: 78.86%, Best Test Accuracy: 79.06%
Epoch 356, Train Loss: 0.0374, Test Loss: 0.7766, Test Accuracy: 78.92%, Best Test Accuracy: 79.06%
Epoch 357, Train Loss: 0.0369, Test Loss: 0.7770, Test Accuracy: 78.86%, Best Test Accuracy: 79.06%
Epoch 358, Train Loss: 0.0385, Test Loss: 0.7765, Test Accuracy: 78.92%, Best Test Accuracy: 79.06%
Epoch 359, Train Loss: 0.0379, Test Loss: 0.7757, Test Accuracy: 78.92%, Best Test Accuracy: 79.06%
Epoch 360, Train Loss: 0.0370, Test Loss: 0.7759, Test Accuracy: 78.92%, Best Test Accuracy: 79.06%
Epoch 361, Train Loss: 0.0372, Test Loss: 0.7756, Test Accuracy: 78.99%, Best Test Accuracy: 79.06%
Epoch 362, Train Loss: 0.0378, Test Loss: 0.7759, Test Accuracy: 78.99%, Best Test Accuracy: 79.06%
Epoch 363, Train Loss: 0.0375, Test Loss: 0.7759, Test Accuracy: 78.99%, Best Test Accuracy: 79.06%
Epoch 364, Train Loss: 0.0374, Test Loss: 0.7759, Test Accuracy: 78.79%, Best Test Accuracy: 79.06%
Epoch 365, Train Loss: 0.0385, Test Loss: 0.7747, Test Accuracy: 78.86%, Best Test Accuracy: 79.06%
Epoch 366, Train Loss: 0.0358, Test Loss: 0.7753, Test Accuracy: 78.72%, Best Test Accuracy: 79.06%
Epoch 367, Train Loss: 0.0366, Test Loss: 0.7751, Test Accuracy: 78.72%, Best Test Accuracy: 79.06%
Epoch 368, Train Loss: 0.0390, Test Loss: 0.7751, Test Accuracy: 78.72%, Best Test Accuracy: 79.06%
Epoch 369, Train Loss: 0.0369, Test Loss: 0.7752, Test Accuracy: 78.99%, Best Test Accuracy: 79.06%
Epoch 370, Train Loss: 0.0412, Test Loss: 0.7751, Test Accuracy: 78.99%, Best Test Accuracy: 79.06%
Epoch 371, Train Loss: 0.0378, Test Loss: 0.7747, Test Accuracy: 78.99%, Best Test Accuracy: 79.06%
Epoch 372, Train Loss: 0.0389, Test Loss: 0.7752, Test Accuracy: 78.99%, Best Test Accuracy: 79.06%
Epoch 373, Train Loss: 0.0381, Test Loss: 0.7750, Test Accuracy: 78.99%, Best Test Accuracy: 79.06%
Epoch 374, Train Loss: 0.0384, Test Loss: 0.7752, Test Accuracy: 78.99%, Best Test Accuracy: 79.06%
Epoch 375, Train Loss: 0.0373, Test Loss: 0.7758, Test Accuracy: 78.79%, Best Test Accuracy: 79.06%
Epoch 376, Train Loss: 0.0372, Test Loss: 0.7758, Test Accuracy: 78.92%, Best Test Accuracy: 79.06%
Epoch 377, Train Loss: 0.0357, Test Loss: 0.7759, Test Accuracy: 78.79%, Best Test Accuracy: 79.06%
Epoch 378, Train Loss: 0.0366, Test Loss: 0.7753, Test Accuracy: 78.86%, Best Test Accuracy: 79.06%
Epoch 379, Train Loss: 0.0351, Test Loss: 0.7758, Test Accuracy: 78.92%, Best Test Accuracy: 79.06%
Epoch 380, Train Loss: 0.0371, Test Loss: 0.7748, Test Accuracy: 78.86%, Best Test Accuracy: 79.06%
Epoch 381, Train Loss: 0.0375, Test Loss: 0.7756, Test Accuracy: 78.86%, Best Test Accuracy: 79.06%
Epoch 382, Train Loss: 0.0375, Test Loss: 0.7767, Test Accuracy: 78.86%, Best Test Accuracy: 79.06%
Epoch 383, Train Loss: 0.0397, Test Loss: 0.7756, Test Accuracy: 78.79%, Best Test Accuracy: 79.06%
Epoch 384, Train Loss: 0.0372, Test Loss: 0.7762, Test Accuracy: 78.92%, Best Test Accuracy: 79.06%
Epoch 385, Train Loss: 0.0371, Test Loss: 0.7767, Test Accuracy: 78.86%, Best Test Accuracy: 79.06%
Epoch 386, Train Loss: 0.0379, Test Loss: 0.7764, Test Accuracy: 78.92%, Best Test Accuracy: 79.06%
Epoch 387, Train Loss: 0.0388, Test Loss: 0.7771, Test Accuracy: 78.86%, Best Test Accuracy: 79.06%
Epoch 388, Train Loss: 0.0400, Test Loss: 0.7784, Test Accuracy: 78.99%, Best Test Accuracy: 79.06%
Epoch 389, Train Loss: 0.0380, Test Loss: 0.7792, Test Accuracy: 78.86%, Best Test Accuracy: 79.06%
Epoch 390, Train Loss: 0.0376, Test Loss: 0.7798, Test Accuracy: 78.79%, Best Test Accuracy: 79.06%
Epoch 391, Train Loss: 0.0400, Test Loss: 0.7798, Test Accuracy: 78.79%, Best Test Accuracy: 79.06%
Epoch 392, Train Loss: 0.0365, Test Loss: 0.7786, Test Accuracy: 78.99%, Best Test Accuracy: 79.06%
Epoch 393, Train Loss: 0.0392, Test Loss: 0.7776, Test Accuracy: 78.99%, Best Test Accuracy: 79.06%
Epoch 394, Train Loss: 0.0382, Test Loss: 0.7765, Test Accuracy: 78.99%, Best Test Accuracy: 79.06%
Epoch 395, Train Loss: 0.0365, Test Loss: 0.7765, Test Accuracy: 78.99%, Best Test Accuracy: 79.06%
Epoch 396, Train Loss: 0.0371, Test Loss: 0.7762, Test Accuracy: 79.06%, Best Test Accuracy: 79.06%
Epoch 397, Train Loss: 0.0373, Test Loss: 0.7745, Test Accuracy: 79.12%, Best Test Accuracy: 79.12%
Epoch 398, Train Loss: 0.0372, Test Loss: 0.7739, Test Accuracy: 78.92%, Best Test Accuracy: 79.12%
Epoch 399, Train Loss: 0.0370, Test Loss: 0.7731, Test Accuracy: 78.99%, Best Test Accuracy: 79.12%
Epoch 400, Train Loss: 0.0377, Test Loss: 0.7725, Test Accuracy: 78.99%, Best Test Accuracy: 79.12%
Epoch 401, Train Loss: 0.0359, Test Loss: 0.7733, Test Accuracy: 78.99%, Best Test Accuracy: 79.12%
Epoch 402, Train Loss: 0.0371, Test Loss: 0.7729, Test Accuracy: 78.99%, Best Test Accuracy: 79.12%
Epoch 403, Train Loss: 0.0372, Test Loss: 0.7728, Test Accuracy: 78.99%, Best Test Accuracy: 79.12%
Epoch 404, Train Loss: 0.0377, Test Loss: 0.7724, Test Accuracy: 78.92%, Best Test Accuracy: 79.12%
Epoch 405, Train Loss: 0.0381, Test Loss: 0.7722, Test Accuracy: 78.79%, Best Test Accuracy: 79.12%
Epoch 406, Train Loss: 0.0374, Test Loss: 0.7715, Test Accuracy: 78.72%, Best Test Accuracy: 79.12%
Epoch 407, Train Loss: 0.0361, Test Loss: 0.7719, Test Accuracy: 78.72%, Best Test Accuracy: 79.12%
Epoch 408, Train Loss: 0.0367, Test Loss: 0.7729, Test Accuracy: 78.72%, Best Test Accuracy: 79.12%
Epoch 409, Train Loss: 0.0364, Test Loss: 0.7724, Test Accuracy: 78.79%, Best Test Accuracy: 79.12%
Epoch 410, Train Loss: 0.0387, Test Loss: 0.7728, Test Accuracy: 78.72%, Best Test Accuracy: 79.12%
Epoch 411, Train Loss: 0.0392, Test Loss: 0.7737, Test Accuracy: 78.92%, Best Test Accuracy: 79.12%
Epoch 412, Train Loss: 0.0385, Test Loss: 0.7729, Test Accuracy: 78.92%, Best Test Accuracy: 79.12%
Epoch 413, Train Loss: 0.0353, Test Loss: 0.7734, Test Accuracy: 78.92%, Best Test Accuracy: 79.12%
Epoch 414, Train Loss: 0.0361, Test Loss: 0.7734, Test Accuracy: 78.92%, Best Test Accuracy: 79.12%
Epoch 415, Train Loss: 0.0378, Test Loss: 0.7728, Test Accuracy: 78.99%, Best Test Accuracy: 79.12%
Epoch 416, Train Loss: 0.0369, Test Loss: 0.7726, Test Accuracy: 78.99%, Best Test Accuracy: 79.12%
Epoch 417, Train Loss: 0.0376, Test Loss: 0.7714, Test Accuracy: 78.72%, Best Test Accuracy: 79.12%
Epoch 418, Train Loss: 0.0372, Test Loss: 0.7708, Test Accuracy: 78.72%, Best Test Accuracy: 79.12%
Epoch 419, Train Loss: 0.0371, Test Loss: 0.7711, Test Accuracy: 78.72%, Best Test Accuracy: 79.12%
Epoch 420, Train Loss: 0.0361, Test Loss: 0.7712, Test Accuracy: 78.72%, Best Test Accuracy: 79.12%
Epoch 421, Train Loss: 0.0357, Test Loss: 0.7710, Test Accuracy: 78.72%, Best Test Accuracy: 79.12%
Epoch 422, Train Loss: 0.0349, Test Loss: 0.7711, Test Accuracy: 78.72%, Best Test Accuracy: 79.12%
Epoch 423, Train Loss: 0.0380, Test Loss: 0.7723, Test Accuracy: 78.99%, Best Test Accuracy: 79.12%
Epoch 424, Train Loss: 0.0370, Test Loss: 0.7726, Test Accuracy: 78.99%, Best Test Accuracy: 79.12%
Epoch 425, Train Loss: 0.0341, Test Loss: 0.7735, Test Accuracy: 78.92%, Best Test Accuracy: 79.12%
Epoch 426, Train Loss: 0.0363, Test Loss: 0.7731, Test Accuracy: 78.86%, Best Test Accuracy: 79.12%
Epoch 427, Train Loss: 0.0345, Test Loss: 0.7730, Test Accuracy: 78.86%, Best Test Accuracy: 79.12%
Epoch 428, Train Loss: 0.0363, Test Loss: 0.7727, Test Accuracy: 78.86%, Best Test Accuracy: 79.12%
Epoch 429, Train Loss: 0.0357, Test Loss: 0.7734, Test Accuracy: 78.86%, Best Test Accuracy: 79.12%
Epoch 430, Train Loss: 0.0366, Test Loss: 0.7735, Test Accuracy: 78.86%, Best Test Accuracy: 79.12%
Epoch 431, Train Loss: 0.0373, Test Loss: 0.7729, Test Accuracy: 78.99%, Best Test Accuracy: 79.12%
Epoch 432, Train Loss: 0.0365, Test Loss: 0.7738, Test Accuracy: 78.86%, Best Test Accuracy: 79.12%
Epoch 433, Train Loss: 0.0362, Test Loss: 0.7736, Test Accuracy: 78.92%, Best Test Accuracy: 79.12%
Epoch 434, Train Loss: 0.0375, Test Loss: 0.7730, Test Accuracy: 78.92%, Best Test Accuracy: 79.12%
Epoch 435, Train Loss: 0.0345, Test Loss: 0.7732, Test Accuracy: 78.86%, Best Test Accuracy: 79.12%
Epoch 436, Train Loss: 0.0367, Test Loss: 0.7737, Test Accuracy: 78.86%, Best Test Accuracy: 79.12%
Epoch 437, Train Loss: 0.0345, Test Loss: 0.7735, Test Accuracy: 78.86%, Best Test Accuracy: 79.12%
Epoch 438, Train Loss: 0.0359, Test Loss: 0.7744, Test Accuracy: 78.99%, Best Test Accuracy: 79.12%
Epoch 439, Train Loss: 0.0343, Test Loss: 0.7741, Test Accuracy: 78.86%, Best Test Accuracy: 79.12%
Epoch 440, Train Loss: 0.0368, Test Loss: 0.7747, Test Accuracy: 78.99%, Best Test Accuracy: 79.12%
Epoch 441, Train Loss: 0.0364, Test Loss: 0.7748, Test Accuracy: 78.86%, Best Test Accuracy: 79.12%
Epoch 442, Train Loss: 0.0352, Test Loss: 0.7741, Test Accuracy: 78.86%, Best Test Accuracy: 79.12%
Epoch 443, Train Loss: 0.0368, Test Loss: 0.7731, Test Accuracy: 78.86%, Best Test Accuracy: 79.12%
Epoch 444, Train Loss: 0.0363, Test Loss: 0.7741, Test Accuracy: 78.86%, Best Test Accuracy: 79.12%
Epoch 445, Train Loss: 0.0339, Test Loss: 0.7745, Test Accuracy: 78.92%, Best Test Accuracy: 79.12%
Epoch 446, Train Loss: 0.0363, Test Loss: 0.7740, Test Accuracy: 78.86%, Best Test Accuracy: 79.12%
Epoch 447, Train Loss: 0.0343, Test Loss: 0.7737, Test Accuracy: 78.92%, Best Test Accuracy: 79.12%
Epoch 448, Train Loss: 0.0347, Test Loss: 0.7739, Test Accuracy: 78.92%, Best Test Accuracy: 79.12%
Epoch 449, Train Loss: 0.0381, Test Loss: 0.7737, Test Accuracy: 78.92%, Best Test Accuracy: 79.12%
Epoch 450, Train Loss: 0.0356, Test Loss: 0.7747, Test Accuracy: 78.79%, Best Test Accuracy: 79.12%
Epoch 451, Train Loss: 0.0349, Test Loss: 0.7745, Test Accuracy: 78.86%, Best Test Accuracy: 79.12%
Epoch 452, Train Loss: 0.0357, Test Loss: 0.7743, Test Accuracy: 78.86%, Best Test Accuracy: 79.12%
Epoch 453, Train Loss: 0.0369, Test Loss: 0.7733, Test Accuracy: 78.92%, Best Test Accuracy: 79.12%
Epoch 454, Train Loss: 0.0365, Test Loss: 0.7737, Test Accuracy: 78.92%, Best Test Accuracy: 79.12%
Epoch 455, Train Loss: 0.0350, Test Loss: 0.7740, Test Accuracy: 78.92%, Best Test Accuracy: 79.12%
Epoch 456, Train Loss: 0.0354, Test Loss: 0.7738, Test Accuracy: 78.92%, Best Test Accuracy: 79.12%
Epoch 457, Train Loss: 0.0359, Test Loss: 0.7740, Test Accuracy: 78.92%, Best Test Accuracy: 79.12%
Epoch 458, Train Loss: 0.0351, Test Loss: 0.7740, Test Accuracy: 78.92%, Best Test Accuracy: 79.12%
Epoch 459, Train Loss: 0.0368, Test Loss: 0.7748, Test Accuracy: 78.86%, Best Test Accuracy: 79.12%
Epoch 460, Train Loss: 0.0343, Test Loss: 0.7746, Test Accuracy: 78.86%, Best Test Accuracy: 79.12%
Epoch 461, Train Loss: 0.0354, Test Loss: 0.7746, Test Accuracy: 78.86%, Best Test Accuracy: 79.12%
Epoch 462, Train Loss: 0.0350, Test Loss: 0.7737, Test Accuracy: 79.06%, Best Test Accuracy: 79.12%
Epoch 463, Train Loss: 0.0352, Test Loss: 0.7735, Test Accuracy: 79.12%, Best Test Accuracy: 79.12%
Epoch 464, Train Loss: 0.0335, Test Loss: 0.7740, Test Accuracy: 79.12%, Best Test Accuracy: 79.12%
Epoch 465, Train Loss: 0.0342, Test Loss: 0.7735, Test Accuracy: 79.19%, Best Test Accuracy: 79.19%
Epoch 466, Train Loss: 0.0356, Test Loss: 0.7732, Test Accuracy: 79.32%, Best Test Accuracy: 79.32%
Epoch 467, Train Loss: 0.0359, Test Loss: 0.7729, Test Accuracy: 79.26%, Best Test Accuracy: 79.32%
Epoch 468, Train Loss: 0.0354, Test Loss: 0.7728, Test Accuracy: 79.26%, Best Test Accuracy: 79.32%
Epoch 469, Train Loss: 0.0356, Test Loss: 0.7728, Test Accuracy: 79.32%, Best Test Accuracy: 79.32%
Epoch 470, Train Loss: 0.0376, Test Loss: 0.7735, Test Accuracy: 79.32%, Best Test Accuracy: 79.32%
Epoch 471, Train Loss: 0.0350, Test Loss: 0.7741, Test Accuracy: 78.99%, Best Test Accuracy: 79.32%
Epoch 472, Train Loss: 0.0350, Test Loss: 0.7739, Test Accuracy: 79.06%, Best Test Accuracy: 79.32%
Epoch 473, Train Loss: 0.0350, Test Loss: 0.7733, Test Accuracy: 79.32%, Best Test Accuracy: 79.32%
Epoch 474, Train Loss: 0.0364, Test Loss: 0.7727, Test Accuracy: 79.45%, Best Test Accuracy: 79.45%
Epoch 475, Train Loss: 0.0363, Test Loss: 0.7735, Test Accuracy: 79.32%, Best Test Accuracy: 79.45%
Epoch 476, Train Loss: 0.0338, Test Loss: 0.7737, Test Accuracy: 79.32%, Best Test Accuracy: 79.45%
Epoch 477, Train Loss: 0.0361, Test Loss: 0.7716, Test Accuracy: 79.39%, Best Test Accuracy: 79.45%
Epoch 478, Train Loss: 0.0321, Test Loss: 0.7720, Test Accuracy: 79.39%, Best Test Accuracy: 79.45%
Epoch 479, Train Loss: 0.0330, Test Loss: 0.7728, Test Accuracy: 79.39%, Best Test Accuracy: 79.45%
Epoch 480, Train Loss: 0.0364, Test Loss: 0.7734, Test Accuracy: 79.52%, Best Test Accuracy: 79.52%
Epoch 481, Train Loss: 0.0361, Test Loss: 0.7732, Test Accuracy: 79.45%, Best Test Accuracy: 79.52%
Epoch 482, Train Loss: 0.0360, Test Loss: 0.7733, Test Accuracy: 79.45%, Best Test Accuracy: 79.52%
Epoch 483, Train Loss: 0.0367, Test Loss: 0.7718, Test Accuracy: 79.39%, Best Test Accuracy: 79.52%
Epoch 484, Train Loss: 0.0363, Test Loss: 0.7715, Test Accuracy: 79.39%, Best Test Accuracy: 79.52%
Epoch 485, Train Loss: 0.0344, Test Loss: 0.7702, Test Accuracy: 79.45%, Best Test Accuracy: 79.52%
Epoch 486, Train Loss: 0.0367, Test Loss: 0.7725, Test Accuracy: 79.52%, Best Test Accuracy: 79.52%
Epoch 487, Train Loss: 0.0334, Test Loss: 0.7734, Test Accuracy: 79.52%, Best Test Accuracy: 79.52%
Epoch 488, Train Loss: 0.0363, Test Loss: 0.7735, Test Accuracy: 79.52%, Best Test Accuracy: 79.52%
Epoch 489, Train Loss: 0.0330, Test Loss: 0.7737, Test Accuracy: 79.52%, Best Test Accuracy: 79.52%
Epoch 490, Train Loss: 0.0350, Test Loss: 0.7729, Test Accuracy: 79.59%, Best Test Accuracy: 79.59%
Epoch 491, Train Loss: 0.0349, Test Loss: 0.7728, Test Accuracy: 79.59%, Best Test Accuracy: 79.59%
Epoch 492, Train Loss: 0.0334, Test Loss: 0.7740, Test Accuracy: 79.59%, Best Test Accuracy: 79.59%
Epoch 493, Train Loss: 0.0328, Test Loss: 0.7740, Test Accuracy: 79.59%, Best Test Accuracy: 79.59%
Epoch 494, Train Loss: 0.0363, Test Loss: 0.7737, Test Accuracy: 79.59%, Best Test Accuracy: 79.59%
Epoch 495, Train Loss: 0.0347, Test Loss: 0.7733, Test Accuracy: 79.52%, Best Test Accuracy: 79.59%
Epoch 496, Train Loss: 0.0345, Test Loss: 0.7737, Test Accuracy: 79.59%, Best Test Accuracy: 79.59%
Epoch 497, Train Loss: 0.0336, Test Loss: 0.7724, Test Accuracy: 79.59%, Best Test Accuracy: 79.59%
Epoch 498, Train Loss: 0.0327, Test Loss: 0.7745, Test Accuracy: 79.59%, Best Test Accuracy: 79.59%
Epoch 499, Train Loss: 0.0356, Test Loss: 0.7741, Test Accuracy: 79.59%, Best Test Accuracy: 79.59%
Epoch 500, Train Loss: 0.0343, Test Loss: 0.7733, Test Accuracy: 79.59%, Best Test Accuracy: 79.59%
Epoch 501, Train Loss: 0.0338, Test Loss: 0.7739, Test Accuracy: 79.59%, Best Test Accuracy: 79.59%
Epoch 502, Train Loss: 0.0362, Test Loss: 0.7751, Test Accuracy: 79.45%, Best Test Accuracy: 79.59%
Epoch 503, Train Loss: 0.0356, Test Loss: 0.7754, Test Accuracy: 79.45%, Best Test Accuracy: 79.59%
Epoch 504, Train Loss: 0.0347, Test Loss: 0.7756, Test Accuracy: 79.45%, Best Test Accuracy: 79.59%
Epoch 505, Train Loss: 0.0342, Test Loss: 0.7751, Test Accuracy: 79.45%, Best Test Accuracy: 79.59%
Epoch 506, Train Loss: 0.0357, Test Loss: 0.7747, Test Accuracy: 79.45%, Best Test Accuracy: 79.59%
Epoch 507, Train Loss: 0.0354, Test Loss: 0.7744, Test Accuracy: 79.52%, Best Test Accuracy: 79.59%
Epoch 508, Train Loss: 0.0350, Test Loss: 0.7740, Test Accuracy: 79.52%, Best Test Accuracy: 79.59%
Epoch 509, Train Loss: 0.0340, Test Loss: 0.7749, Test Accuracy: 79.52%, Best Test Accuracy: 79.59%
Epoch 510, Train Loss: 0.0326, Test Loss: 0.7744, Test Accuracy: 79.52%, Best Test Accuracy: 79.59%
Epoch 511, Train Loss: 0.0326, Test Loss: 0.7751, Test Accuracy: 79.52%, Best Test Accuracy: 79.59%
Epoch 512, Train Loss: 0.0340, Test Loss: 0.7751, Test Accuracy: 79.52%, Best Test Accuracy: 79.59%
Epoch 513, Train Loss: 0.0360, Test Loss: 0.7745, Test Accuracy: 79.52%, Best Test Accuracy: 79.59%
Epoch 514, Train Loss: 0.0330, Test Loss: 0.7731, Test Accuracy: 79.65%, Best Test Accuracy: 79.65%
Epoch 515, Train Loss: 0.0344, Test Loss: 0.7738, Test Accuracy: 79.59%, Best Test Accuracy: 79.65%
Epoch 516, Train Loss: 0.0336, Test Loss: 0.7746, Test Accuracy: 79.52%, Best Test Accuracy: 79.65%
Epoch 517, Train Loss: 0.0341, Test Loss: 0.7743, Test Accuracy: 79.52%, Best Test Accuracy: 79.65%
Epoch 518, Train Loss: 0.0365, Test Loss: 0.7731, Test Accuracy: 79.65%, Best Test Accuracy: 79.65%
Epoch 519, Train Loss: 0.0349, Test Loss: 0.7744, Test Accuracy: 79.52%, Best Test Accuracy: 79.65%
Epoch 520, Train Loss: 0.0331, Test Loss: 0.7746, Test Accuracy: 79.52%, Best Test Accuracy: 79.65%
Epoch 521, Train Loss: 0.0344, Test Loss: 0.7740, Test Accuracy: 79.59%, Best Test Accuracy: 79.65%
Epoch 522, Train Loss: 0.0344, Test Loss: 0.7737, Test Accuracy: 79.59%, Best Test Accuracy: 79.65%
Epoch 523, Train Loss: 0.0346, Test Loss: 0.7735, Test Accuracy: 79.59%, Best Test Accuracy: 79.65%
Epoch 524, Train Loss: 0.0335, Test Loss: 0.7732, Test Accuracy: 79.59%, Best Test Accuracy: 79.65%
Epoch 525, Train Loss: 0.0332, Test Loss: 0.7725, Test Accuracy: 79.65%, Best Test Accuracy: 79.65%
Epoch 526, Train Loss: 0.0331, Test Loss: 0.7729, Test Accuracy: 79.65%, Best Test Accuracy: 79.65%
Epoch 527, Train Loss: 0.0323, Test Loss: 0.7735, Test Accuracy: 79.65%, Best Test Accuracy: 79.65%
Epoch 528, Train Loss: 0.0328, Test Loss: 0.7738, Test Accuracy: 79.65%, Best Test Accuracy: 79.65%
Epoch 529, Train Loss: 0.0348, Test Loss: 0.7728, Test Accuracy: 79.59%, Best Test Accuracy: 79.65%
Epoch 530, Train Loss: 0.0329, Test Loss: 0.7734, Test Accuracy: 79.52%, Best Test Accuracy: 79.65%
Epoch 531, Train Loss: 0.0353, Test Loss: 0.7738, Test Accuracy: 79.45%, Best Test Accuracy: 79.65%
Epoch 532, Train Loss: 0.0335, Test Loss: 0.7739, Test Accuracy: 79.39%, Best Test Accuracy: 79.65%
Epoch 533, Train Loss: 0.0331, Test Loss: 0.7746, Test Accuracy: 79.52%, Best Test Accuracy: 79.65%
Epoch 534, Train Loss: 0.0337, Test Loss: 0.7749, Test Accuracy: 79.52%, Best Test Accuracy: 79.65%
Epoch 535, Train Loss: 0.0361, Test Loss: 0.7761, Test Accuracy: 79.59%, Best Test Accuracy: 79.65%
Epoch 536, Train Loss: 0.0347, Test Loss: 0.7771, Test Accuracy: 79.65%, Best Test Accuracy: 79.65%
Epoch 537, Train Loss: 0.0332, Test Loss: 0.7769, Test Accuracy: 79.65%, Best Test Accuracy: 79.65%
Epoch 538, Train Loss: 0.0334, Test Loss: 0.7747, Test Accuracy: 79.52%, Best Test Accuracy: 79.65%
Epoch 539, Train Loss: 0.0342, Test Loss: 0.7750, Test Accuracy: 79.52%, Best Test Accuracy: 79.65%
Epoch 540, Train Loss: 0.0311, Test Loss: 0.7750, Test Accuracy: 79.52%, Best Test Accuracy: 79.65%
Epoch 541, Train Loss: 0.0321, Test Loss: 0.7756, Test Accuracy: 79.52%, Best Test Accuracy: 79.65%
Epoch 542, Train Loss: 0.0331, Test Loss: 0.7765, Test Accuracy: 79.65%, Best Test Accuracy: 79.65%
Epoch 543, Train Loss: 0.0338, Test Loss: 0.7757, Test Accuracy: 79.52%, Best Test Accuracy: 79.65%
Epoch 544, Train Loss: 0.0331, Test Loss: 0.7762, Test Accuracy: 79.65%, Best Test Accuracy: 79.65%
Epoch 545, Train Loss: 0.0333, Test Loss: 0.7762, Test Accuracy: 79.65%, Best Test Accuracy: 79.65%
Epoch 546, Train Loss: 0.0345, Test Loss: 0.7763, Test Accuracy: 79.65%, Best Test Accuracy: 79.65%
Epoch 547, Train Loss: 0.0331, Test Loss: 0.7766, Test Accuracy: 79.65%, Best Test Accuracy: 79.65%
Epoch 548, Train Loss: 0.0338, Test Loss: 0.7764, Test Accuracy: 79.59%, Best Test Accuracy: 79.65%
Epoch 549, Train Loss: 0.0336, Test Loss: 0.7794, Test Accuracy: 79.39%, Best Test Accuracy: 79.65%
Epoch 550, Train Loss: 0.0313, Test Loss: 0.7780, Test Accuracy: 79.45%, Best Test Accuracy: 79.65%
Epoch 551, Train Loss: 0.0349, Test Loss: 0.7760, Test Accuracy: 79.59%, Best Test Accuracy: 79.65%
Epoch 552, Train Loss: 0.0354, Test Loss: 0.7757, Test Accuracy: 79.59%, Best Test Accuracy: 79.65%
Epoch 553, Train Loss: 0.0348, Test Loss: 0.7764, Test Accuracy: 79.45%, Best Test Accuracy: 79.65%
Epoch 554, Train Loss: 0.0337, Test Loss: 0.7748, Test Accuracy: 79.26%, Best Test Accuracy: 79.65%
Epoch 555, Train Loss: 0.0317, Test Loss: 0.7747, Test Accuracy: 79.26%, Best Test Accuracy: 79.65%
Epoch 556, Train Loss: 0.0327, Test Loss: 0.7745, Test Accuracy: 79.26%, Best Test Accuracy: 79.65%
Epoch 557, Train Loss: 0.0318, Test Loss: 0.7758, Test Accuracy: 79.26%, Best Test Accuracy: 79.65%
Epoch 558, Train Loss: 0.0330, Test Loss: 0.7767, Test Accuracy: 79.32%, Best Test Accuracy: 79.65%
Epoch 559, Train Loss: 0.0320, Test Loss: 0.7778, Test Accuracy: 79.59%, Best Test Accuracy: 79.65%
Epoch 560, Train Loss: 0.0318, Test Loss: 0.7780, Test Accuracy: 79.52%, Best Test Accuracy: 79.65%
Epoch 561, Train Loss: 0.0316, Test Loss: 0.7774, Test Accuracy: 79.32%, Best Test Accuracy: 79.65%
Epoch 562, Train Loss: 0.0337, Test Loss: 0.7763, Test Accuracy: 79.26%, Best Test Accuracy: 79.65%
Epoch 563, Train Loss: 0.0353, Test Loss: 0.7755, Test Accuracy: 79.26%, Best Test Accuracy: 79.65%
Epoch 564, Train Loss: 0.0311, Test Loss: 0.7753, Test Accuracy: 79.39%, Best Test Accuracy: 79.65%
Epoch 565, Train Loss: 0.0314, Test Loss: 0.7754, Test Accuracy: 79.39%, Best Test Accuracy: 79.65%
Epoch 566, Train Loss: 0.0314, Test Loss: 0.7761, Test Accuracy: 79.39%, Best Test Accuracy: 79.65%
Epoch 567, Train Loss: 0.0316, Test Loss: 0.7761, Test Accuracy: 79.39%, Best Test Accuracy: 79.65%
Epoch 568, Train Loss: 0.0340, Test Loss: 0.7788, Test Accuracy: 79.32%, Best Test Accuracy: 79.65%
Epoch 569, Train Loss: 0.0384, Test Loss: 0.7783, Test Accuracy: 79.32%, Best Test Accuracy: 79.65%
Epoch 570, Train Loss: 0.0339, Test Loss: 0.7772, Test Accuracy: 79.26%, Best Test Accuracy: 79.65%
Epoch 571, Train Loss: 0.0320, Test Loss: 0.7780, Test Accuracy: 79.26%, Best Test Accuracy: 79.65%
Epoch 572, Train Loss: 0.0327, Test Loss: 0.7777, Test Accuracy: 79.26%, Best Test Accuracy: 79.65%
Epoch 573, Train Loss: 0.0306, Test Loss: 0.7764, Test Accuracy: 79.32%, Best Test Accuracy: 79.65%
Epoch 574, Train Loss: 0.0325, Test Loss: 0.7769, Test Accuracy: 79.39%, Best Test Accuracy: 79.65%
Epoch 575, Train Loss: 0.0339, Test Loss: 0.7755, Test Accuracy: 79.39%, Best Test Accuracy: 79.65%
Epoch 576, Train Loss: 0.0326, Test Loss: 0.7772, Test Accuracy: 79.39%, Best Test Accuracy: 79.65%
Epoch 577, Train Loss: 0.0319, Test Loss: 0.7780, Test Accuracy: 79.26%, Best Test Accuracy: 79.65%
Epoch 578, Train Loss: 0.0322, Test Loss: 0.7775, Test Accuracy: 79.39%, Best Test Accuracy: 79.65%
Epoch 579, Train Loss: 0.0329, Test Loss: 0.7759, Test Accuracy: 79.52%, Best Test Accuracy: 79.65%
Epoch 580, Train Loss: 0.0320, Test Loss: 0.7773, Test Accuracy: 79.39%, Best Test Accuracy: 79.65%
Epoch 581, Train Loss: 0.0317, Test Loss: 0.7773, Test Accuracy: 79.39%, Best Test Accuracy: 79.65%
Epoch 582, Train Loss: 0.0326, Test Loss: 0.7779, Test Accuracy: 79.26%, Best Test Accuracy: 79.65%
Epoch 583, Train Loss: 0.0317, Test Loss: 0.7790, Test Accuracy: 79.26%, Best Test Accuracy: 79.65%
Epoch 584, Train Loss: 0.0307, Test Loss: 0.7795, Test Accuracy: 79.26%, Best Test Accuracy: 79.65%
Epoch 585, Train Loss: 0.0316, Test Loss: 0.7796, Test Accuracy: 79.26%, Best Test Accuracy: 79.65%
Epoch 586, Train Loss: 0.0333, Test Loss: 0.7782, Test Accuracy: 79.39%, Best Test Accuracy: 79.65%
Epoch 587, Train Loss: 0.0304, Test Loss: 0.7778, Test Accuracy: 79.52%, Best Test Accuracy: 79.65%
Epoch 588, Train Loss: 0.0325, Test Loss: 0.7765, Test Accuracy: 79.65%, Best Test Accuracy: 79.65%
Epoch 589, Train Loss: 0.0315, Test Loss: 0.7769, Test Accuracy: 79.59%, Best Test Accuracy: 79.65%
Epoch 590, Train Loss: 0.0336, Test Loss: 0.7770, Test Accuracy: 79.72%, Best Test Accuracy: 79.72%
Epoch 591, Train Loss: 0.0329, Test Loss: 0.7777, Test Accuracy: 79.52%, Best Test Accuracy: 79.72%
Epoch 592, Train Loss: 0.0323, Test Loss: 0.7792, Test Accuracy: 79.12%, Best Test Accuracy: 79.72%
Epoch 593, Train Loss: 0.0312, Test Loss: 0.7804, Test Accuracy: 78.92%, Best Test Accuracy: 79.72%
Epoch 594, Train Loss: 0.0322, Test Loss: 0.7790, Test Accuracy: 79.12%, Best Test Accuracy: 79.72%
Epoch 595, Train Loss: 0.0302, Test Loss: 0.7785, Test Accuracy: 79.45%, Best Test Accuracy: 79.72%
Epoch 596, Train Loss: 0.0312, Test Loss: 0.7792, Test Accuracy: 79.32%, Best Test Accuracy: 79.72%
Epoch 597, Train Loss: 0.0306, Test Loss: 0.7790, Test Accuracy: 79.32%, Best Test Accuracy: 79.72%
Epoch 598, Train Loss: 0.0299, Test Loss: 0.7782, Test Accuracy: 79.52%, Best Test Accuracy: 79.72%
Epoch 599, Train Loss: 0.0330, Test Loss: 0.7769, Test Accuracy: 79.99%, Best Test Accuracy: 79.99%
Epoch 600, Train Loss: 0.0314, Test Loss: 0.7765, Test Accuracy: 79.99%, Best Test Accuracy: 79.99%
Epoch 601, Train Loss: 0.0309, Test Loss: 0.7756, Test Accuracy: 79.85%, Best Test Accuracy: 79.99%
Epoch 602, Train Loss: 0.0295, Test Loss: 0.7768, Test Accuracy: 79.85%, Best Test Accuracy: 79.99%
Epoch 603, Train Loss: 0.0314, Test Loss: 0.7770, Test Accuracy: 79.92%, Best Test Accuracy: 79.99%
Epoch 604, Train Loss: 0.0318, Test Loss: 0.7792, Test Accuracy: 79.59%, Best Test Accuracy: 79.99%
Epoch 605, Train Loss: 0.0326, Test Loss: 0.7793, Test Accuracy: 79.65%, Best Test Accuracy: 79.99%
Epoch 606, Train Loss: 0.0311, Test Loss: 0.7785, Test Accuracy: 79.59%, Best Test Accuracy: 79.99%
Epoch 607, Train Loss: 0.0316, Test Loss: 0.7780, Test Accuracy: 79.52%, Best Test Accuracy: 79.99%
Epoch 608, Train Loss: 0.0318, Test Loss: 0.7771, Test Accuracy: 79.85%, Best Test Accuracy: 79.99%
Epoch 609, Train Loss: 0.0313, Test Loss: 0.7773, Test Accuracy: 79.85%, Best Test Accuracy: 79.99%
Epoch 610, Train Loss: 0.0309, Test Loss: 0.7779, Test Accuracy: 79.59%, Best Test Accuracy: 79.99%
Epoch 611, Train Loss: 0.0311, Test Loss: 0.7775, Test Accuracy: 79.72%, Best Test Accuracy: 79.99%
Epoch 612, Train Loss: 0.0314, Test Loss: 0.7784, Test Accuracy: 79.59%, Best Test Accuracy: 79.99%
Epoch 613, Train Loss: 0.0297, Test Loss: 0.7784, Test Accuracy: 79.72%, Best Test Accuracy: 79.99%
Epoch 614, Train Loss: 0.0301, Test Loss: 0.7787, Test Accuracy: 79.72%, Best Test Accuracy: 79.99%
Epoch 615, Train Loss: 0.0306, Test Loss: 0.7781, Test Accuracy: 79.72%, Best Test Accuracy: 79.99%
Epoch 616, Train Loss: 0.0295, Test Loss: 0.7803, Test Accuracy: 79.45%, Best Test Accuracy: 79.99%
Epoch 617, Train Loss: 0.0326, Test Loss: 0.7788, Test Accuracy: 79.65%, Best Test Accuracy: 79.99%
Epoch 618, Train Loss: 0.0305, Test Loss: 0.7780, Test Accuracy: 79.79%, Best Test Accuracy: 79.99%
Epoch 619, Train Loss: 0.0307, Test Loss: 0.7788, Test Accuracy: 79.59%, Best Test Accuracy: 79.99%
Epoch 620, Train Loss: 0.0314, Test Loss: 0.7796, Test Accuracy: 79.72%, Best Test Accuracy: 79.99%
Epoch 621, Train Loss: 0.0306, Test Loss: 0.7817, Test Accuracy: 79.65%, Best Test Accuracy: 79.99%
Epoch 622, Train Loss: 0.0314, Test Loss: 0.7843, Test Accuracy: 79.45%, Best Test Accuracy: 79.99%
Epoch 623, Train Loss: 0.0322, Test Loss: 0.7856, Test Accuracy: 79.32%, Best Test Accuracy: 79.99%
Epoch 624, Train Loss: 0.0309, Test Loss: 0.7843, Test Accuracy: 79.32%, Best Test Accuracy: 79.99%
Epoch 625, Train Loss: 0.0310, Test Loss: 0.7839, Test Accuracy: 79.39%, Best Test Accuracy: 79.99%
Epoch 626, Train Loss: 0.0305, Test Loss: 0.7838, Test Accuracy: 79.26%, Best Test Accuracy: 79.99%
Epoch 627, Train Loss: 0.0352, Test Loss: 0.7818, Test Accuracy: 79.45%, Best Test Accuracy: 79.99%
Epoch 628, Train Loss: 0.0306, Test Loss: 0.7806, Test Accuracy: 79.52%, Best Test Accuracy: 79.99%
Epoch 629, Train Loss: 0.0314, Test Loss: 0.7804, Test Accuracy: 79.65%, Best Test Accuracy: 79.99%
Epoch 630, Train Loss: 0.0316, Test Loss: 0.7831, Test Accuracy: 79.45%, Best Test Accuracy: 79.99%
Epoch 631, Train Loss: 0.0292, Test Loss: 0.7852, Test Accuracy: 79.45%, Best Test Accuracy: 79.99%
Epoch 632, Train Loss: 0.0300, Test Loss: 0.7853, Test Accuracy: 79.45%, Best Test Accuracy: 79.99%
Epoch 633, Train Loss: 0.0321, Test Loss: 0.7839, Test Accuracy: 79.52%, Best Test Accuracy: 79.99%
Epoch 634, Train Loss: 0.0313, Test Loss: 0.7825, Test Accuracy: 79.45%, Best Test Accuracy: 79.99%
Epoch 635, Train Loss: 0.0305, Test Loss: 0.7818, Test Accuracy: 79.59%, Best Test Accuracy: 79.99%
Epoch 636, Train Loss: 0.0316, Test Loss: 0.7812, Test Accuracy: 79.52%, Best Test Accuracy: 79.99%
Epoch 637, Train Loss: 0.0308, Test Loss: 0.7833, Test Accuracy: 79.52%, Best Test Accuracy: 79.99%
Epoch 638, Train Loss: 0.0319, Test Loss: 0.7834, Test Accuracy: 79.52%, Best Test Accuracy: 79.99%
Epoch 639, Train Loss: 0.0298, Test Loss: 0.7840, Test Accuracy: 79.52%, Best Test Accuracy: 79.99%
Epoch 640, Train Loss: 0.0297, Test Loss: 0.7850, Test Accuracy: 79.52%, Best Test Accuracy: 79.99%
Epoch 641, Train Loss: 0.0318, Test Loss: 0.7855, Test Accuracy: 79.45%, Best Test Accuracy: 79.99%
Epoch 642, Train Loss: 0.0295, Test Loss: 0.7863, Test Accuracy: 79.45%, Best Test Accuracy: 79.99%
Epoch 643, Train Loss: 0.0324, Test Loss: 0.7835, Test Accuracy: 79.26%, Best Test Accuracy: 79.99%
Epoch 644, Train Loss: 0.0325, Test Loss: 0.7829, Test Accuracy: 79.32%, Best Test Accuracy: 79.99%
Epoch 645, Train Loss: 0.0315, Test Loss: 0.7833, Test Accuracy: 79.39%, Best Test Accuracy: 79.99%
Epoch 646, Train Loss: 0.0305, Test Loss: 0.7837, Test Accuracy: 79.45%, Best Test Accuracy: 79.99%
Epoch 647, Train Loss: 0.0318, Test Loss: 0.7837, Test Accuracy: 79.45%, Best Test Accuracy: 79.99%
Epoch 648, Train Loss: 0.0295, Test Loss: 0.7824, Test Accuracy: 79.65%, Best Test Accuracy: 79.99%
Epoch 649, Train Loss: 0.0319, Test Loss: 0.7820, Test Accuracy: 79.65%, Best Test Accuracy: 79.99%
Epoch 650, Train Loss: 0.0301, Test Loss: 0.7861, Test Accuracy: 79.39%, Best Test Accuracy: 79.99%
Epoch 651, Train Loss: 0.0340, Test Loss: 0.7844, Test Accuracy: 79.45%, Best Test Accuracy: 79.99%
Epoch 652, Train Loss: 0.0305, Test Loss: 0.7883, Test Accuracy: 79.59%, Best Test Accuracy: 79.99%
Epoch 653, Train Loss: 0.0302, Test Loss: 0.7888, Test Accuracy: 79.65%, Best Test Accuracy: 79.99%
Epoch 654, Train Loss: 0.0304, Test Loss: 0.7889, Test Accuracy: 79.65%, Best Test Accuracy: 79.99%
Epoch 655, Train Loss: 0.0288, Test Loss: 0.7878, Test Accuracy: 79.52%, Best Test Accuracy: 79.99%
Epoch 656, Train Loss: 0.0305, Test Loss: 0.7856, Test Accuracy: 79.45%, Best Test Accuracy: 79.99%
Epoch 657, Train Loss: 0.0318, Test Loss: 0.7856, Test Accuracy: 79.45%, Best Test Accuracy: 79.99%
Epoch 658, Train Loss: 0.0299, Test Loss: 0.7857, Test Accuracy: 79.52%, Best Test Accuracy: 79.99%
Epoch 659, Train Loss: 0.0308, Test Loss: 0.7854, Test Accuracy: 79.52%, Best Test Accuracy: 79.99%
Epoch 660, Train Loss: 0.0288, Test Loss: 0.7835, Test Accuracy: 79.32%, Best Test Accuracy: 79.99%
Epoch 661, Train Loss: 0.0295, Test Loss: 0.7863, Test Accuracy: 79.52%, Best Test Accuracy: 79.99%
Epoch 662, Train Loss: 0.0302, Test Loss: 0.7863, Test Accuracy: 79.52%, Best Test Accuracy: 79.99%
Epoch 663, Train Loss: 0.0300, Test Loss: 0.7850, Test Accuracy: 79.52%, Best Test Accuracy: 79.99%
Epoch 664, Train Loss: 0.0363, Test Loss: 0.7846, Test Accuracy: 79.59%, Best Test Accuracy: 79.99%
Epoch 665, Train Loss: 0.0299, Test Loss: 0.7843, Test Accuracy: 79.52%, Best Test Accuracy: 79.99%
Epoch 666, Train Loss: 0.0304, Test Loss: 0.7849, Test Accuracy: 79.59%, Best Test Accuracy: 79.99%
Epoch 667, Train Loss: 0.0313, Test Loss: 0.7859, Test Accuracy: 79.45%, Best Test Accuracy: 79.99%
Epoch 668, Train Loss: 0.0298, Test Loss: 0.7844, Test Accuracy: 79.72%, Best Test Accuracy: 79.99%
Epoch 669, Train Loss: 0.0308, Test Loss: 0.7835, Test Accuracy: 79.59%, Best Test Accuracy: 79.99%
Epoch 670, Train Loss: 0.0299, Test Loss: 0.7836, Test Accuracy: 79.52%, Best Test Accuracy: 79.99%
Epoch 671, Train Loss: 0.0291, Test Loss: 0.7853, Test Accuracy: 79.59%, Best Test Accuracy: 79.99%
Epoch 672, Train Loss: 0.0301, Test Loss: 0.7845, Test Accuracy: 79.59%, Best Test Accuracy: 79.99%
Epoch 673, Train Loss: 0.0296, Test Loss: 0.7843, Test Accuracy: 79.59%, Best Test Accuracy: 79.99%
Epoch 674, Train Loss: 0.0328, Test Loss: 0.7834, Test Accuracy: 79.59%, Best Test Accuracy: 79.99%
Epoch 675, Train Loss: 0.0308, Test Loss: 0.7861, Test Accuracy: 79.52%, Best Test Accuracy: 79.99%
Epoch 676, Train Loss: 0.0304, Test Loss: 0.7873, Test Accuracy: 79.52%, Best Test Accuracy: 79.99%
Epoch 677, Train Loss: 0.0304, Test Loss: 0.7877, Test Accuracy: 79.59%, Best Test Accuracy: 79.99%
Epoch 678, Train Loss: 0.0302, Test Loss: 0.7857, Test Accuracy: 79.39%, Best Test Accuracy: 79.99%
Epoch 679, Train Loss: 0.0305, Test Loss: 0.7862, Test Accuracy: 79.45%, Best Test Accuracy: 79.99%
Epoch 680, Train Loss: 0.0303, Test Loss: 0.7878, Test Accuracy: 79.45%, Best Test Accuracy: 79.99%
Epoch 681, Train Loss: 0.0314, Test Loss: 0.7852, Test Accuracy: 79.06%, Best Test Accuracy: 79.99%
Epoch 682, Train Loss: 0.0305, Test Loss: 0.7851, Test Accuracy: 78.99%, Best Test Accuracy: 79.99%
Epoch 683, Train Loss: 0.0281, Test Loss: 0.7866, Test Accuracy: 79.32%, Best Test Accuracy: 79.99%
Epoch 684, Train Loss: 0.0309, Test Loss: 0.7852, Test Accuracy: 78.99%, Best Test Accuracy: 79.99%
Epoch 685, Train Loss: 0.0295, Test Loss: 0.7858, Test Accuracy: 79.06%, Best Test Accuracy: 79.99%
Epoch 686, Train Loss: 0.0288, Test Loss: 0.7869, Test Accuracy: 79.19%, Best Test Accuracy: 79.99%
Epoch 687, Train Loss: 0.0299, Test Loss: 0.7871, Test Accuracy: 79.26%, Best Test Accuracy: 79.99%
Epoch 688, Train Loss: 0.0313, Test Loss: 0.7876, Test Accuracy: 79.32%, Best Test Accuracy: 79.99%
Epoch 689, Train Loss: 0.0309, Test Loss: 0.7868, Test Accuracy: 78.99%, Best Test Accuracy: 79.99%
Epoch 690, Train Loss: 0.0285, Test Loss: 0.7872, Test Accuracy: 79.06%, Best Test Accuracy: 79.99%
Epoch 691, Train Loss: 0.0297, Test Loss: 0.7886, Test Accuracy: 79.26%, Best Test Accuracy: 79.99%
Epoch 692, Train Loss: 0.0343, Test Loss: 0.7884, Test Accuracy: 79.32%, Best Test Accuracy: 79.99%
Epoch 693, Train Loss: 0.0300, Test Loss: 0.7874, Test Accuracy: 79.06%, Best Test Accuracy: 79.99%
Epoch 694, Train Loss: 0.0309, Test Loss: 0.7858, Test Accuracy: 78.92%, Best Test Accuracy: 79.99%
Epoch 695, Train Loss: 0.0298, Test Loss: 0.7864, Test Accuracy: 78.86%, Best Test Accuracy: 79.99%
Epoch 696, Train Loss: 0.0274, Test Loss: 0.7869, Test Accuracy: 78.86%, Best Test Accuracy: 79.99%
Epoch 697, Train Loss: 0.0306, Test Loss: 0.7872, Test Accuracy: 78.86%, Best Test Accuracy: 79.99%
Epoch 698, Train Loss: 0.0289, Test Loss: 0.7882, Test Accuracy: 78.86%, Best Test Accuracy: 79.99%
Epoch 699, Train Loss: 0.0298, Test Loss: 0.7880, Test Accuracy: 79.19%, Best Test Accuracy: 79.99%
Epoch 700, Train Loss: 0.0301, Test Loss: 0.7866, Test Accuracy: 79.06%, Best Test Accuracy: 79.99%
Epoch 701, Train Loss: 0.0301, Test Loss: 0.7854, Test Accuracy: 79.06%, Best Test Accuracy: 79.99%
Epoch 702, Train Loss: 0.0305, Test Loss: 0.7868, Test Accuracy: 79.06%, Best Test Accuracy: 79.99%
Epoch 703, Train Loss: 0.0291, Test Loss: 0.7865, Test Accuracy: 79.06%, Best Test Accuracy: 79.99%
Epoch 704, Train Loss: 0.0290, Test Loss: 0.7873, Test Accuracy: 78.99%, Best Test Accuracy: 79.99%
Epoch 705, Train Loss: 0.0302, Test Loss: 0.7875, Test Accuracy: 78.99%, Best Test Accuracy: 79.99%
Epoch 706, Train Loss: 0.0290, Test Loss: 0.7876, Test Accuracy: 78.99%, Best Test Accuracy: 79.99%
Epoch 707, Train Loss: 0.0296, Test Loss: 0.7883, Test Accuracy: 79.06%, Best Test Accuracy: 79.99%
Epoch 708, Train Loss: 0.0304, Test Loss: 0.7878, Test Accuracy: 78.99%, Best Test Accuracy: 79.99%
Epoch 709, Train Loss: 0.0315, Test Loss: 0.7892, Test Accuracy: 78.79%, Best Test Accuracy: 79.99%
Epoch 710, Train Loss: 0.0295, Test Loss: 0.7899, Test Accuracy: 78.92%, Best Test Accuracy: 79.99%
Epoch 711, Train Loss: 0.0293, Test Loss: 0.7910, Test Accuracy: 79.06%, Best Test Accuracy: 79.99%
Epoch 712, Train Loss: 0.0295, Test Loss: 0.7909, Test Accuracy: 78.99%, Best Test Accuracy: 79.99%
Epoch 713, Train Loss: 0.0290, Test Loss: 0.7939, Test Accuracy: 79.32%, Best Test Accuracy: 79.99%
Epoch 714, Train Loss: 0.0287, Test Loss: 0.7922, Test Accuracy: 79.26%, Best Test Accuracy: 79.99%
Epoch 715, Train Loss: 0.0286, Test Loss: 0.7916, Test Accuracy: 79.06%, Best Test Accuracy: 79.99%
Epoch 716, Train Loss: 0.0285, Test Loss: 0.7910, Test Accuracy: 78.99%, Best Test Accuracy: 79.99%
Epoch 717, Train Loss: 0.0286, Test Loss: 0.7919, Test Accuracy: 79.06%, Best Test Accuracy: 79.99%
Epoch 718, Train Loss: 0.0277, Test Loss: 0.7913, Test Accuracy: 78.99%, Best Test Accuracy: 79.99%
Epoch 719, Train Loss: 0.0294, Test Loss: 0.7915, Test Accuracy: 78.99%, Best Test Accuracy: 79.99%
Epoch 720, Train Loss: 0.0286, Test Loss: 0.7907, Test Accuracy: 78.92%, Best Test Accuracy: 79.99%
Epoch 721, Train Loss: 0.0290, Test Loss: 0.7907, Test Accuracy: 78.86%, Best Test Accuracy: 79.99%
Epoch 722, Train Loss: 0.0283, Test Loss: 0.7901, Test Accuracy: 78.86%, Best Test Accuracy: 79.99%
Epoch 723, Train Loss: 0.0285, Test Loss: 0.7930, Test Accuracy: 79.06%, Best Test Accuracy: 79.99%
Epoch 724, Train Loss: 0.0298, Test Loss: 0.7922, Test Accuracy: 78.92%, Best Test Accuracy: 79.99%
Epoch 725, Train Loss: 0.0284, Test Loss: 0.7916, Test Accuracy: 78.92%, Best Test Accuracy: 79.99%
Epoch 726, Train Loss: 0.0295, Test Loss: 0.7923, Test Accuracy: 78.86%, Best Test Accuracy: 79.99%
Epoch 727, Train Loss: 0.0306, Test Loss: 0.7922, Test Accuracy: 78.92%, Best Test Accuracy: 79.99%
Epoch 728, Train Loss: 0.0288, Test Loss: 0.7923, Test Accuracy: 78.92%, Best Test Accuracy: 79.99%
Epoch 729, Train Loss: 0.0288, Test Loss: 0.7916, Test Accuracy: 78.86%, Best Test Accuracy: 79.99%
Epoch 730, Train Loss: 0.0277, Test Loss: 0.7920, Test Accuracy: 78.86%, Best Test Accuracy: 79.99%
Epoch 731, Train Loss: 0.0271, Test Loss: 0.7924, Test Accuracy: 78.79%, Best Test Accuracy: 79.99%
Epoch 732, Train Loss: 0.0293, Test Loss: 0.7931, Test Accuracy: 78.86%, Best Test Accuracy: 79.99%
Epoch 733, Train Loss: 0.0279, Test Loss: 0.7933, Test Accuracy: 78.79%, Best Test Accuracy: 79.99%
Epoch 734, Train Loss: 0.0286, Test Loss: 0.7939, Test Accuracy: 78.99%, Best Test Accuracy: 79.99%
Epoch 735, Train Loss: 0.0296, Test Loss: 0.7926, Test Accuracy: 78.86%, Best Test Accuracy: 79.99%
Epoch 736, Train Loss: 0.0288, Test Loss: 0.7931, Test Accuracy: 78.86%, Best Test Accuracy: 79.99%
Epoch 737, Train Loss: 0.0303, Test Loss: 0.7921, Test Accuracy: 78.99%, Best Test Accuracy: 79.99%
Epoch 738, Train Loss: 0.0270, Test Loss: 0.7915, Test Accuracy: 78.99%, Best Test Accuracy: 79.99%
Epoch 739, Train Loss: 0.0287, Test Loss: 0.7916, Test Accuracy: 78.99%, Best Test Accuracy: 79.99%
Epoch 740, Train Loss: 0.0292, Test Loss: 0.7923, Test Accuracy: 78.99%, Best Test Accuracy: 79.99%
Epoch 741, Train Loss: 0.0278, Test Loss: 0.7932, Test Accuracy: 78.86%, Best Test Accuracy: 79.99%
Epoch 742, Train Loss: 0.0287, Test Loss: 0.7929, Test Accuracy: 78.86%, Best Test Accuracy: 79.99%
Epoch 743, Train Loss: 0.0303, Test Loss: 0.7928, Test Accuracy: 78.86%, Best Test Accuracy: 79.99%
Epoch 744, Train Loss: 0.0318, Test Loss: 0.7914, Test Accuracy: 78.99%, Best Test Accuracy: 79.99%
Epoch 745, Train Loss: 0.0278, Test Loss: 0.7923, Test Accuracy: 78.86%, Best Test Accuracy: 79.99%
Epoch 746, Train Loss: 0.0292, Test Loss: 0.7946, Test Accuracy: 79.12%, Best Test Accuracy: 79.99%
Epoch 747, Train Loss: 0.0303, Test Loss: 0.7944, Test Accuracy: 79.12%, Best Test Accuracy: 79.99%
Epoch 748, Train Loss: 0.0282, Test Loss: 0.7941, Test Accuracy: 79.12%, Best Test Accuracy: 79.99%
Epoch 749, Train Loss: 0.0276, Test Loss: 0.7938, Test Accuracy: 78.99%, Best Test Accuracy: 79.99%
Epoch 750, Train Loss: 0.0289, Test Loss: 0.7929, Test Accuracy: 79.12%, Best Test Accuracy: 79.99%
Epoch 751, Train Loss: 0.0299, Test Loss: 0.7946, Test Accuracy: 79.12%, Best Test Accuracy: 79.99%
Epoch 752, Train Loss: 0.0295, Test Loss: 0.7948, Test Accuracy: 79.12%, Best Test Accuracy: 79.99%
Epoch 753, Train Loss: 0.0292, Test Loss: 0.7946, Test Accuracy: 79.06%, Best Test Accuracy: 79.99%
Epoch 754, Train Loss: 0.0291, Test Loss: 0.7964, Test Accuracy: 79.06%, Best Test Accuracy: 79.99%
Epoch 755, Train Loss: 0.0289, Test Loss: 0.7965, Test Accuracy: 79.06%, Best Test Accuracy: 79.99%
Epoch 756, Train Loss: 0.0302, Test Loss: 0.7947, Test Accuracy: 78.92%, Best Test Accuracy: 79.99%
Epoch 757, Train Loss: 0.0294, Test Loss: 0.7957, Test Accuracy: 78.92%, Best Test Accuracy: 79.99%
Epoch 758, Train Loss: 0.0316, Test Loss: 0.7943, Test Accuracy: 78.86%, Best Test Accuracy: 79.99%
Epoch 759, Train Loss: 0.0278, Test Loss: 0.7954, Test Accuracy: 78.92%, Best Test Accuracy: 79.99%
Epoch 760, Train Loss: 0.0306, Test Loss: 0.7953, Test Accuracy: 78.92%, Best Test Accuracy: 79.99%
Epoch 761, Train Loss: 0.0278, Test Loss: 0.7950, Test Accuracy: 78.92%, Best Test Accuracy: 79.99%
Epoch 762, Train Loss: 0.0298, Test Loss: 0.7971, Test Accuracy: 78.99%, Best Test Accuracy: 79.99%
Epoch 763, Train Loss: 0.0297, Test Loss: 0.7958, Test Accuracy: 78.86%, Best Test Accuracy: 79.99%
Epoch 764, Train Loss: 0.0275, Test Loss: 0.7941, Test Accuracy: 78.79%, Best Test Accuracy: 79.99%
Epoch 765, Train Loss: 0.0287, Test Loss: 0.7941, Test Accuracy: 78.79%, Best Test Accuracy: 79.99%
Epoch 766, Train Loss: 0.0289, Test Loss: 0.7957, Test Accuracy: 78.72%, Best Test Accuracy: 79.99%
Epoch 767, Train Loss: 0.0297, Test Loss: 0.7956, Test Accuracy: 78.79%, Best Test Accuracy: 79.99%
Epoch 768, Train Loss: 0.0271, Test Loss: 0.7965, Test Accuracy: 78.99%, Best Test Accuracy: 79.99%
Epoch 769, Train Loss: 0.0298, Test Loss: 0.7960, Test Accuracy: 78.86%, Best Test Accuracy: 79.99%
Epoch 770, Train Loss: 0.0292, Test Loss: 0.7956, Test Accuracy: 78.86%, Best Test Accuracy: 79.99%
Epoch 771, Train Loss: 0.0292, Test Loss: 0.7972, Test Accuracy: 78.99%, Best Test Accuracy: 79.99%
Epoch 772, Train Loss: 0.0286, Test Loss: 0.7984, Test Accuracy: 78.99%, Best Test Accuracy: 79.99%
Epoch 773, Train Loss: 0.0272, Test Loss: 0.7977, Test Accuracy: 78.99%, Best Test Accuracy: 79.99%
Epoch 774, Train Loss: 0.0276, Test Loss: 0.7971, Test Accuracy: 78.99%, Best Test Accuracy: 79.99%
Epoch 775, Train Loss: 0.0285, Test Loss: 0.7968, Test Accuracy: 78.86%, Best Test Accuracy: 79.99%
Epoch 776, Train Loss: 0.0280, Test Loss: 0.7985, Test Accuracy: 78.99%, Best Test Accuracy: 79.99%
Epoch 777, Train Loss: 0.0293, Test Loss: 0.7964, Test Accuracy: 78.72%, Best Test Accuracy: 79.99%
Epoch 778, Train Loss: 0.0298, Test Loss: 0.7955, Test Accuracy: 78.72%, Best Test Accuracy: 79.99%
Epoch 779, Train Loss: 0.0276, Test Loss: 0.7969, Test Accuracy: 78.79%, Best Test Accuracy: 79.99%
Epoch 780, Train Loss: 0.0286, Test Loss: 0.7970, Test Accuracy: 78.72%, Best Test Accuracy: 79.99%
Epoch 781, Train Loss: 0.0289, Test Loss: 0.7951, Test Accuracy: 78.79%, Best Test Accuracy: 79.99%
Epoch 782, Train Loss: 0.0282, Test Loss: 0.7965, Test Accuracy: 78.72%, Best Test Accuracy: 79.99%
Epoch 783, Train Loss: 0.0285, Test Loss: 0.7964, Test Accuracy: 78.72%, Best Test Accuracy: 79.99%
Epoch 784, Train Loss: 0.0272, Test Loss: 0.7973, Test Accuracy: 78.72%, Best Test Accuracy: 79.99%
Epoch 785, Train Loss: 0.0284, Test Loss: 0.7969, Test Accuracy: 78.79%, Best Test Accuracy: 79.99%
Epoch 786, Train Loss: 0.0285, Test Loss: 0.7960, Test Accuracy: 78.79%, Best Test Accuracy: 79.99%
Epoch 787, Train Loss: 0.0284, Test Loss: 0.7952, Test Accuracy: 78.66%, Best Test Accuracy: 79.99%
Epoch 788, Train Loss: 0.0278, Test Loss: 0.7968, Test Accuracy: 78.79%, Best Test Accuracy: 79.99%
Epoch 789, Train Loss: 0.0289, Test Loss: 0.7971, Test Accuracy: 78.79%, Best Test Accuracy: 79.99%
Epoch 790, Train Loss: 0.0296, Test Loss: 0.7977, Test Accuracy: 78.79%, Best Test Accuracy: 79.99%
Epoch 791, Train Loss: 0.0280, Test Loss: 0.7989, Test Accuracy: 78.79%, Best Test Accuracy: 79.99%
Epoch 792, Train Loss: 0.0283, Test Loss: 0.7990, Test Accuracy: 78.79%, Best Test Accuracy: 79.99%
Epoch 793, Train Loss: 0.0285, Test Loss: 0.7980, Test Accuracy: 78.79%, Best Test Accuracy: 79.99%
Epoch 794, Train Loss: 0.0295, Test Loss: 0.7972, Test Accuracy: 78.86%, Best Test Accuracy: 79.99%
Epoch 795, Train Loss: 0.0283, Test Loss: 0.7993, Test Accuracy: 78.79%, Best Test Accuracy: 79.99%
Epoch 796, Train Loss: 0.0290, Test Loss: 0.7983, Test Accuracy: 78.79%, Best Test Accuracy: 79.99%
Epoch 797, Train Loss: 0.0270, Test Loss: 0.7989, Test Accuracy: 78.79%, Best Test Accuracy: 79.99%
Epoch 798, Train Loss: 0.0306, Test Loss: 0.7996, Test Accuracy: 78.86%, Best Test Accuracy: 79.99%
Epoch 799, Train Loss: 0.0291, Test Loss: 0.7982, Test Accuracy: 78.66%, Best Test Accuracy: 79.99%
Epoch 800, Train Loss: 0.0271, Test Loss: 0.7971, Test Accuracy: 78.66%, Best Test Accuracy: 79.99%
Epoch 801, Train Loss: 0.0293, Test Loss: 0.8005, Test Accuracy: 78.59%, Best Test Accuracy: 79.99%
Epoch 802, Train Loss: 0.0292, Test Loss: 0.8015, Test Accuracy: 78.79%, Best Test Accuracy: 79.99%
Epoch 803, Train Loss: 0.0287, Test Loss: 0.8009, Test Accuracy: 78.72%, Best Test Accuracy: 79.99%
Epoch 804, Train Loss: 0.0280, Test Loss: 0.8000, Test Accuracy: 78.66%, Best Test Accuracy: 79.99%
Epoch 805, Train Loss: 0.0272, Test Loss: 0.7993, Test Accuracy: 78.59%, Best Test Accuracy: 79.99%
Epoch 806, Train Loss: 0.0282, Test Loss: 0.7983, Test Accuracy: 78.66%, Best Test Accuracy: 79.99%
Epoch 807, Train Loss: 0.0263, Test Loss: 0.7991, Test Accuracy: 78.59%, Best Test Accuracy: 79.99%
Epoch 808, Train Loss: 0.0285, Test Loss: 0.7987, Test Accuracy: 78.59%, Best Test Accuracy: 79.99%
Epoch 809, Train Loss: 0.0281, Test Loss: 0.8006, Test Accuracy: 78.52%, Best Test Accuracy: 79.99%
Epoch 810, Train Loss: 0.0287, Test Loss: 0.8027, Test Accuracy: 78.72%, Best Test Accuracy: 79.99%
Epoch 811, Train Loss: 0.0272, Test Loss: 0.8033, Test Accuracy: 78.72%, Best Test Accuracy: 79.99%
Epoch 812, Train Loss: 0.0277, Test Loss: 0.8001, Test Accuracy: 78.66%, Best Test Accuracy: 79.99%
Epoch 813, Train Loss: 0.0272, Test Loss: 0.7994, Test Accuracy: 78.72%, Best Test Accuracy: 79.99%
Epoch 814, Train Loss: 0.0278, Test Loss: 0.8011, Test Accuracy: 78.66%, Best Test Accuracy: 79.99%
Epoch 815, Train Loss: 0.0273, Test Loss: 0.8010, Test Accuracy: 78.72%, Best Test Accuracy: 79.99%
Epoch 816, Train Loss: 0.0268, Test Loss: 0.8005, Test Accuracy: 78.72%, Best Test Accuracy: 79.99%
Epoch 817, Train Loss: 0.0280, Test Loss: 0.8002, Test Accuracy: 78.66%, Best Test Accuracy: 79.99%
Epoch 818, Train Loss: 0.0268, Test Loss: 0.8023, Test Accuracy: 78.79%, Best Test Accuracy: 79.99%
Epoch 819, Train Loss: 0.0282, Test Loss: 0.8002, Test Accuracy: 78.52%, Best Test Accuracy: 79.99%
Epoch 820, Train Loss: 0.0293, Test Loss: 0.7994, Test Accuracy: 78.46%, Best Test Accuracy: 79.99%
Epoch 821, Train Loss: 0.0265, Test Loss: 0.7987, Test Accuracy: 78.59%, Best Test Accuracy: 79.99%
Epoch 822, Train Loss: 0.0277, Test Loss: 0.7994, Test Accuracy: 78.46%, Best Test Accuracy: 79.99%
Epoch 823, Train Loss: 0.0274, Test Loss: 0.7999, Test Accuracy: 78.46%, Best Test Accuracy: 79.99%
Epoch 824, Train Loss: 0.0271, Test Loss: 0.8010, Test Accuracy: 78.46%, Best Test Accuracy: 79.99%
Epoch 825, Train Loss: 0.0274, Test Loss: 0.8014, Test Accuracy: 78.39%, Best Test Accuracy: 79.99%
Epoch 826, Train Loss: 0.0268, Test Loss: 0.8016, Test Accuracy: 78.46%, Best Test Accuracy: 79.99%
Epoch 827, Train Loss: 0.0267, Test Loss: 0.8010, Test Accuracy: 78.46%, Best Test Accuracy: 79.99%
Epoch 828, Train Loss: 0.0277, Test Loss: 0.8002, Test Accuracy: 78.52%, Best Test Accuracy: 79.99%
Epoch 829, Train Loss: 0.0285, Test Loss: 0.7993, Test Accuracy: 78.46%, Best Test Accuracy: 79.99%
Epoch 830, Train Loss: 0.0295, Test Loss: 0.7986, Test Accuracy: 78.46%, Best Test Accuracy: 79.99%
Epoch 831, Train Loss: 0.0270, Test Loss: 0.7993, Test Accuracy: 78.32%, Best Test Accuracy: 79.99%
Epoch 832, Train Loss: 0.0273, Test Loss: 0.7994, Test Accuracy: 78.32%, Best Test Accuracy: 79.99%
Epoch 833, Train Loss: 0.0288, Test Loss: 0.8002, Test Accuracy: 78.46%, Best Test Accuracy: 79.99%
Epoch 834, Train Loss: 0.0291, Test Loss: 0.8007, Test Accuracy: 78.46%, Best Test Accuracy: 79.99%
Epoch 835, Train Loss: 0.0277, Test Loss: 0.8010, Test Accuracy: 78.32%, Best Test Accuracy: 79.99%
Epoch 836, Train Loss: 0.0283, Test Loss: 0.8024, Test Accuracy: 78.46%, Best Test Accuracy: 79.99%
Epoch 837, Train Loss: 0.0295, Test Loss: 0.8004, Test Accuracy: 78.32%, Best Test Accuracy: 79.99%
Epoch 838, Train Loss: 0.0288, Test Loss: 0.7996, Test Accuracy: 78.46%, Best Test Accuracy: 79.99%
Epoch 839, Train Loss: 0.0279, Test Loss: 0.8000, Test Accuracy: 78.39%, Best Test Accuracy: 79.99%
Epoch 840, Train Loss: 0.0264, Test Loss: 0.8016, Test Accuracy: 78.26%, Best Test Accuracy: 79.99%
Epoch 841, Train Loss: 0.0275, Test Loss: 0.8041, Test Accuracy: 78.46%, Best Test Accuracy: 79.99%
Epoch 842, Train Loss: 0.0264, Test Loss: 0.8037, Test Accuracy: 78.26%, Best Test Accuracy: 79.99%
Epoch 843, Train Loss: 0.0276, Test Loss: 0.8045, Test Accuracy: 78.52%, Best Test Accuracy: 79.99%
Epoch 844, Train Loss: 0.0266, Test Loss: 0.8037, Test Accuracy: 78.26%, Best Test Accuracy: 79.99%
Epoch 845, Train Loss: 0.0288, Test Loss: 0.8029, Test Accuracy: 78.26%, Best Test Accuracy: 79.99%
Epoch 846, Train Loss: 0.0268, Test Loss: 0.8024, Test Accuracy: 78.32%, Best Test Accuracy: 79.99%
Epoch 847, Train Loss: 0.0284, Test Loss: 0.8014, Test Accuracy: 78.39%, Best Test Accuracy: 79.99%
Epoch 848, Train Loss: 0.0277, Test Loss: 0.8028, Test Accuracy: 78.39%, Best Test Accuracy: 79.99%
Epoch 849, Train Loss: 0.0265, Test Loss: 0.8020, Test Accuracy: 78.39%, Best Test Accuracy: 79.99%
Epoch 850, Train Loss: 0.0266, Test Loss: 0.8071, Test Accuracy: 78.52%, Best Test Accuracy: 79.99%
Epoch 851, Train Loss: 0.0263, Test Loss: 0.8049, Test Accuracy: 78.46%, Best Test Accuracy: 79.99%
Epoch 852, Train Loss: 0.0286, Test Loss: 0.8063, Test Accuracy: 78.46%, Best Test Accuracy: 79.99%
Epoch 853, Train Loss: 0.0275, Test Loss: 0.8050, Test Accuracy: 78.59%, Best Test Accuracy: 79.99%
Epoch 854, Train Loss: 0.0295, Test Loss: 0.8037, Test Accuracy: 78.52%, Best Test Accuracy: 79.99%
Epoch 855, Train Loss: 0.0268, Test Loss: 0.8039, Test Accuracy: 78.39%, Best Test Accuracy: 79.99%
Epoch 856, Train Loss: 0.0261, Test Loss: 0.8023, Test Accuracy: 78.26%, Best Test Accuracy: 79.99%
Epoch 857, Train Loss: 0.0265, Test Loss: 0.8027, Test Accuracy: 78.26%, Best Test Accuracy: 79.99%
Epoch 858, Train Loss: 0.0282, Test Loss: 0.8027, Test Accuracy: 78.32%, Best Test Accuracy: 79.99%
Epoch 859, Train Loss: 0.0258, Test Loss: 0.8028, Test Accuracy: 78.26%, Best Test Accuracy: 79.99%
Epoch 860, Train Loss: 0.0285, Test Loss: 0.8026, Test Accuracy: 78.19%, Best Test Accuracy: 79.99%
Traceback (most recent call last):
  File "/home/gyf/HC/Multimodal-Sentiment-Analysis/Pytorch/7992.py", line 268, in <module>
    train_loss, train_accuracy = train(model, train_loader, criterion, optimizer, device, lambda_L2=config.L2, lambda_L1=config.L1, epoch = epoch)
  File "/home/gyf/HC/Multimodal-Sentiment-Analysis/Pytorch/7992.py", line 128, in train
    loss.backward()
  File "/home/gyf/miniconda3/envs/SignLan/lib/python3.9/site-packages/torch/_tensor.py", line 522, in backward
    torch.autograd.backward(
  File "/home/gyf/miniconda3/envs/SignLan/lib/python3.9/site-packages/torch/autograd/__init__.py", line 266, in backward
    Variable._execution_engine.run_backward(  # Calls into the C++ engine to run the backward pass
KeyboardInterrupt
