Console output is being logged to: /home/gyf/HC/Multimodal-Sentiment-Analysis/Pytorch/record/np_05月17日_06时37分10秒.log
Config(version='For Mosi 7992', log_dir='../record', dropout_rate=0.7, batch_size=32, shuffle=True, learning_rate=0.0001, epochs=10000, random_seed=42, L1=1e-07, L2=1e-09)
Data loaded and processed.
Traceback (most recent call last):
  File "/home/gyf/HC/Multimodal-Sentiment-Analysis/Pytorch/7992_mosi_Mamba.py", line 287, in <module>
    train_loss, train_accuracy = train(model, train_loader, criterion, optimizer, device, lambda_L2=config.L2, lambda_L1=config.L1, epoch = epoch)
  File "/home/gyf/HC/Multimodal-Sentiment-Analysis/Pytorch/7992_mosi_Mamba.py", line 128, in train
    outputs = model(texts, audios, videos, masks)
  File "/home/gyf/miniconda3/envs/SignLan/lib/python3.9/site-packages/torch/nn/modules/module.py", line 1511, in _wrapped_call_impl
    return self._call_impl(*args, **kwargs)
  File "/home/gyf/miniconda3/envs/SignLan/lib/python3.9/site-packages/torch/nn/modules/module.py", line 1520, in _call_impl
    return forward_call(*args, **kwargs)
  File "/home/gyf/HC/Multimodal-Sentiment-Analysis/Pytorch/7992_mosi_Mamba.py", line 105, in forward
    audio_output = self.fusionBroadcast(audio_output, video_output, text_output)
  File "/home/gyf/miniconda3/envs/SignLan/lib/python3.9/site-packages/torch/nn/modules/module.py", line 1511, in _wrapped_call_impl
    return self._call_impl(*args, **kwargs)
  File "/home/gyf/miniconda3/envs/SignLan/lib/python3.9/site-packages/torch/nn/modules/module.py", line 1520, in _call_impl
    return forward_call(*args, **kwargs)
  File "/home/gyf/HC/Multimodal-Sentiment-Analysis/Pytorch/7992_mosi_Mamba.py", line 30, in forward
    audio_hidden = self.audio_linear(audio_feature)  # [batch_size, seq_len, hidden_dim]
  File "/home/gyf/miniconda3/envs/SignLan/lib/python3.9/site-packages/torch/nn/modules/module.py", line 1511, in _wrapped_call_impl
    return self._call_impl(*args, **kwargs)
  File "/home/gyf/miniconda3/envs/SignLan/lib/python3.9/site-packages/torch/nn/modules/module.py", line 1520, in _call_impl
    return forward_call(*args, **kwargs)
  File "/home/gyf/miniconda3/envs/SignLan/lib/python3.9/site-packages/torch/nn/modules/linear.py", line 116, in forward
    return F.linear(input, self.weight, self.bias)
RuntimeError: mat1 and mat2 shapes cannot be multiplied (2016x100 and 73x100)
